2025/11/26 13:17:59 - mmengine - INFO - 
------------------------------------------------------------
System environment:
    sys.platform: linux
    Python: 3.8.20 (default, Oct  3 2024, 15:24:27) [GCC 11.2.0]
    CUDA available: True
    MUSA available: False
    numpy_random_seed: 754217748
    GPU 0: NVIDIA GeForce RTX 4060 Laptop GPU
    CUDA_HOME: /usr/local/cuda-11.8
    NVCC: Cuda compilation tools, release 11.8, V11.8.89
    GCC: gcc (Ubuntu 9.4.0-1ubuntu1~20.04.2) 9.4.0
    PyTorch: 2.1.2+cu121
    PyTorch compiling details: PyTorch built with:
  - GCC 9.3
  - C++ Version: 201703
  - Intel(R) oneAPI Math Kernel Library Version 2022.2-Product Build 20220804 for Intel(R) 64 architecture applications
  - Intel(R) MKL-DNN v3.1.1 (Git Hash 64f6bcbcbab628e96f33a62c3e975f8535a7bde4)
  - OpenMP 201511 (a.k.a. OpenMP 4.5)
  - LAPACK is enabled (usually provided by MKL)
  - NNPACK is enabled
  - CPU capability usage: AVX512
  - CUDA Runtime 12.1
  - NVCC architecture flags: -gencode;arch=compute_50,code=sm_50;-gencode;arch=compute_60,code=sm_60;-gencode;arch=compute_70,code=sm_70;-gencode;arch=compute_75,code=sm_75;-gencode;arch=compute_80,code=sm_80;-gencode;arch=compute_86,code=sm_86;-gencode;arch=compute_90,code=sm_90
  - CuDNN 8.9.2
  - Magma 2.6.1
  - Build settings: BLAS_INFO=mkl, BUILD_TYPE=Release, CUDA_VERSION=12.1, CUDNN_VERSION=8.9.2, CXX_COMPILER=/opt/rh/devtoolset-9/root/usr/bin/c++, CXX_FLAGS= -D_GLIBCXX_USE_CXX11_ABI=0 -fabi-version=11 -fvisibility-inlines-hidden -DUSE_PTHREADPOOL -DNDEBUG -DUSE_KINETO -DLIBKINETO_NOROCTRACER -DUSE_FBGEMM -DUSE_QNNPACK -DUSE_PYTORCH_QNNPACK -DUSE_XNNPACK -DSYMBOLICATE_MOBILE_DEBUG_HANDLE -O2 -fPIC -Wall -Wextra -Werror=return-type -Werror=non-virtual-dtor -Werror=bool-operation -Wnarrowing -Wno-missing-field-initializers -Wno-type-limits -Wno-array-bounds -Wno-unknown-pragmas -Wno-unused-parameter -Wno-unused-function -Wno-unused-result -Wno-strict-overflow -Wno-strict-aliasing -Wno-stringop-overflow -Wno-psabi -Wno-error=pedantic -Wno-error=old-style-cast -Wno-invalid-partial-specialization -Wno-unused-private-field -Wno-aligned-allocation-unavailable -Wno-missing-braces -fdiagnostics-color=always -faligned-new -Wno-unused-but-set-variable -Wno-maybe-uninitialized -fno-math-errno -fno-trapping-math -Werror=format -Werror=cast-function-type -Wno-stringop-overflow, LAPACK_INFO=mkl, PERF_WITH_AVX=1, PERF_WITH_AVX2=1, PERF_WITH_AVX512=1, TORCH_DISABLE_GPU_ASSERTS=ON, TORCH_VERSION=2.1.2, USE_CUDA=ON, USE_CUDNN=ON, USE_EXCEPTION_PTR=1, USE_GFLAGS=OFF, USE_GLOG=OFF, USE_MKL=ON, USE_MKLDNN=ON, USE_MPI=OFF, USE_NCCL=1, USE_NNPACK=ON, USE_OPENMP=ON, USE_ROCM=OFF, 

    TorchVision: 0.16.2+cu121
    OpenCV: 4.12.0
    MMEngine: 0.10.7

Runtime environment:
    cudnn_benchmark: False
    mp_cfg: {'mp_start_method': 'fork', 'opencv_num_threads': 0}
    dist_cfg: {'backend': 'nccl'}
    seed: 754217748
    Distributed launcher: none
    Distributed training: False
    GPU number: 1
------------------------------------------------------------

2025/11/26 13:17:59 - mmengine - INFO - Config:
auto_scale_lr = dict(base_batch_size=6)
default_hooks = dict(
    checkpoint=dict(interval=20, type='CheckpointHook'),
    logger=dict(interval=5, type='LoggerHook'),
    param_scheduler=dict(type='ParamSchedulerHook'),
    sampler_seed=dict(type='DistSamplerSeedHook'),
    sync_buffer=dict(type='SyncBuffersHook'),
    timer=dict(type='IterTimerHook'),
    visualization=dict(
        draw_gt=False,
        draw_pred=False,
        enable=False,
        interval=1,
        show=False,
        type='VisualizationHook'))
default_scope = 'mmocr'
env_cfg = dict(
    cudnn_benchmark=False,
    dist_cfg=dict(backend='nccl'),
    mp_cfg=dict(mp_start_method='fork', opencv_num_threads=0))
launcher = 'none'
load_from = None
log_level = 'INFO'
log_processor = dict(by_epoch=True, type='LogProcessor', window_size=10)
model = dict(
    backbone=dict(
        depth=18,
        frozen_stages=-1,
        init_cfg=dict(checkpoint='torchvision://resnet18', type='Pretrained'),
        norm_cfg=dict(requires_grad=True, type='BN'),
        norm_eval=False,
        num_stages=4,
        out_indices=(
            0,
            1,
            2,
            3,
        ),
        style='pytorch',
        type='mmdet.ResNet'),
    data_preprocessor=dict(
        bgr_to_rgb=True,
        mean=[
            123.675,
            116.28,
            103.53,
        ],
        pad_size_divisor=32,
        std=[
            58.395,
            57.12,
            57.375,
        ],
        type='TextDetDataPreprocessor'),
    det_head=dict(
        in_channels=256,
        module_loss=dict(type='DBModuleLoss'),
        postprocessor=dict(
            epsilon_ratio=0.002, text_repr_type='quad',
            type='DBPostprocessor'),
        type='DBHead'),
    neck=dict(
        asf_cfg=dict(attention_type='ScaleChannelSpatial'),
        in_channels=[
            64,
            128,
            256,
            512,
        ],
        lateral_channels=256,
        type='FPNC'),
    type='DBNet')
optim_wrapper = dict(
    loss_scale='dynamic',
    optimizer=dict(lr=0.007, momentum=0.9, type='SGD', weight_decay=0.0001),
    type='AmpOptimWrapper')
param_scheduler = [
    dict(end=1200, eta_min=1e-07, power=0.9, type='PolyLR'),
]
randomness = dict(seed=None)
resume = False
test_cfg = dict(type='TestLoop')
test_dataloader = dict(
    batch_size=4,
    dataset=dict(
        datasets=[
            dict(
                ann_file='instances_val.json',
                data_root='data/textdet_pretrain_lsvt_ctw',
                pipeline=None,
                test_mode=True,
                type='OCRDataset'),
        ],
        pipeline=[
            dict(
                color_type='color_ignore_orientation',
                type='LoadImageFromFile'),
            dict(keep_ratio=True, scale=(
                4068,
                1024,
            ), type='Resize'),
            dict(
                type='LoadOCRAnnotations',
                with_bbox=True,
                with_label=True,
                with_polygon=True),
            dict(
                meta_keys=(
                    'img_path',
                    'ori_shape',
                    'img_shape',
                    'scale_factor',
                    'instances',
                ),
                type='PackTextDetInputs'),
        ],
        type='ConcatDataset'),
    num_workers=4,
    persistent_workers=True,
    sampler=dict(shuffle=False, type='DefaultSampler'))
test_evaluator = dict(type='HmeanIOUMetric')
test_list = [
    dict(
        ann_file='instances_val.json',
        data_root='data/textdet_pretrain_lsvt_ctw',
        pipeline=None,
        test_mode=True,
        type='OCRDataset'),
]
test_pipeline = [
    dict(color_type='color_ignore_orientation', type='LoadImageFromFile'),
    dict(keep_ratio=True, scale=(
        4068,
        1024,
    ), type='Resize'),
    dict(
        type='LoadOCRAnnotations',
        with_bbox=True,
        with_label=True,
        with_polygon=True),
    dict(
        meta_keys=(
            'img_path',
            'ori_shape',
            'img_shape',
            'scale_factor',
            'instances',
        ),
        type='PackTextDetInputs'),
]
textdet_lsvt_ctw_data_root = 'data/textdet_pretrain_lsvt_ctw'
textdet_lsvt_ctw_test = dict(
    ann_file='instances_val.json',
    data_root='data/textdet_pretrain_lsvt_ctw',
    pipeline=None,
    test_mode=True,
    type='OCRDataset')
textdet_lsvt_ctw_train = dict(
    ann_file='instances_train.json',
    data_root='data/textdet_pretrain_lsvt_ctw',
    filter_cfg=dict(filter_empty_gt=True, min_size=32),
    pipeline=None,
    type='OCRDataset')
train_cfg = dict(max_epochs=1200, type='EpochBasedTrainLoop', val_interval=20)
train_dataloader = dict(
    batch_size=6,
    dataset=dict(
        datasets=[
            dict(
                ann_file='instances_train.json',
                data_root='data/textdet_pretrain_lsvt_ctw',
                filter_cfg=dict(filter_empty_gt=True, min_size=32),
                pipeline=None,
                type='OCRDataset'),
        ],
        pipeline=[
            dict(
                color_type='color_ignore_orientation',
                type='LoadImageFromFile'),
            dict(
                type='LoadOCRAnnotations',
                with_bbox=True,
                with_label=True,
                with_polygon=True),
            dict(
                brightness=0.12549019607843137,
                op='ColorJitter',
                saturation=0.5,
                type='TorchVisionWrapper'),
            dict(
                args=[
                    [
                        'Fliplr',
                        0.5,
                    ],
                    dict(cls='Affine', rotate=[
                        -10,
                        10,
                    ]),
                    [
                        'Resize',
                        [
                            0.5,
                            3.0,
                        ],
                    ],
                ],
                type='ImgAugWrapper'),
            dict(min_side_ratio=0.1, type='RandomCrop'),
            dict(keep_ratio=True, scale=(
                640,
                640,
            ), type='Resize'),
            dict(size=(
                640,
                640,
            ), type='Pad'),
            dict(
                meta_keys=(
                    'img_path',
                    'ori_shape',
                    'img_shape',
                ),
                type='PackTextDetInputs'),
        ],
        type='ConcatDataset'),
    num_workers=4,
    persistent_workers=True,
    sampler=dict(shuffle=True, type='DefaultSampler'))
train_list = [
    dict(
        ann_file='instances_train.json',
        data_root='data/textdet_pretrain_lsvt_ctw',
        filter_cfg=dict(filter_empty_gt=True, min_size=32),
        pipeline=None,
        type='OCRDataset'),
]
train_pipeline = [
    dict(color_type='color_ignore_orientation', type='LoadImageFromFile'),
    dict(
        type='LoadOCRAnnotations',
        with_bbox=True,
        with_label=True,
        with_polygon=True),
    dict(
        brightness=0.12549019607843137,
        op='ColorJitter',
        saturation=0.5,
        type='TorchVisionWrapper'),
    dict(
        args=[
            [
                'Fliplr',
                0.5,
            ],
            dict(cls='Affine', rotate=[
                -10,
                10,
            ]),
            [
                'Resize',
                [
                    0.5,
                    3.0,
                ],
            ],
        ],
        type='ImgAugWrapper'),
    dict(min_side_ratio=0.1, type='RandomCrop'),
    dict(keep_ratio=True, scale=(
        640,
        640,
    ), type='Resize'),
    dict(size=(
        640,
        640,
    ), type='Pad'),
    dict(
        meta_keys=(
            'img_path',
            'ori_shape',
            'img_shape',
        ),
        type='PackTextDetInputs'),
]
val_cfg = dict(type='ValLoop')
val_dataloader = dict(
    batch_size=4,
    dataset=dict(
        datasets=[
            dict(
                ann_file='instances_val.json',
                data_root='data/textdet_pretrain_lsvt_ctw',
                pipeline=None,
                test_mode=True,
                type='OCRDataset'),
        ],
        pipeline=[
            dict(
                color_type='color_ignore_orientation',
                type='LoadImageFromFile'),
            dict(keep_ratio=True, scale=(
                4068,
                1024,
            ), type='Resize'),
            dict(
                type='LoadOCRAnnotations',
                with_bbox=True,
                with_label=True,
                with_polygon=True),
            dict(
                meta_keys=(
                    'img_path',
                    'ori_shape',
                    'img_shape',
                    'scale_factor',
                    'instances',
                ),
                type='PackTextDetInputs'),
        ],
        type='ConcatDataset'),
    num_workers=4,
    persistent_workers=True,
    sampler=dict(shuffle=False, type='DefaultSampler'))
val_evaluator = dict(type='HmeanIOUMetric')
vis_backends = [
    dict(type='LocalVisBackend'),
]
visualizer = dict(
    name='visualizer',
    type='TextDetLocalVisualizer',
    vis_backends=[
        dict(type='LocalVisBackend'),
    ])
work_dir = 'work_dirs/dbnetpp_r18_pretrain_lsvt_ctw'

2025/11/26 13:18:00 - mmengine - INFO - Distributed training is not used, all SyncBatchNorm (SyncBN) layers in the model will be automatically reverted to BatchNormXd layers if they are used.
2025/11/26 13:18:00 - mmengine - INFO - Hooks will be executed in the following order:
before_run:
(VERY_HIGH   ) RuntimeInfoHook                    
(BELOW_NORMAL) LoggerHook                         
 -------------------- 
before_train:
(VERY_HIGH   ) RuntimeInfoHook                    
(NORMAL      ) IterTimerHook                      
(VERY_LOW    ) CheckpointHook                     
 -------------------- 
before_train_epoch:
(VERY_HIGH   ) RuntimeInfoHook                    
(NORMAL      ) IterTimerHook                      
(NORMAL      ) DistSamplerSeedHook                
 -------------------- 
before_train_iter:
(VERY_HIGH   ) RuntimeInfoHook                    
(NORMAL      ) IterTimerHook                      
 -------------------- 
after_train_iter:
(VERY_HIGH   ) RuntimeInfoHook                    
(NORMAL      ) IterTimerHook                      
(BELOW_NORMAL) LoggerHook                         
(LOW         ) ParamSchedulerHook                 
(VERY_LOW    ) CheckpointHook                     
 -------------------- 
after_train_epoch:
(NORMAL      ) IterTimerHook                      
(NORMAL      ) SyncBuffersHook                    
(LOW         ) ParamSchedulerHook                 
(VERY_LOW    ) CheckpointHook                     
 -------------------- 
before_val:
(VERY_HIGH   ) RuntimeInfoHook                    
 -------------------- 
before_val_epoch:
(NORMAL      ) IterTimerHook                      
(NORMAL      ) SyncBuffersHook                    
 -------------------- 
before_val_iter:
(NORMAL      ) IterTimerHook                      
 -------------------- 
after_val_iter:
(NORMAL      ) IterTimerHook                      
(NORMAL      ) VisualizationHook                  
(BELOW_NORMAL) LoggerHook                         
 -------------------- 
after_val_epoch:
(VERY_HIGH   ) RuntimeInfoHook                    
(NORMAL      ) IterTimerHook                      
(BELOW_NORMAL) LoggerHook                         
(LOW         ) ParamSchedulerHook                 
(VERY_LOW    ) CheckpointHook                     
 -------------------- 
after_val:
(VERY_HIGH   ) RuntimeInfoHook                    
 -------------------- 
after_train:
(VERY_HIGH   ) RuntimeInfoHook                    
(VERY_LOW    ) CheckpointHook                     
 -------------------- 
before_test:
(VERY_HIGH   ) RuntimeInfoHook                    
 -------------------- 
before_test_epoch:
(NORMAL      ) IterTimerHook                      
 -------------------- 
before_test_iter:
(NORMAL      ) IterTimerHook                      
 -------------------- 
after_test_iter:
(NORMAL      ) IterTimerHook                      
(NORMAL      ) VisualizationHook                  
(BELOW_NORMAL) LoggerHook                         
 -------------------- 
after_test_epoch:
(VERY_HIGH   ) RuntimeInfoHook                    
(NORMAL      ) IterTimerHook                      
(BELOW_NORMAL) LoggerHook                         
 -------------------- 
after_test:
(VERY_HIGH   ) RuntimeInfoHook                    
 -------------------- 
after_run:
(BELOW_NORMAL) LoggerHook                         
 -------------------- 
2025/11/26 13:18:11 - mmengine - INFO - load model from: torchvision://resnet18
2025/11/26 13:18:11 - mmengine - INFO - Loads checkpoint by torchvision backend from path: torchvision://resnet18
2025/11/26 13:18:11 - mmengine - WARNING - The model and loaded state dict do not match exactly

unexpected key in source state_dict: fc.weight, fc.bias

Name of parameter - Initialization information

backbone.conv1.weight - torch.Size([64, 3, 7, 7]): 
PretrainedInit: load from torchvision://resnet18 

backbone.bn1.weight - torch.Size([64]): 
PretrainedInit: load from torchvision://resnet18 

backbone.bn1.bias - torch.Size([64]): 
PretrainedInit: load from torchvision://resnet18 

backbone.layer1.0.conv1.weight - torch.Size([64, 64, 3, 3]): 
PretrainedInit: load from torchvision://resnet18 

backbone.layer1.0.bn1.weight - torch.Size([64]): 
PretrainedInit: load from torchvision://resnet18 

backbone.layer1.0.bn1.bias - torch.Size([64]): 
PretrainedInit: load from torchvision://resnet18 

backbone.layer1.0.conv2.weight - torch.Size([64, 64, 3, 3]): 
PretrainedInit: load from torchvision://resnet18 

backbone.layer1.0.bn2.weight - torch.Size([64]): 
PretrainedInit: load from torchvision://resnet18 

backbone.layer1.0.bn2.bias - torch.Size([64]): 
PretrainedInit: load from torchvision://resnet18 

backbone.layer1.1.conv1.weight - torch.Size([64, 64, 3, 3]): 
PretrainedInit: load from torchvision://resnet18 

backbone.layer1.1.bn1.weight - torch.Size([64]): 
PretrainedInit: load from torchvision://resnet18 

backbone.layer1.1.bn1.bias - torch.Size([64]): 
PretrainedInit: load from torchvision://resnet18 

backbone.layer1.1.conv2.weight - torch.Size([64, 64, 3, 3]): 
PretrainedInit: load from torchvision://resnet18 

backbone.layer1.1.bn2.weight - torch.Size([64]): 
PretrainedInit: load from torchvision://resnet18 

backbone.layer1.1.bn2.bias - torch.Size([64]): 
PretrainedInit: load from torchvision://resnet18 

backbone.layer2.0.conv1.weight - torch.Size([128, 64, 3, 3]): 
PretrainedInit: load from torchvision://resnet18 

backbone.layer2.0.bn1.weight - torch.Size([128]): 
PretrainedInit: load from torchvision://resnet18 

backbone.layer2.0.bn1.bias - torch.Size([128]): 
PretrainedInit: load from torchvision://resnet18 

backbone.layer2.0.conv2.weight - torch.Size([128, 128, 3, 3]): 
PretrainedInit: load from torchvision://resnet18 

backbone.layer2.0.bn2.weight - torch.Size([128]): 
PretrainedInit: load from torchvision://resnet18 

backbone.layer2.0.bn2.bias - torch.Size([128]): 
PretrainedInit: load from torchvision://resnet18 

backbone.layer2.0.downsample.0.weight - torch.Size([128, 64, 1, 1]): 
PretrainedInit: load from torchvision://resnet18 

backbone.layer2.0.downsample.1.weight - torch.Size([128]): 
PretrainedInit: load from torchvision://resnet18 

backbone.layer2.0.downsample.1.bias - torch.Size([128]): 
PretrainedInit: load from torchvision://resnet18 

backbone.layer2.1.conv1.weight - torch.Size([128, 128, 3, 3]): 
PretrainedInit: load from torchvision://resnet18 

backbone.layer2.1.bn1.weight - torch.Size([128]): 
PretrainedInit: load from torchvision://resnet18 

backbone.layer2.1.bn1.bias - torch.Size([128]): 
PretrainedInit: load from torchvision://resnet18 

backbone.layer2.1.conv2.weight - torch.Size([128, 128, 3, 3]): 
PretrainedInit: load from torchvision://resnet18 

backbone.layer2.1.bn2.weight - torch.Size([128]): 
PretrainedInit: load from torchvision://resnet18 

backbone.layer2.1.bn2.bias - torch.Size([128]): 
PretrainedInit: load from torchvision://resnet18 

backbone.layer3.0.conv1.weight - torch.Size([256, 128, 3, 3]): 
PretrainedInit: load from torchvision://resnet18 

backbone.layer3.0.bn1.weight - torch.Size([256]): 
PretrainedInit: load from torchvision://resnet18 

backbone.layer3.0.bn1.bias - torch.Size([256]): 
PretrainedInit: load from torchvision://resnet18 

backbone.layer3.0.conv2.weight - torch.Size([256, 256, 3, 3]): 
PretrainedInit: load from torchvision://resnet18 

backbone.layer3.0.bn2.weight - torch.Size([256]): 
PretrainedInit: load from torchvision://resnet18 

backbone.layer3.0.bn2.bias - torch.Size([256]): 
PretrainedInit: load from torchvision://resnet18 

backbone.layer3.0.downsample.0.weight - torch.Size([256, 128, 1, 1]): 
PretrainedInit: load from torchvision://resnet18 

backbone.layer3.0.downsample.1.weight - torch.Size([256]): 
PretrainedInit: load from torchvision://resnet18 

backbone.layer3.0.downsample.1.bias - torch.Size([256]): 
PretrainedInit: load from torchvision://resnet18 

backbone.layer3.1.conv1.weight - torch.Size([256, 256, 3, 3]): 
PretrainedInit: load from torchvision://resnet18 

backbone.layer3.1.bn1.weight - torch.Size([256]): 
PretrainedInit: load from torchvision://resnet18 

backbone.layer3.1.bn1.bias - torch.Size([256]): 
PretrainedInit: load from torchvision://resnet18 

backbone.layer3.1.conv2.weight - torch.Size([256, 256, 3, 3]): 
PretrainedInit: load from torchvision://resnet18 

backbone.layer3.1.bn2.weight - torch.Size([256]): 
PretrainedInit: load from torchvision://resnet18 

backbone.layer3.1.bn2.bias - torch.Size([256]): 
PretrainedInit: load from torchvision://resnet18 

backbone.layer4.0.conv1.weight - torch.Size([512, 256, 3, 3]): 
PretrainedInit: load from torchvision://resnet18 

backbone.layer4.0.bn1.weight - torch.Size([512]): 
PretrainedInit: load from torchvision://resnet18 

backbone.layer4.0.bn1.bias - torch.Size([512]): 
PretrainedInit: load from torchvision://resnet18 

backbone.layer4.0.conv2.weight - torch.Size([512, 512, 3, 3]): 
PretrainedInit: load from torchvision://resnet18 

backbone.layer4.0.bn2.weight - torch.Size([512]): 
PretrainedInit: load from torchvision://resnet18 

backbone.layer4.0.bn2.bias - torch.Size([512]): 
PretrainedInit: load from torchvision://resnet18 

backbone.layer4.0.downsample.0.weight - torch.Size([512, 256, 1, 1]): 
PretrainedInit: load from torchvision://resnet18 

backbone.layer4.0.downsample.1.weight - torch.Size([512]): 
PretrainedInit: load from torchvision://resnet18 

backbone.layer4.0.downsample.1.bias - torch.Size([512]): 
PretrainedInit: load from torchvision://resnet18 

backbone.layer4.1.conv1.weight - torch.Size([512, 512, 3, 3]): 
PretrainedInit: load from torchvision://resnet18 

backbone.layer4.1.bn1.weight - torch.Size([512]): 
PretrainedInit: load from torchvision://resnet18 

backbone.layer4.1.bn1.bias - torch.Size([512]): 
PretrainedInit: load from torchvision://resnet18 

backbone.layer4.1.conv2.weight - torch.Size([512, 512, 3, 3]): 
PretrainedInit: load from torchvision://resnet18 

backbone.layer4.1.bn2.weight - torch.Size([512]): 
PretrainedInit: load from torchvision://resnet18 

backbone.layer4.1.bn2.bias - torch.Size([512]): 
PretrainedInit: load from torchvision://resnet18 

neck.lateral_convs.0.conv.weight - torch.Size([256, 64, 1, 1]): 
Initialized by user-defined `init_weights` in ConvModule  

neck.lateral_convs.1.conv.weight - torch.Size([256, 128, 1, 1]): 
Initialized by user-defined `init_weights` in ConvModule  

neck.lateral_convs.2.conv.weight - torch.Size([256, 256, 1, 1]): 
Initialized by user-defined `init_weights` in ConvModule  

neck.lateral_convs.3.conv.weight - torch.Size([256, 512, 1, 1]): 
Initialized by user-defined `init_weights` in ConvModule  

neck.smooth_convs.0.conv.weight - torch.Size([64, 256, 3, 3]): 
Initialized by user-defined `init_weights` in ConvModule  

neck.smooth_convs.1.conv.weight - torch.Size([64, 256, 3, 3]): 
Initialized by user-defined `init_weights` in ConvModule  

neck.smooth_convs.2.conv.weight - torch.Size([64, 256, 3, 3]): 
Initialized by user-defined `init_weights` in ConvModule  

neck.smooth_convs.3.conv.weight - torch.Size([64, 256, 3, 3]): 
Initialized by user-defined `init_weights` in ConvModule  

neck.asf_conv.conv.weight - torch.Size([256, 256, 3, 3]): 
Initialized by user-defined `init_weights` in ConvModule  

neck.asf_conv.conv.bias - torch.Size([256]): 
The value is the same before and after calling `init_weights` of DBNet  

neck.asf_attn.channel_wise.0.conv.weight - torch.Size([64, 256, 1, 1]): 
Initialized by user-defined `init_weights` in ConvModule  

neck.asf_attn.channel_wise.1.conv.weight - torch.Size([256, 64, 1, 1]): 
Initialized by user-defined `init_weights` in ConvModule  

neck.asf_attn.spatial_wise.0.conv.weight - torch.Size([1, 1, 3, 3]): 
Initialized by user-defined `init_weights` in ConvModule  

neck.asf_attn.spatial_wise.1.conv.weight - torch.Size([1, 1, 1, 1]): 
Initialized by user-defined `init_weights` in ConvModule  

neck.asf_attn.attention_wise.conv.weight - torch.Size([4, 256, 1, 1]): 
Initialized by user-defined `init_weights` in ConvModule  

det_head.binarize.0.weight - torch.Size([64, 256, 3, 3]): 
The value is the same before and after calling `init_weights` of DBNet  

det_head.binarize.1.weight - torch.Size([64]): 
The value is the same before and after calling `init_weights` of DBNet  

det_head.binarize.1.bias - torch.Size([64]): 
The value is the same before and after calling `init_weights` of DBNet  

det_head.binarize.3.weight - torch.Size([64, 64, 2, 2]): 
The value is the same before and after calling `init_weights` of DBNet  

det_head.binarize.3.bias - torch.Size([64]): 
The value is the same before and after calling `init_weights` of DBNet  

det_head.binarize.4.weight - torch.Size([64]): 
The value is the same before and after calling `init_weights` of DBNet  

det_head.binarize.4.bias - torch.Size([64]): 
The value is the same before and after calling `init_weights` of DBNet  

det_head.binarize.6.weight - torch.Size([64, 1, 2, 2]): 
The value is the same before and after calling `init_weights` of DBNet  

det_head.binarize.6.bias - torch.Size([1]): 
The value is the same before and after calling `init_weights` of DBNet  

det_head.threshold.0.weight - torch.Size([64, 256, 3, 3]): 
The value is the same before and after calling `init_weights` of DBNet  

det_head.threshold.1.weight - torch.Size([64]): 
The value is the same before and after calling `init_weights` of DBNet  

det_head.threshold.1.bias - torch.Size([64]): 
The value is the same before and after calling `init_weights` of DBNet  

det_head.threshold.3.weight - torch.Size([64, 64, 2, 2]): 
The value is the same before and after calling `init_weights` of DBNet  

det_head.threshold.3.bias - torch.Size([64]): 
The value is the same before and after calling `init_weights` of DBNet  

det_head.threshold.4.weight - torch.Size([64]): 
The value is the same before and after calling `init_weights` of DBNet  

det_head.threshold.4.bias - torch.Size([64]): 
The value is the same before and after calling `init_weights` of DBNet  

det_head.threshold.6.weight - torch.Size([64, 1, 2, 2]): 
The value is the same before and after calling `init_weights` of DBNet  

det_head.threshold.6.bias - torch.Size([1]): 
The value is the same before and after calling `init_weights` of DBNet  
2025/11/26 13:18:12 - mmengine - WARNING - "FileClient" will be deprecated in future. Please use io functions in https://mmengine.readthedocs.io/en/latest/api/fileio.html#file-io
2025/11/26 13:18:12 - mmengine - WARNING - "HardDiskBackend" is the alias of "LocalBackend" and the former will be deprecated in future.
2025/11/26 13:18:12 - mmengine - INFO - Checkpoints will be saved to /home/yzy/mmocr/work_dirs/dbnetpp_r18_pretrain_lsvt_ctw.
2025/11/26 13:18:16 - mmengine - INFO - Epoch(train)    [1][   5/8234]  lr: 7.0000e-03  eta: 104 days, 8:00:18  time: 0.9123  data_time: 0.2295  memory: 1812  loss: 16.5606  loss_prob: 13.1437  loss_thr: 2.4400  loss_db: 0.9769
2025/11/26 13:18:18 - mmengine - INFO - Epoch(train)    [1][  10/8234]  lr: 7.0000e-03  eta: 69 days, 19:25:32  time: 0.6104  data_time: 0.1209  memory: 1812  loss: 11.8527  loss_prob: 8.9473  loss_thr: 1.9243  loss_db: 0.9811
2025/11/26 13:18:19 - mmengine - INFO - Epoch(train)    [1][  15/8234]  lr: 7.0000e-03  eta: 58 days, 3:48:23  time: 0.3067  data_time: 0.0126  memory: 1812  loss: 6.3028  loss_prob: 4.0024  loss_thr: 1.3088  loss_db: 0.9916
2025/11/26 13:18:21 - mmengine - INFO - Epoch(train)    [1][  20/8234]  lr: 7.0000e-03  eta: 51 days, 10:49:14  time: 0.2894  data_time: 0.0130  memory: 1812  loss: 5.3105  loss_prob: 3.1229  loss_thr: 1.1893  loss_db: 0.9984
2025/11/26 13:18:22 - mmengine - INFO - Epoch(train)    [1][  25/8234]  lr: 7.0000e-03  eta: 47 days, 15:05:20  time: 0.2784  data_time: 0.0128  memory: 1812  loss: 5.1059  loss_prob: 2.9465  loss_thr: 1.1600  loss_db: 0.9994
2025/11/26 13:18:24 - mmengine - INFO - Epoch(train)    [1][  30/8234]  lr: 7.0000e-03  eta: 45 days, 18:13:09  time: 0.3006  data_time: 0.0145  memory: 1812  loss: 5.0456  loss_prob: 2.8951  loss_thr: 1.1505  loss_db: 1.0000
2025/11/26 13:18:25 - mmengine - INFO - Epoch(train)    [1][  35/8234]  lr: 7.0000e-03  eta: 44 days, 7:00:48  time: 0.3144  data_time: 0.0148  memory: 1812  loss: 5.0384  loss_prob: 2.8821  loss_thr: 1.1563  loss_db: 1.0000
2025/11/26 13:18:27 - mmengine - INFO - Epoch(train)    [1][  40/8234]  lr: 7.0000e-03  eta: 42 days, 19:21:41  time: 0.2969  data_time: 0.0112  memory: 1812  loss: 5.0247  loss_prob: 2.8632  loss_thr: 1.1615  loss_db: 1.0000
2025/11/26 13:18:28 - mmengine - INFO - Epoch(train)    [1][  45/8234]  lr: 7.0000e-03  eta: 41 days, 10:27:18  time: 0.2749  data_time: 0.0124  memory: 1812  loss: 4.9967  loss_prob: 2.8430  loss_thr: 1.1537  loss_db: 1.0000
2025/11/26 13:18:30 - mmengine - INFO - Epoch(train)    [1][  50/8234]  lr: 7.0000e-03  eta: 41 days, 5:26:03  time: 0.3052  data_time: 0.0164  memory: 1812  loss: 4.9789  loss_prob: 2.8296  loss_thr: 1.1493  loss_db: 1.0000
2025/11/26 13:18:31 - mmengine - INFO - Epoch(train)    [1][  55/8234]  lr: 7.0000e-03  eta: 40 days, 14:58:21  time: 0.3233  data_time: 0.0171  memory: 1812  loss: 4.9760  loss_prob: 2.8226  loss_thr: 1.1534  loss_db: 1.0000
2025/11/26 13:18:33 - mmengine - INFO - Epoch(train)    [1][  60/8234]  lr: 7.0000e-03  eta: 39 days, 23:44:16  time: 0.2956  data_time: 0.0148  memory: 1812  loss: 4.9982  loss_prob: 2.8387  loss_thr: 1.1595  loss_db: 1.0000
2025/11/26 13:18:34 - mmengine - INFO - Epoch(train)    [1][  65/8234]  lr: 7.0000e-03  eta: 39 days, 8:32:37  time: 0.2832  data_time: 0.0122  memory: 1812  loss: 4.9957  loss_prob: 2.8433  loss_thr: 1.1525  loss_db: 1.0000
2025/11/26 13:18:35 - mmengine - INFO - Epoch(train)    [1][  70/8234]  lr: 7.0000e-03  eta: 38 days, 22:15:10  time: 0.2847  data_time: 0.0126  memory: 1812  loss: 4.9909  loss_prob: 2.8456  loss_thr: 1.1454  loss_db: 1.0000
2025/11/26 13:18:37 - mmengine - INFO - Epoch(train)    [1][  75/8234]  lr: 7.0000e-03  eta: 38 days, 19:00:58  time: 0.3072  data_time: 0.0132  memory: 1812  loss: 4.9868  loss_prob: 2.8397  loss_thr: 1.1471  loss_db: 1.0000
2025/11/26 13:18:39 - mmengine - INFO - Epoch(train)    [1][  80/8234]  lr: 7.0000e-03  eta: 38 days, 12:47:39  time: 0.3128  data_time: 0.0132  memory: 1812  loss: 4.9691  loss_prob: 2.8188  loss_thr: 1.1504  loss_db: 1.0000
2025/11/26 13:18:40 - mmengine - INFO - Epoch(train)    [1][  85/8234]  lr: 7.0000e-03  eta: 38 days, 12:59:13  time: 0.3205  data_time: 0.0132  memory: 1812  loss: 4.9663  loss_prob: 2.8182  loss_thr: 1.1481  loss_db: 1.0000
2025/11/26 13:18:42 - mmengine - INFO - Epoch(train)    [1][  90/8234]  lr: 7.0000e-03  eta: 38 days, 20:13:59  time: 0.3613  data_time: 0.0134  memory: 1812  loss: 4.9539  loss_prob: 2.8167  loss_thr: 1.1372  loss_db: 1.0000
2025/11/26 13:18:44 - mmengine - INFO - Epoch(train)    [1][  95/8234]  lr: 7.0000e-03  eta: 38 days, 10:51:34  time: 0.3297  data_time: 0.0147  memory: 1812  loss: 4.9659  loss_prob: 2.8183  loss_thr: 1.1476  loss_db: 1.0000
2025/11/26 13:18:45 - mmengine - INFO - Epoch(train)    [1][ 100/8234]  lr: 7.0000e-03  eta: 38 days, 6:40:34  time: 0.2903  data_time: 0.0176  memory: 1812  loss: 4.9721  loss_prob: 2.8180  loss_thr: 1.1541  loss_db: 1.0000
2025/11/26 13:18:46 - mmengine - INFO - Epoch(train)    [1][ 105/8234]  lr: 7.0000e-03  eta: 38 days, 0:26:50  time: 0.2964  data_time: 0.0153  memory: 1812  loss: 4.9617  loss_prob: 2.8154  loss_thr: 1.1463  loss_db: 1.0000
2025/11/26 13:18:48 - mmengine - INFO - Epoch(train)    [1][ 110/8234]  lr: 7.0000e-03  eta: 38 days, 0:39:15  time: 0.3106  data_time: 0.0114  memory: 1812  loss: 4.9589  loss_prob: 2.8145  loss_thr: 1.1444  loss_db: 1.0000
2025/11/26 13:18:50 - mmengine - INFO - Epoch(train)    [1][ 115/8234]  lr: 7.0000e-03  eta: 37 days, 20:08:05  time: 0.3144  data_time: 0.0138  memory: 1812  loss: 4.9559  loss_prob: 2.8141  loss_thr: 1.1417  loss_db: 1.0000
2025/11/26 13:18:51 - mmengine - INFO - Epoch(train)    [1][ 120/8234]  lr: 7.0000e-03  eta: 37 days, 23:40:16  time: 0.3282  data_time: 0.0190  memory: 1812  loss: 4.9532  loss_prob: 2.8141  loss_thr: 1.1391  loss_db: 1.0000
2025/11/26 13:18:53 - mmengine - INFO - Epoch(train)    [1][ 125/8234]  lr: 7.0000e-03  eta: 37 days, 19:51:54  time: 0.3297  data_time: 0.0181  memory: 1812  loss: 4.9679  loss_prob: 2.8189  loss_thr: 1.1491  loss_db: 1.0000
2025/11/26 13:18:54 - mmengine - INFO - Epoch(train)    [1][ 130/8234]  lr: 7.0000e-03  eta: 37 days, 16:44:29  time: 0.2993  data_time: 0.0123  memory: 1812  loss: 4.9728  loss_prob: 2.8186  loss_thr: 1.1542  loss_db: 1.0000
2025/11/26 13:18:56 - mmengine - INFO - Epoch(train)    [1][ 135/8234]  lr: 7.0000e-03  eta: 37 days, 11:28:37  time: 0.2895  data_time: 0.0168  memory: 1812  loss: 4.9634  loss_prob: 2.8137  loss_thr: 1.1498  loss_db: 1.0000
2025/11/26 13:18:57 - mmengine - INFO - Epoch(train)    [1][ 140/8234]  lr: 7.0000e-03  eta: 37 days, 8:06:12  time: 0.2856  data_time: 0.0182  memory: 1812  loss: 4.9579  loss_prob: 2.8136  loss_thr: 1.1443  loss_db: 1.0000
2025/11/26 13:18:59 - mmengine - INFO - Epoch(train)    [1][ 145/8234]  lr: 7.0000e-03  eta: 37 days, 2:48:23  time: 0.2819  data_time: 0.0144  memory: 1812  loss: 4.9464  loss_prob: 2.8132  loss_thr: 1.1332  loss_db: 1.0000
2025/11/26 13:19:00 - mmengine - INFO - Epoch(train)    [1][ 150/8234]  lr: 7.0000e-03  eta: 37 days, 0:00:38  time: 0.2823  data_time: 0.0140  memory: 1812  loss: 4.9477  loss_prob: 2.8131  loss_thr: 1.1346  loss_db: 1.0000
2025/11/26 13:19:02 - mmengine - INFO - Epoch(train)    [1][ 155/8234]  lr: 7.0000e-03  eta: 36 days, 23:51:40  time: 0.3079  data_time: 0.0168  memory: 1812  loss: 4.9456  loss_prob: 2.8153  loss_thr: 1.1304  loss_db: 0.9998
2025/11/26 13:19:03 - mmengine - INFO - Epoch(train)    [1][ 160/8234]  lr: 7.0000e-03  eta: 36 days, 22:22:51  time: 0.3141  data_time: 0.0206  memory: 1812  loss: 4.9525  loss_prob: 2.8159  loss_thr: 1.1369  loss_db: 0.9997
2025/11/26 13:19:05 - mmengine - INFO - Epoch(train)    [1][ 165/8234]  lr: 7.0000e-03  eta: 36 days, 23:01:06  time: 0.3184  data_time: 0.0161  memory: 1812  loss: 4.9603  loss_prob: 2.8158  loss_thr: 1.1448  loss_db: 0.9997
2025/11/26 13:19:06 - mmengine - INFO - Epoch(train)    [1][ 170/8234]  lr: 7.0000e-03  eta: 36 days, 20:53:27  time: 0.3137  data_time: 0.0129  memory: 1812  loss: 4.9448  loss_prob: 2.8169  loss_thr: 1.1314  loss_db: 0.9965
2025/11/26 13:19:08 - mmengine - INFO - Epoch(train)    [1][ 175/8234]  lr: 7.0000e-03  eta: 36 days, 18:41:40  time: 0.2956  data_time: 0.0194  memory: 1812  loss: 4.9275  loss_prob: 2.8194  loss_thr: 1.1350  loss_db: 0.9732
2025/11/26 13:19:09 - mmengine - INFO - Epoch(train)    [1][ 180/8234]  lr: 7.0000e-03  eta: 36 days, 16:25:32  time: 0.2931  data_time: 0.0197  memory: 1812  loss: 4.8827  loss_prob: 2.8190  loss_thr: 1.1239  loss_db: 0.9398
2025/11/26 13:19:11 - mmengine - INFO - Epoch(train)    [1][ 185/8234]  lr: 7.0000e-03  eta: 36 days, 16:05:40  time: 0.3041  data_time: 0.0126  memory: 1812  loss: 4.8901  loss_prob: 2.8175  loss_thr: 1.1381  loss_db: 0.9345
2025/11/26 13:19:13 - mmengine - INFO - Epoch(train)    [1][ 190/8234]  lr: 7.0000e-03  eta: 36 days, 19:26:54  time: 0.3417  data_time: 0.0115  memory: 1812  loss: 4.9080  loss_prob: 2.8199  loss_thr: 1.1615  loss_db: 0.9266
2025/11/26 13:19:14 - mmengine - INFO - Epoch(train)    [1][ 195/8234]  lr: 7.0000e-03  eta: 36 days, 16:38:54  time: 0.3246  data_time: 0.0139  memory: 1812  loss: 4.8947  loss_prob: 2.8224  loss_thr: 1.1554  loss_db: 0.9168
2025/11/26 13:19:16 - mmengine - INFO - Epoch(train)    [1][ 200/8234]  lr: 7.0000e-03  eta: 36 days, 13:32:02  time: 0.2788  data_time: 0.0145  memory: 1812  loss: 4.9115  loss_prob: 2.8237  loss_thr: 1.1419  loss_db: 0.9459
2025/11/26 13:19:17 - mmengine - INFO - Epoch(train)    [1][ 205/8234]  lr: 7.0000e-03  eta: 36 days, 10:20:14  time: 0.2737  data_time: 0.0137  memory: 1812  loss: 4.8785  loss_prob: 2.8269  loss_thr: 1.1513  loss_db: 0.9003
2025/11/26 13:19:18 - mmengine - INFO - Epoch(train)    [1][ 210/8234]  lr: 7.0000e-03  eta: 36 days, 7:49:22  time: 0.2760  data_time: 0.0132  memory: 1812  loss: 4.8946  loss_prob: 2.8297  loss_thr: 1.1545  loss_db: 0.9104
2025/11/26 13:19:20 - mmengine - INFO - Epoch(train)    [1][ 215/8234]  lr: 7.0000e-03  eta: 36 days, 5:06:31  time: 0.2776  data_time: 0.0131  memory: 1812  loss: 4.8775  loss_prob: 2.8274  loss_thr: 1.1191  loss_db: 0.9310
2025/11/26 13:19:21 - mmengine - INFO - Epoch(train)    [1][ 220/8234]  lr: 7.0000e-03  eta: 36 days, 5:38:20  time: 0.3001  data_time: 0.0137  memory: 1812  loss: 4.7998  loss_prob: 2.8247  loss_thr: 1.1326  loss_db: 0.8424
2025/11/26 13:19:23 - mmengine - INFO - Epoch(train)    [1][ 225/8234]  lr: 7.0000e-03  eta: 36 days, 5:57:29  time: 0.3236  data_time: 0.0126  memory: 1812  loss: 4.8398  loss_prob: 2.8259  loss_thr: 1.1661  loss_db: 0.8478
2025/11/26 13:19:24 - mmengine - INFO - Epoch(train)    [1][ 230/8234]  lr: 7.0000e-03  eta: 36 days, 5:15:40  time: 0.3137  data_time: 0.0127  memory: 1812  loss: 4.8569  loss_prob: 2.8297  loss_thr: 1.1597  loss_db: 0.8675
2025/11/26 13:19:26 - mmengine - INFO - Epoch(train)    [1][ 235/8234]  lr: 7.0000e-03  eta: 36 days, 5:09:18  time: 0.3101  data_time: 0.0140  memory: 1812  loss: 4.7973  loss_prob: 2.8308  loss_thr: 1.1309  loss_db: 0.8356
2025/11/26 13:19:28 - mmengine - INFO - Epoch(train)    [1][ 240/8234]  lr: 7.0000e-03  eta: 36 days, 4:31:07  time: 0.3102  data_time: 0.0140  memory: 1812  loss: 4.7052  loss_prob: 2.8302  loss_thr: 1.1088  loss_db: 0.7662
2025/11/26 13:19:29 - mmengine - INFO - Epoch(train)    [1][ 245/8234]  lr: 7.0000e-03  eta: 36 days, 1:48:03  time: 0.2867  data_time: 0.0134  memory: 1812  loss: 4.6781  loss_prob: 2.8315  loss_thr: 1.1312  loss_db: 0.7154
2025/11/26 13:19:30 - mmengine - INFO - Epoch(train)    [1][ 250/8234]  lr: 7.0000e-03  eta: 36 days, 1:00:04  time: 0.2844  data_time: 0.0142  memory: 1812  loss: 4.6847  loss_prob: 2.8336  loss_thr: 1.1031  loss_db: 0.7480
2025/11/26 13:19:32 - mmengine - INFO - Epoch(train)    [1][ 255/8234]  lr: 7.0000e-03  eta: 35 days, 22:02:20  time: 0.2805  data_time: 0.0140  memory: 1812  loss: 4.6585  loss_prob: 2.8365  loss_thr: 1.0537  loss_db: 0.7682
2025/11/26 13:19:33 - mmengine - INFO - Epoch(train)    [1][ 260/8234]  lr: 7.0000e-03  eta: 35 days, 19:43:15  time: 0.2652  data_time: 0.0125  memory: 1812  loss: 4.6642  loss_prob: 2.8416  loss_thr: 1.1051  loss_db: 0.7174
2025/11/26 13:19:34 - mmengine - INFO - Epoch(train)    [1][ 265/8234]  lr: 7.0000e-03  eta: 35 days, 18:39:33  time: 0.2815  data_time: 0.0136  memory: 1812  loss: 4.6186  loss_prob: 2.8473  loss_thr: 1.0841  loss_db: 0.6873
2025/11/26 13:19:36 - mmengine - INFO - Epoch(train)    [1][ 270/8234]  lr: 7.0000e-03  eta: 35 days, 18:09:13  time: 0.2978  data_time: 0.0140  memory: 1812  loss: 4.5803  loss_prob: 2.8524  loss_thr: 1.0534  loss_db: 0.6744
2025/11/26 13:19:37 - mmengine - INFO - Epoch(train)    [1][ 275/8234]  lr: 7.0000e-03  eta: 35 days, 16:18:19  time: 0.2893  data_time: 0.0134  memory: 1812  loss: 4.6986  loss_prob: 2.8546  loss_thr: 1.0912  loss_db: 0.7528
2025/11/26 13:19:39 - mmengine - INFO - Epoch(train)    [1][ 280/8234]  lr: 7.0000e-03  eta: 35 days, 16:39:21  time: 0.2974  data_time: 0.0129  memory: 1812  loss: 4.6928  loss_prob: 2.8544  loss_thr: 1.0911  loss_db: 0.7473
2025/11/26 13:19:41 - mmengine - INFO - Epoch(train)    [1][ 285/8234]  lr: 7.0000e-03  eta: 35 days, 16:59:52  time: 0.3192  data_time: 0.0123  memory: 1812  loss: 4.6197  loss_prob: 2.8526  loss_thr: 1.1025  loss_db: 0.6646
2025/11/26 13:19:42 - mmengine - INFO - Epoch(train)    [1][ 290/8234]  lr: 7.0000e-03  eta: 35 days, 17:21:28  time: 0.3196  data_time: 0.0126  memory: 1812  loss: 4.6338  loss_prob: 2.8477  loss_thr: 1.0770  loss_db: 0.7092
2025/11/26 13:19:44 - mmengine - INFO - Epoch(train)    [1][ 295/8234]  lr: 7.0000e-03  eta: 35 days, 16:57:43  time: 0.3119  data_time: 0.0126  memory: 1812  loss: 4.6205  loss_prob: 2.8522  loss_thr: 1.0489  loss_db: 0.7194
2025/11/26 13:19:45 - mmengine - INFO - Epoch(train)    [1][ 300/8234]  lr: 7.0000e-03  eta: 35 days, 18:41:52  time: 0.3270  data_time: 0.0128  memory: 1812  loss: 4.6509  loss_prob: 2.8524  loss_thr: 1.0985  loss_db: 0.7000
2025/11/26 13:19:47 - mmengine - INFO - Epoch(train)    [1][ 305/8234]  lr: 7.0000e-03  eta: 35 days, 18:51:37  time: 0.3333  data_time: 0.0135  memory: 1812  loss: 4.6379  loss_prob: 2.8437  loss_thr: 1.0785  loss_db: 0.7158
2025/11/26 13:19:49 - mmengine - INFO - Epoch(train)    [1][ 310/8234]  lr: 7.0000e-03  eta: 35 days, 18:16:45  time: 0.3082  data_time: 0.0129  memory: 1812  loss: 4.7152  loss_prob: 2.8439  loss_thr: 1.0858  loss_db: 0.7855
2025/11/26 13:19:50 - mmengine - INFO - Epoch(train)    [1][ 315/8234]  lr: 7.0000e-03  eta: 35 days, 17:48:20  time: 0.3008  data_time: 0.0130  memory: 1812  loss: 4.6930  loss_prob: 2.8444  loss_thr: 1.0910  loss_db: 0.7576
2025/11/26 13:19:52 - mmengine - INFO - Epoch(train)    [1][ 320/8234]  lr: 7.0000e-03  eta: 35 days, 18:27:12  time: 0.3148  data_time: 0.0133  memory: 1812  loss: 4.5997  loss_prob: 2.8423  loss_thr: 1.0580  loss_db: 0.6994
2025/11/26 13:19:53 - mmengine - INFO - Epoch(train)    [1][ 325/8234]  lr: 7.0000e-03  eta: 35 days, 20:03:01  time: 0.3391  data_time: 0.0140  memory: 1812  loss: 4.5820  loss_prob: 2.8443  loss_thr: 1.0670  loss_db: 0.6707
2025/11/26 13:19:55 - mmengine - INFO - Epoch(train)    [1][ 330/8234]  lr: 7.0000e-03  eta: 35 days, 17:28:10  time: 0.3010  data_time: 0.0132  memory: 1812  loss: 4.6021  loss_prob: 2.8456  loss_thr: 1.0611  loss_db: 0.6953
2025/11/26 13:19:56 - mmengine - INFO - Epoch(train)    [1][ 335/8234]  lr: 7.0000e-03  eta: 35 days, 19:07:17  time: 0.3020  data_time: 0.0116  memory: 1812  loss: 4.5804  loss_prob: 2.8444  loss_thr: 1.0208  loss_db: 0.7152
2025/11/26 13:19:58 - mmengine - INFO - Epoch(train)    [1][ 340/8234]  lr: 7.0000e-03  eta: 35 days, 16:33:59  time: 0.3012  data_time: 0.0122  memory: 1812  loss: 4.4828  loss_prob: 2.8458  loss_thr: 1.0127  loss_db: 0.6243
2025/11/26 13:19:59 - mmengine - INFO - Epoch(train)    [1][ 345/8234]  lr: 7.0000e-03  eta: 35 days, 16:51:27  time: 0.2846  data_time: 0.0124  memory: 1812  loss: 4.4545  loss_prob: 2.8486  loss_thr: 0.9982  loss_db: 0.6078
2025/11/26 13:20:01 - mmengine - INFO - Epoch(train)    [1][ 350/8234]  lr: 7.0000e-03  eta: 35 days, 15:44:48  time: 0.3017  data_time: 0.0136  memory: 1812  loss: 4.4412  loss_prob: 2.8477  loss_thr: 0.9746  loss_db: 0.6190
2025/11/26 13:20:02 - mmengine - INFO - Epoch(train)    [1][ 355/8234]  lr: 7.0000e-03  eta: 35 days, 15:55:51  time: 0.3002  data_time: 0.0124  memory: 1812  loss: 4.4720  loss_prob: 2.8521  loss_thr: 0.9860  loss_db: 0.6339
2025/11/26 13:20:04 - mmengine - INFO - Epoch(train)    [1][ 360/8234]  lr: 7.0000e-03  eta: 35 days, 14:46:39  time: 0.2991  data_time: 0.0119  memory: 1812  loss: 4.5097  loss_prob: 2.8540  loss_thr: 1.0123  loss_db: 0.6434
2025/11/26 13:20:05 - mmengine - INFO - Epoch(train)    [1][ 365/8234]  lr: 7.0000e-03  eta: 35 days, 14:21:39  time: 0.2910  data_time: 0.0142  memory: 1812  loss: 4.4808  loss_prob: 2.8435  loss_thr: 1.0081  loss_db: 0.6291
2025/11/26 13:20:07 - mmengine - INFO - Epoch(train)    [1][ 370/8234]  lr: 7.0000e-03  eta: 35 days, 14:37:36  time: 0.3094  data_time: 0.0129  memory: 1812  loss: 4.3939  loss_prob: 2.8405  loss_thr: 0.9581  loss_db: 0.5953
2025/11/26 13:20:08 - mmengine - INFO - Epoch(train)    [1][ 375/8234]  lr: 7.0000e-03  eta: 35 days, 14:22:41  time: 0.3115  data_time: 0.0125  memory: 1812  loss: 4.4931  loss_prob: 2.8452  loss_thr: 1.0043  loss_db: 0.6437
2025/11/26 13:20:10 - mmengine - INFO - Epoch(train)    [1][ 380/8234]  lr: 7.0000e-03  eta: 35 days, 14:18:10  time: 0.3069  data_time: 0.0130  memory: 1812  loss: 4.6005  loss_prob: 2.8476  loss_thr: 1.0368  loss_db: 0.7161
2025/11/26 13:20:11 - mmengine - INFO - Epoch(train)    [1][ 385/8234]  lr: 7.0000e-03  eta: 35 days, 13:27:28  time: 0.2984  data_time: 0.0129  memory: 1812  loss: 4.6013  loss_prob: 2.8461  loss_thr: 1.0415  loss_db: 0.7137
2025/11/26 13:20:13 - mmengine - INFO - Epoch(train)    [1][ 390/8234]  lr: 7.0000e-03  eta: 35 days, 14:02:01  time: 0.3075  data_time: 0.0129  memory: 1812  loss: 4.5150  loss_prob: 2.8417  loss_thr: 1.0342  loss_db: 0.6391
2025/11/26 13:20:14 - mmengine - INFO - Epoch(train)    [1][ 395/8234]  lr: 7.0000e-03  eta: 35 days, 12:35:59  time: 0.2986  data_time: 0.0123  memory: 1812  loss: 4.3521  loss_prob: 2.8385  loss_thr: 0.9626  loss_db: 0.5511
2025/11/26 13:20:16 - mmengine - INFO - Epoch(train)    [1][ 400/8234]  lr: 7.0000e-03  eta: 35 days, 12:36:23  time: 0.2904  data_time: 0.0167  memory: 1812  loss: 4.3257  loss_prob: 2.8384  loss_thr: 0.9275  loss_db: 0.5599
2025/11/26 13:20:17 - mmengine - INFO - Epoch(train)    [1][ 405/8234]  lr: 7.0000e-03  eta: 35 days, 12:58:15  time: 0.3161  data_time: 0.0189  memory: 1812  loss: 4.3147  loss_prob: 2.8397  loss_thr: 0.9437  loss_db: 0.5312
2025/11/26 13:20:19 - mmengine - INFO - Epoch(train)    [1][ 410/8234]  lr: 7.0000e-03  eta: 35 days, 12:56:48  time: 0.3157  data_time: 0.0147  memory: 1812  loss: 4.3504  loss_prob: 2.8401  loss_thr: 0.9695  loss_db: 0.5408
2025/11/26 13:20:21 - mmengine - INFO - Epoch(train)    [1][ 415/8234]  lr: 7.0000e-03  eta: 35 days, 13:38:44  time: 0.3210  data_time: 0.0163  memory: 1812  loss: 4.3547  loss_prob: 2.8419  loss_thr: 0.9649  loss_db: 0.5479
2025/11/26 13:20:22 - mmengine - INFO - Epoch(train)    [1][ 420/8234]  lr: 7.0000e-03  eta: 35 days, 12:56:30  time: 0.3107  data_time: 0.0247  memory: 1812  loss: 4.4245  loss_prob: 2.8459  loss_thr: 0.9840  loss_db: 0.5946
2025/11/26 13:20:24 - mmengine - INFO - Epoch(train)    [1][ 425/8234]  lr: 7.0000e-03  eta: 35 days, 12:36:09  time: 0.2949  data_time: 0.0216  memory: 1812  loss: 4.4677  loss_prob: 2.8462  loss_thr: 0.9987  loss_db: 0.6228
2025/11/26 13:20:25 - mmengine - INFO - Epoch(train)    [1][ 430/8234]  lr: 7.0000e-03  eta: 35 days, 12:33:58  time: 0.3049  data_time: 0.0149  memory: 1812  loss: 4.3769  loss_prob: 2.8447  loss_thr: 0.9990  loss_db: 0.5333
2025/11/26 13:20:27 - mmengine - INFO - Epoch(train)    [1][ 435/8234]  lr: 7.0000e-03  eta: 35 days, 14:54:49  time: 0.3473  data_time: 0.0257  memory: 1812  loss: 4.3195  loss_prob: 2.8425  loss_thr: 0.9673  loss_db: 0.5097
2025/11/26 13:20:29 - mmengine - INFO - Epoch(train)    [1][ 440/8234]  lr: 7.0000e-03  eta: 35 days, 15:17:00  time: 0.3542  data_time: 0.0319  memory: 1812  loss: 4.3919  loss_prob: 2.8453  loss_thr: 0.9866  loss_db: 0.5599
2025/11/26 13:20:30 - mmengine - INFO - Epoch(train)    [1][ 445/8234]  lr: 7.0000e-03  eta: 35 days, 14:50:24  time: 0.3103  data_time: 0.0210  memory: 1812  loss: 4.4248  loss_prob: 2.8472  loss_thr: 0.9939  loss_db: 0.5837
2025/11/26 13:20:32 - mmengine - INFO - Epoch(train)    [1][ 450/8234]  lr: 7.0000e-03  eta: 35 days, 15:13:27  time: 0.3107  data_time: 0.0133  memory: 1812  loss: 4.3750  loss_prob: 2.8453  loss_thr: 0.9478  loss_db: 0.5819
2025/11/26 13:20:34 - mmengine - INFO - Epoch(train)    [1][ 455/8234]  lr: 7.0000e-03  eta: 35 days, 16:57:01  time: 0.3465  data_time: 0.0199  memory: 1812  loss: 4.5314  loss_prob: 2.8455  loss_thr: 1.0065  loss_db: 0.6794
2025/11/26 13:20:35 - mmengine - INFO - Epoch(train)    [1][ 460/8234]  lr: 7.0000e-03  eta: 35 days, 16:57:02  time: 0.3406  data_time: 0.0194  memory: 1812  loss: 4.6219  loss_prob: 2.8469  loss_thr: 1.0565  loss_db: 0.7185
2025/11/26 13:20:37 - mmengine - INFO - Epoch(train)    [1][ 465/8234]  lr: 7.0000e-03  eta: 35 days, 18:26:51  time: 0.3376  data_time: 0.0136  memory: 1812  loss: 4.4480  loss_prob: 2.8429  loss_thr: 0.9857  loss_db: 0.6194
2025/11/26 13:20:38 - mmengine - INFO - Epoch(train)    [1][ 470/8234]  lr: 7.0000e-03  eta: 35 days, 17:44:46  time: 0.3259  data_time: 0.0149  memory: 1812  loss: 4.2896  loss_prob: 2.8343  loss_thr: 0.9133  loss_db: 0.5420
2025/11/26 13:20:40 - mmengine - INFO - Epoch(train)    [1][ 475/8234]  lr: 7.0000e-03  eta: 35 days, 18:04:15  time: 0.3063  data_time: 0.0131  memory: 1812  loss: 4.3444  loss_prob: 2.8319  loss_thr: 0.9686  loss_db: 0.5439
2025/11/26 13:20:42 - mmengine - INFO - Epoch(train)    [1][ 480/8234]  lr: 7.0000e-03  eta: 35 days, 18:57:49  time: 0.3338  data_time: 0.0137  memory: 1812  loss: 4.4815  loss_prob: 2.8348  loss_thr: 1.0097  loss_db: 0.6370
2025/11/26 13:20:43 - mmengine - INFO - Epoch(train)    [1][ 485/8234]  lr: 7.0000e-03  eta: 35 days, 19:27:35  time: 0.3372  data_time: 0.0145  memory: 1812  loss: 4.4539  loss_prob: 2.8361  loss_thr: 0.9889  loss_db: 0.6289
2025/11/26 13:20:45 - mmengine - INFO - Epoch(train)    [1][ 490/8234]  lr: 7.0000e-03  eta: 35 days, 19:32:09  time: 0.3232  data_time: 0.0140  memory: 1812  loss: 4.3338  loss_prob: 2.8333  loss_thr: 0.9482  loss_db: 0.5522
2025/11/26 13:20:47 - mmengine - INFO - Epoch(train)    [1][ 495/8234]  lr: 7.0000e-03  eta: 35 days, 19:44:12  time: 0.3182  data_time: 0.0189  memory: 1812  loss: 4.2870  loss_prob: 2.8262  loss_thr: 0.9459  loss_db: 0.5149
2025/11/26 13:20:48 - mmengine - INFO - Epoch(train)    [1][ 500/8234]  lr: 7.0000e-03  eta: 35 days, 18:46:43  time: 0.2994  data_time: 0.0204  memory: 1812  loss: 4.2060  loss_prob: 2.8173  loss_thr: 0.9182  loss_db: 0.4705
2025/11/26 13:20:50 - mmengine - INFO - Epoch(train)    [1][ 505/8234]  lr: 7.0000e-03  eta: 35 days, 19:11:18  time: 0.3032  data_time: 0.0146  memory: 1812  loss: 4.2471  loss_prob: 2.8200  loss_thr: 0.9213  loss_db: 0.5058
2025/11/26 13:20:51 - mmengine - INFO - Epoch(train)    [1][ 510/8234]  lr: 7.0000e-03  eta: 35 days, 18:17:50  time: 0.3040  data_time: 0.0132  memory: 1812  loss: 4.2554  loss_prob: 2.8188  loss_thr: 0.9138  loss_db: 0.5229
2025/11/26 13:20:53 - mmengine - INFO - Epoch(train)    [1][ 515/8234]  lr: 7.0000e-03  eta: 35 days, 19:06:32  time: 0.3116  data_time: 0.0128  memory: 1812  loss: 4.2101  loss_prob: 2.8148  loss_thr: 0.8866  loss_db: 0.5088
2025/11/26 13:20:55 - mmengine - INFO - Epoch(train)    [1][ 520/8234]  lr: 7.0000e-03  eta: 35 days, 21:13:12  time: 0.3681  data_time: 0.0106  memory: 1812  loss: 4.3003  loss_prob: 2.8098  loss_thr: 0.9217  loss_db: 0.5687
2025/11/26 13:20:56 - mmengine - INFO - Epoch(train)    [1][ 525/8234]  lr: 7.0000e-03  eta: 35 days, 21:40:18  time: 0.3621  data_time: 0.0110  memory: 1812  loss: 4.4942  loss_prob: 2.8278  loss_thr: 0.9961  loss_db: 0.6702
2025/11/26 13:20:58 - mmengine - INFO - Epoch(train)    [1][ 530/8234]  lr: 7.0000e-03  eta: 35 days, 21:57:36  time: 0.3281  data_time: 0.0198  memory: 1812  loss: 4.3675  loss_prob: 2.8065  loss_thr: 0.9670  loss_db: 0.5940
2025/11/26 13:21:00 - mmengine - INFO - Epoch(train)    [1][ 535/8234]  lr: 7.0000e-03  eta: 35 days, 21:45:51  time: 0.3158  data_time: 0.0212  memory: 1812  loss: 4.2069  loss_prob: 2.7717  loss_thr: 0.9159  loss_db: 0.5194
2025/11/26 13:21:01 - mmengine - INFO - Epoch(train)    [1][ 540/8234]  lr: 7.0000e-03  eta: 35 days, 21:54:18  time: 0.3130  data_time: 0.0133  memory: 1812  loss: 4.3122  loss_prob: 2.7938  loss_thr: 0.9480  loss_db: 0.5704
2025/11/26 13:21:03 - mmengine - INFO - Epoch(train)    [1][ 545/8234]  lr: 7.0000e-03  eta: 35 days, 22:20:31  time: 0.3255  data_time: 0.0140  memory: 1812  loss: 4.3725  loss_prob: 2.7983  loss_thr: 0.9773  loss_db: 0.5970
2025/11/26 13:21:04 - mmengine - INFO - Epoch(train)    [1][ 550/8234]  lr: 7.0000e-03  eta: 35 days, 22:48:19  time: 0.3321  data_time: 0.0152  memory: 1812  loss: 4.3551  loss_prob: 2.7828  loss_thr: 0.9750  loss_db: 0.5972
2025/11/26 13:21:06 - mmengine - INFO - Epoch(train)    [1][ 555/8234]  lr: 7.0000e-03  eta: 35 days, 22:49:34  time: 0.3240  data_time: 0.0143  memory: 1812  loss: 4.2177  loss_prob: 2.7571  loss_thr: 0.9175  loss_db: 0.5431
2025/11/26 13:21:08 - mmengine - INFO - Epoch(train)    [1][ 560/8234]  lr: 7.0000e-03  eta: 35 days, 22:47:44  time: 0.3142  data_time: 0.0134  memory: 1812  loss: 4.2983  loss_prob: 2.7783  loss_thr: 0.9277  loss_db: 0.5923
2025/11/26 13:21:09 - mmengine - INFO - Epoch(train)    [1][ 565/8234]  lr: 7.0000e-03  eta: 35 days, 22:45:04  time: 0.3129  data_time: 0.0140  memory: 1812  loss: 4.3198  loss_prob: 2.7839  loss_thr: 0.9311  loss_db: 0.6048
2025/11/26 13:21:11 - mmengine - INFO - Epoch(train)    [1][ 570/8234]  lr: 7.0000e-03  eta: 35 days, 22:38:30  time: 0.3112  data_time: 0.0139  memory: 1812  loss: 4.0356  loss_prob: 2.6918  loss_thr: 0.8646  loss_db: 0.4792
2025/11/26 13:21:12 - mmengine - INFO - Epoch(train)    [1][ 575/8234]  lr: 7.0000e-03  eta: 35 days, 22:58:58  time: 0.3192  data_time: 0.0110  memory: 1812  loss: 3.9867  loss_prob: 2.6701  loss_thr: 0.8598  loss_db: 0.4569
2025/11/26 13:21:14 - mmengine - INFO - Epoch(train)    [1][ 580/8234]  lr: 7.0000e-03  eta: 35 days, 22:07:46  time: 0.3035  data_time: 0.0189  memory: 1812  loss: 4.1822  loss_prob: 2.7426  loss_thr: 0.9173  loss_db: 0.5223
2025/11/26 13:21:15 - mmengine - INFO - Epoch(train)    [1][ 585/8234]  lr: 7.0000e-03  eta: 35 days, 22:29:06  time: 0.3039  data_time: 0.0178  memory: 1812  loss: 4.0682  loss_prob: 2.6896  loss_thr: 0.8769  loss_db: 0.5017
2025/11/26 13:21:17 - mmengine - INFO - Epoch(train)    [1][ 590/8234]  lr: 7.0000e-03  eta: 35 days, 22:10:32  time: 0.3151  data_time: 0.0108  memory: 1812  loss: 3.9905  loss_prob: 2.6631  loss_thr: 0.8464  loss_db: 0.4810
2025/11/26 13:21:18 - mmengine - INFO - Epoch(train)    [1][ 595/8234]  lr: 7.0000e-03  eta: 35 days, 21:28:41  time: 0.2924  data_time: 0.0150  memory: 1812  loss: 4.0846  loss_prob: 2.6879  loss_thr: 0.8662  loss_db: 0.5306
2025/11/26 13:21:20 - mmengine - INFO - Epoch(train)    [1][ 600/8234]  lr: 7.0000e-03  eta: 35 days, 20:47:48  time: 0.2840  data_time: 0.0141  memory: 1812  loss: 4.1893  loss_prob: 2.7604  loss_thr: 0.8815  loss_db: 0.5475
2025/11/26 13:21:21 - mmengine - INFO - Epoch(train)    [1][ 605/8234]  lr: 7.0000e-03  eta: 35 days, 20:40:58  time: 0.2964  data_time: 0.0119  memory: 1812  loss: 4.2364  loss_prob: 2.7944  loss_thr: 0.8822  loss_db: 0.5598
2025/11/26 13:21:23 - mmengine - INFO - Epoch(train)    [1][ 610/8234]  lr: 7.0000e-03  eta: 35 days, 19:17:59  time: 0.2804  data_time: 0.0122  memory: 1812  loss: 4.2381  loss_prob: 2.7152  loss_thr: 0.9163  loss_db: 0.6066
2025/11/26 13:21:24 - mmengine - INFO - Epoch(train)    [1][ 615/8234]  lr: 7.0000e-03  eta: 35 days, 18:16:04  time: 0.2595  data_time: 0.0123  memory: 1812  loss: 4.1758  loss_prob: 2.6645  loss_thr: 0.9495  loss_db: 0.5619
2025/11/26 13:21:26 - mmengine - INFO - Epoch(train)    [1][ 620/8234]  lr: 7.0000e-03  eta: 35 days, 18:28:12  time: 0.2944  data_time: 0.0119  memory: 1812  loss: 4.1525  loss_prob: 2.6693  loss_thr: 0.9156  loss_db: 0.5676
2025/11/26 13:21:27 - mmengine - INFO - Epoch(train)    [1][ 625/8234]  lr: 7.0000e-03  eta: 35 days, 17:40:47  time: 0.2994  data_time: 0.0114  memory: 1812  loss: 4.1228  loss_prob: 2.6553  loss_thr: 0.8929  loss_db: 0.5747
2025/11/26 13:21:28 - mmengine - INFO - Epoch(train)    [1][ 630/8234]  lr: 7.0000e-03  eta: 35 days, 17:34:17  time: 0.2922  data_time: 0.0122  memory: 1812  loss: 3.8946  loss_prob: 2.5690  loss_thr: 0.8497  loss_db: 0.4759
2025/11/26 13:21:30 - mmengine - INFO - Epoch(train)    [1][ 635/8234]  lr: 7.0000e-03  eta: 35 days, 18:15:09  time: 0.3258  data_time: 0.0143  memory: 1812  loss: 3.8432  loss_prob: 2.5514  loss_thr: 0.8347  loss_db: 0.4571
2025/11/26 13:21:31 - mmengine - INFO - Epoch(train)    [1][ 640/8234]  lr: 7.0000e-03  eta: 35 days, 17:21:59  time: 0.3077  data_time: 0.0149  memory: 1812  loss: 3.8636  loss_prob: 2.5484  loss_thr: 0.8408  loss_db: 0.4744
2025/11/26 13:21:33 - mmengine - INFO - Epoch(train)    [1][ 645/8234]  lr: 7.0000e-03  eta: 35 days, 17:02:02  time: 0.2841  data_time: 0.0141  memory: 1812  loss: 3.8634  loss_prob: 2.5375  loss_thr: 0.8485  loss_db: 0.4774
2025/11/26 13:21:35 - mmengine - INFO - Epoch(train)    [1][ 650/8234]  lr: 7.0000e-03  eta: 35 days, 17:06:16  time: 0.3062  data_time: 0.0131  memory: 1812  loss: 3.8906  loss_prob: 2.5522  loss_thr: 0.8592  loss_db: 0.4793
2025/11/26 13:21:36 - mmengine - INFO - Epoch(train)    [1][ 655/8234]  lr: 7.0000e-03  eta: 35 days, 16:59:29  time: 0.3113  data_time: 0.0168  memory: 1812  loss: 3.9550  loss_prob: 2.5659  loss_thr: 0.8753  loss_db: 0.5139
2025/11/26 13:21:37 - mmengine - INFO - Epoch(train)    [1][ 660/8234]  lr: 7.0000e-03  eta: 35 days, 16:12:13  time: 0.2907  data_time: 0.0191  memory: 1812  loss: 3.8436  loss_prob: 2.5120  loss_thr: 0.8491  loss_db: 0.4824
2025/11/26 13:21:39 - mmengine - INFO - Epoch(train)    [1][ 665/8234]  lr: 7.0000e-03  eta: 35 days, 15:20:59  time: 0.2725  data_time: 0.0150  memory: 1812  loss: 3.6102  loss_prob: 2.4008  loss_thr: 0.8037  loss_db: 0.4057
2025/11/26 13:21:40 - mmengine - INFO - Epoch(train)    [1][ 670/8234]  lr: 7.0000e-03  eta: 35 days, 14:59:02  time: 0.2822  data_time: 0.0150  memory: 1812  loss: 3.6872  loss_prob: 2.4361  loss_thr: 0.8081  loss_db: 0.4429
2025/11/26 13:21:42 - mmengine - INFO - Epoch(train)    [1][ 675/8234]  lr: 7.0000e-03  eta: 35 days, 15:44:31  time: 0.3213  data_time: 0.0155  memory: 1812  loss: 3.8573  loss_prob: 2.5381  loss_thr: 0.8215  loss_db: 0.4978
2025/11/26 13:21:43 - mmengine - INFO - Epoch(train)    [1][ 680/8234]  lr: 7.0000e-03  eta: 35 days, 14:40:03  time: 0.3037  data_time: 0.0135  memory: 1812  loss: 4.0516  loss_prob: 2.6457  loss_thr: 0.8759  loss_db: 0.5300
2025/11/26 13:21:45 - mmengine - INFO - Epoch(train)    [1][ 685/8234]  lr: 7.0000e-03  eta: 35 days, 14:10:07  time: 0.2726  data_time: 0.0136  memory: 1812  loss: 4.1842  loss_prob: 2.6858  loss_thr: 0.9106  loss_db: 0.5878
2025/11/26 13:21:46 - mmengine - INFO - Epoch(train)    [1][ 690/8234]  lr: 7.0000e-03  eta: 35 days, 14:15:21  time: 0.3011  data_time: 0.0142  memory: 1812  loss: 4.0916  loss_prob: 2.6578  loss_thr: 0.8856  loss_db: 0.5482
2025/11/26 13:21:48 - mmengine - INFO - Epoch(train)    [1][ 695/8234]  lr: 7.0000e-03  eta: 35 days, 14:17:17  time: 0.3143  data_time: 0.0137  memory: 1812  loss: 3.8766  loss_prob: 2.5683  loss_thr: 0.8518  loss_db: 0.4565
2025/11/26 13:21:49 - mmengine - INFO - Epoch(train)    [1][ 700/8234]  lr: 7.0000e-03  eta: 35 days, 14:23:22  time: 0.3147  data_time: 0.0121  memory: 1812  loss: 3.8325  loss_prob: 2.4861  loss_thr: 0.8678  loss_db: 0.4786
2025/11/26 13:21:51 - mmengine - INFO - Epoch(train)    [1][ 705/8234]  lr: 7.0000e-03  eta: 35 days, 13:57:39  time: 0.3029  data_time: 0.0129  memory: 1812  loss: 4.4150  loss_prob: 2.8757  loss_thr: 0.9461  loss_db: 0.5931
2025/11/26 13:21:52 - mmengine - INFO - Epoch(train)    [1][ 710/8234]  lr: 7.0000e-03  eta: 35 days, 13:54:42  time: 0.2990  data_time: 0.0134  memory: 1812  loss: 4.3157  loss_prob: 2.8448  loss_thr: 0.9255  loss_db: 0.5454
2025/11/26 13:21:54 - mmengine - INFO - Epoch(train)    [1][ 715/8234]  lr: 7.0000e-03  eta: 35 days, 13:46:37  time: 0.3064  data_time: 0.0125  memory: 1812  loss: 3.9552  loss_prob: 2.5422  loss_thr: 0.9129  loss_db: 0.5001
2025/11/26 13:21:56 - mmengine - INFO - Epoch(train)    [1][ 720/8234]  lr: 7.0000e-03  eta: 35 days, 14:28:46  time: 0.3261  data_time: 0.0111  memory: 1812  loss: 4.0274  loss_prob: 2.5891  loss_thr: 0.9171  loss_db: 0.5212
2025/11/26 13:21:57 - mmengine - INFO - Epoch(train)    [1][ 725/8234]  lr: 7.0000e-03  eta: 35 days, 14:00:16  time: 0.3171  data_time: 0.0107  memory: 1812  loss: 4.0229  loss_prob: 2.5958  loss_thr: 0.8706  loss_db: 0.5565
2025/11/26 13:21:59 - mmengine - INFO - Epoch(train)    [1][ 730/8234]  lr: 7.0000e-03  eta: 35 days, 14:14:10  time: 0.3049  data_time: 0.0126  memory: 1812  loss: 3.9330  loss_prob: 2.5465  loss_thr: 0.8393  loss_db: 0.5472
2025/11/26 13:22:00 - mmengine - INFO - Epoch(train)    [1][ 735/8234]  lr: 7.0000e-03  eta: 35 days, 14:01:35  time: 0.3118  data_time: 0.0150  memory: 1812  loss: 4.0198  loss_prob: 2.6301  loss_thr: 0.8657  loss_db: 0.5240
2025/11/26 13:22:02 - mmengine - INFO - Epoch(train)    [1][ 740/8234]  lr: 7.0000e-03  eta: 35 days, 13:26:23  time: 0.2898  data_time: 0.0129  memory: 1812  loss: 4.0847  loss_prob: 2.6487  loss_thr: 0.8780  loss_db: 0.5581
2025/11/26 13:22:04 - mmengine - INFO - Epoch(train)    [1][ 745/8234]  lr: 7.0000e-03  eta: 35 days, 14:33:58  time: 0.3259  data_time: 0.0105  memory: 1812  loss: 3.7927  loss_prob: 2.4908  loss_thr: 0.8141  loss_db: 0.4878
2025/11/26 13:22:05 - mmengine - INFO - Epoch(train)    [1][ 750/8234]  lr: 7.0000e-03  eta: 35 days, 14:44:55  time: 0.3468  data_time: 0.0115  memory: 1812  loss: 3.8014  loss_prob: 2.5076  loss_thr: 0.8282  loss_db: 0.4656
2025/11/26 13:22:07 - mmengine - INFO - Epoch(train)    [1][ 755/8234]  lr: 7.0000e-03  eta: 35 days, 14:19:41  time: 0.3049  data_time: 0.0128  memory: 1812  loss: 3.7461  loss_prob: 2.4676  loss_thr: 0.8141  loss_db: 0.4644
2025/11/26 13:22:08 - mmengine - INFO - Epoch(train)    [1][ 760/8234]  lr: 7.0000e-03  eta: 35 days, 14:06:47  time: 0.2939  data_time: 0.0137  memory: 1812  loss: 3.7423  loss_prob: 2.4570  loss_thr: 0.8070  loss_db: 0.4783
2025/11/26 13:22:10 - mmengine - INFO - Epoch(train)    [1][ 765/8234]  lr: 7.0000e-03  eta: 35 days, 13:57:04  time: 0.3008  data_time: 0.0167  memory: 1812  loss: 3.8178  loss_prob: 2.4984  loss_thr: 0.8361  loss_db: 0.4833
2025/11/26 13:22:11 - mmengine - INFO - Epoch(train)    [1][ 770/8234]  lr: 7.0000e-03  eta: 35 days, 13:54:08  time: 0.3053  data_time: 0.0159  memory: 1812  loss: 3.8437  loss_prob: 2.5072  loss_thr: 0.8466  loss_db: 0.4900
2025/11/26 13:22:13 - mmengine - INFO - Epoch(train)    [1][ 775/8234]  lr: 7.0000e-03  eta: 35 days, 13:58:30  time: 0.3119  data_time: 0.0121  memory: 1812  loss: 3.9749  loss_prob: 2.5493  loss_thr: 0.8959  loss_db: 0.5296
2025/11/26 13:22:15 - mmengine - INFO - Epoch(train)    [1][ 780/8234]  lr: 7.0000e-03  eta: 35 days, 15:29:40  time: 0.3564  data_time: 0.0138  memory: 1812  loss: 4.0707  loss_prob: 2.5976  loss_thr: 0.9231  loss_db: 0.5500
2025/11/26 13:22:16 - mmengine - INFO - Epoch(train)    [1][ 785/8234]  lr: 7.0000e-03  eta: 35 days, 15:43:57  time: 0.3615  data_time: 0.0200  memory: 1812  loss: 3.9877  loss_prob: 2.5573  loss_thr: 0.9088  loss_db: 0.5217
2025/11/26 13:22:18 - mmengine - INFO - Epoch(train)    [1][ 790/8234]  lr: 7.0000e-03  eta: 35 days, 15:08:07  time: 0.3014  data_time: 0.0181  memory: 1812  loss: 3.9595  loss_prob: 2.5395  loss_thr: 0.8945  loss_db: 0.5255
2025/11/26 13:22:19 - mmengine - INFO - Epoch(train)    [1][ 795/8234]  lr: 7.0000e-03  eta: 35 days, 15:31:26  time: 0.3058  data_time: 0.0125  memory: 1812  loss: 3.9222  loss_prob: 2.5204  loss_thr: 0.8833  loss_db: 0.5185
2025/11/26 13:22:21 - mmengine - INFO - Epoch(train)    [1][ 800/8234]  lr: 7.0000e-03  eta: 35 days, 15:30:22  time: 0.3224  data_time: 0.0168  memory: 1812  loss: 3.8180  loss_prob: 2.5108  loss_thr: 0.8465  loss_db: 0.4607
2025/11/26 13:22:22 - mmengine - INFO - Epoch(train)    [1][ 805/8234]  lr: 7.0000e-03  eta: 35 days, 15:15:03  time: 0.3037  data_time: 0.0150  memory: 1812  loss: 4.2198  loss_prob: 2.7005  loss_thr: 0.8950  loss_db: 0.6242
2025/11/26 13:22:24 - mmengine - INFO - Epoch(train)    [1][ 810/8234]  lr: 7.0000e-03  eta: 35 days, 15:42:12  time: 0.3176  data_time: 0.0150  memory: 1812  loss: 4.1764  loss_prob: 2.6379  loss_thr: 0.9229  loss_db: 0.6156
2025/11/26 13:22:26 - mmengine - INFO - Epoch(train)    [1][ 815/8234]  lr: 7.0000e-03  eta: 35 days, 16:02:09  time: 0.3350  data_time: 0.0203  memory: 1812  loss: 3.8919  loss_prob: 2.5354  loss_thr: 0.8832  loss_db: 0.4733
2025/11/26 13:22:27 - mmengine - INFO - Epoch(train)    [1][ 820/8234]  lr: 7.0000e-03  eta: 35 days, 15:41:29  time: 0.3115  data_time: 0.0188  memory: 1812  loss: 4.0660  loss_prob: 2.6168  loss_thr: 0.9143  loss_db: 0.5349
2025/11/26 13:22:29 - mmengine - INFO - Epoch(train)    [1][ 825/8234]  lr: 7.0000e-03  eta: 35 days, 15:54:15  time: 0.3080  data_time: 0.0138  memory: 1812  loss: 4.0436  loss_prob: 2.5656  loss_thr: 0.9206  loss_db: 0.5574
2025/11/26 13:22:31 - mmengine - INFO - Epoch(train)    [1][ 830/8234]  lr: 7.0000e-03  eta: 35 days, 16:13:44  time: 0.3281  data_time: 0.0119  memory: 1812  loss: 3.7463  loss_prob: 2.4394  loss_thr: 0.8236  loss_db: 0.4833
2025/11/26 13:22:32 - mmengine - INFO - Epoch(train)    [1][ 835/8234]  lr: 7.0000e-03  eta: 35 days, 16:15:39  time: 0.3227  data_time: 0.0142  memory: 1812  loss: 3.5880  loss_prob: 2.3622  loss_thr: 0.8033  loss_db: 0.4224
2025/11/26 13:22:34 - mmengine - INFO - Epoch(train)    [1][ 840/8234]  lr: 7.0000e-03  eta: 35 days, 16:29:03  time: 0.3198  data_time: 0.0150  memory: 1812  loss: 3.5392  loss_prob: 2.3074  loss_thr: 0.8168  loss_db: 0.4150
2025/11/26 13:22:35 - mmengine - INFO - Epoch(train)    [1][ 845/8234]  lr: 7.0000e-03  eta: 35 days, 16:07:41  time: 0.3079  data_time: 0.0140  memory: 1812  loss: 3.6773  loss_prob: 2.3822  loss_thr: 0.8394  loss_db: 0.4557
2025/11/26 13:22:37 - mmengine - INFO - Epoch(train)    [1][ 850/8234]  lr: 7.0000e-03  eta: 35 days, 15:46:17  time: 0.2900  data_time: 0.0138  memory: 1812  loss: 3.9285  loss_prob: 2.5170  loss_thr: 0.9053  loss_db: 0.5061
2025/11/26 13:22:38 - mmengine - INFO - Epoch(train)    [1][ 855/8234]  lr: 7.0000e-03  eta: 35 days, 16:19:28  time: 0.3181  data_time: 0.0137  memory: 1812  loss: 4.0996  loss_prob: 2.6391  loss_thr: 0.8911  loss_db: 0.5694
2025/11/26 13:22:40 - mmengine - INFO - Epoch(train)    [1][ 860/8234]  lr: 7.0000e-03  eta: 35 days, 16:00:41  time: 0.3194  data_time: 0.0124  memory: 1812  loss: 4.1418  loss_prob: 2.6456  loss_thr: 0.8867  loss_db: 0.6095
2025/11/26 13:22:42 - mmengine - INFO - Epoch(train)    [1][ 865/8234]  lr: 7.0000e-03  eta: 35 days, 16:36:49  time: 0.3212  data_time: 0.0124  memory: 1812  loss: 3.8852  loss_prob: 2.5053  loss_thr: 0.8492  loss_db: 0.5307
2025/11/26 13:22:43 - mmengine - INFO - Epoch(train)    [1][ 870/8234]  lr: 7.0000e-03  eta: 35 days, 16:28:34  time: 0.3267  data_time: 0.0139  memory: 1812  loss: 3.9780  loss_prob: 2.5776  loss_thr: 0.8794  loss_db: 0.5210
2025/11/26 13:22:45 - mmengine - INFO - Epoch(train)    [1][ 875/8234]  lr: 7.0000e-03  eta: 35 days, 16:16:56  time: 0.3016  data_time: 0.0143  memory: 1812  loss: 4.1602  loss_prob: 2.6437  loss_thr: 0.9459  loss_db: 0.5706
2025/11/26 13:22:46 - mmengine - INFO - Epoch(train)    [1][ 880/8234]  lr: 7.0000e-03  eta: 35 days, 15:54:35  time: 0.2939  data_time: 0.0130  memory: 1812  loss: 4.1144  loss_prob: 2.6376  loss_thr: 0.9214  loss_db: 0.5555
2025/11/26 13:22:48 - mmengine - INFO - Epoch(train)    [1][ 885/8234]  lr: 7.0000e-03  eta: 35 days, 15:41:12  time: 0.2928  data_time: 0.0131  memory: 1812  loss: 4.0619  loss_prob: 2.6368  loss_thr: 0.8854  loss_db: 0.5397
2025/11/26 13:22:49 - mmengine - INFO - Epoch(train)    [1][ 890/8234]  lr: 7.0000e-03  eta: 35 days, 16:02:55  time: 0.3164  data_time: 0.0139  memory: 1812  loss: 4.0267  loss_prob: 2.5885  loss_thr: 0.8771  loss_db: 0.5610
2025/11/26 13:22:51 - mmengine - INFO - Epoch(train)    [1][ 895/8234]  lr: 7.0000e-03  eta: 35 days, 16:19:51  time: 0.3328  data_time: 0.0180  memory: 1812  loss: 3.7817  loss_prob: 2.4487  loss_thr: 0.8413  loss_db: 0.4917
2025/11/26 13:22:52 - mmengine - INFO - Epoch(train)    [1][ 900/8234]  lr: 7.0000e-03  eta: 35 days, 16:08:16  time: 0.3149  data_time: 0.0190  memory: 1812  loss: 3.6984  loss_prob: 2.4058  loss_thr: 0.8397  loss_db: 0.4528
2025/11/26 13:22:54 - mmengine - INFO - Epoch(train)    [1][ 905/8234]  lr: 7.0000e-03  eta: 35 days, 15:56:02  time: 0.2990  data_time: 0.0159  memory: 1812  loss: 3.7090  loss_prob: 2.4081  loss_thr: 0.8470  loss_db: 0.4538
2025/11/26 13:22:55 - mmengine - INFO - Epoch(train)    [1][ 910/8234]  lr: 7.0000e-03  eta: 35 days, 15:45:12  time: 0.2992  data_time: 0.0147  memory: 1812  loss: 3.4574  loss_prob: 2.2749  loss_thr: 0.7762  loss_db: 0.4062
2025/11/26 13:22:57 - mmengine - INFO - Epoch(train)    [1][ 915/8234]  lr: 7.0000e-03  eta: 35 days, 15:00:14  time: 0.2809  data_time: 0.0134  memory: 1812  loss: 3.6604  loss_prob: 2.4111  loss_thr: 0.7884  loss_db: 0.4609
2025/11/26 13:22:58 - mmengine - INFO - Epoch(train)    [1][ 920/8234]  lr: 7.0000e-03  eta: 35 days, 15:14:42  time: 0.2948  data_time: 0.0119  memory: 1812  loss: 3.8550  loss_prob: 2.5189  loss_thr: 0.8172  loss_db: 0.5189
2025/11/26 13:23:00 - mmengine - INFO - Epoch(train)    [1][ 925/8234]  lr: 7.0000e-03  eta: 35 days, 14:35:41  time: 0.2978  data_time: 0.0119  memory: 1812  loss: 3.9693  loss_prob: 2.5880  loss_thr: 0.8480  loss_db: 0.5333
2025/11/26 13:23:01 - mmengine - INFO - Epoch(train)    [1][ 930/8234]  lr: 7.0000e-03  eta: 35 days, 14:36:55  time: 0.2903  data_time: 0.0182  memory: 1812  loss: 4.3942  loss_prob: 2.8050  loss_thr: 0.9285  loss_db: 0.6607
2025/11/26 13:23:03 - mmengine - INFO - Epoch(train)    [1][ 935/8234]  lr: 7.0000e-03  eta: 35 days, 14:45:46  time: 0.3172  data_time: 0.0171  memory: 1812  loss: 4.3330  loss_prob: 2.7408  loss_thr: 0.9348  loss_db: 0.6575
2025/11/26 13:23:04 - mmengine - INFO - Epoch(train)    [1][ 940/8234]  lr: 7.0000e-03  eta: 35 days, 14:12:16  time: 0.2974  data_time: 0.0145  memory: 1812  loss: 4.0359  loss_prob: 2.5883  loss_thr: 0.9215  loss_db: 0.5261
2025/11/26 13:23:06 - mmengine - INFO - Epoch(train)    [1][ 945/8234]  lr: 7.0000e-03  eta: 35 days, 14:35:04  time: 0.3053  data_time: 0.0167  memory: 1812  loss: 3.7987  loss_prob: 2.4560  loss_thr: 0.8807  loss_db: 0.4620
2025/11/26 13:23:07 - mmengine - INFO - Epoch(train)    [1][ 950/8234]  lr: 7.0000e-03  eta: 35 days, 13:52:50  time: 0.3001  data_time: 0.0146  memory: 1812  loss: 3.8782  loss_prob: 2.5300  loss_thr: 0.8553  loss_db: 0.4929
2025/11/26 13:23:09 - mmengine - INFO - Epoch(train)    [1][ 955/8234]  lr: 7.0000e-03  eta: 35 days, 13:51:33  time: 0.2862  data_time: 0.0137  memory: 1812  loss: 3.7032  loss_prob: 2.4368  loss_thr: 0.8062  loss_db: 0.4602
2025/11/26 13:23:10 - mmengine - INFO - Epoch(train)    [1][ 960/8234]  lr: 7.0000e-03  eta: 35 days, 13:42:39  time: 0.3052  data_time: 0.0126  memory: 1812  loss: 3.4940  loss_prob: 2.3148  loss_thr: 0.7603  loss_db: 0.4189
2025/11/26 13:23:11 - mmengine - INFO - Epoch(train)    [1][ 965/8234]  lr: 7.0000e-03  eta: 35 days, 12:48:09  time: 0.2740  data_time: 0.0133  memory: 1812  loss: 3.6400  loss_prob: 2.3887  loss_thr: 0.7997  loss_db: 0.4516
2025/11/26 13:23:13 - mmengine - INFO - Epoch(train)    [1][ 970/8234]  lr: 7.0000e-03  eta: 35 days, 13:09:37  time: 0.2916  data_time: 0.0130  memory: 1812  loss: 3.4756  loss_prob: 2.2732  loss_thr: 0.8000  loss_db: 0.4024
2025/11/26 13:23:15 - mmengine - INFO - Epoch(train)    [1][ 975/8234]  lr: 7.0000e-03  eta: 35 days, 13:26:43  time: 0.3336  data_time: 0.0198  memory: 1812  loss: 3.5293  loss_prob: 2.3035  loss_thr: 0.8086  loss_db: 0.4172
2025/11/26 13:23:17 - mmengine - INFO - Epoch(train)    [1][ 980/8234]  lr: 7.0000e-03  eta: 35 days, 14:02:18  time: 0.3423  data_time: 0.0222  memory: 1812  loss: 3.5098  loss_prob: 2.2842  loss_thr: 0.8104  loss_db: 0.4152
2025/11/26 13:23:18 - mmengine - INFO - Epoch(train)    [1][ 985/8234]  lr: 7.0000e-03  eta: 35 days, 14:21:27  time: 0.3437  data_time: 0.0160  memory: 1812  loss: 3.5561  loss_prob: 2.3123  loss_thr: 0.8093  loss_db: 0.4345
2025/11/26 13:23:20 - mmengine - INFO - Epoch(train)    [1][ 990/8234]  lr: 7.0000e-03  eta: 35 days, 14:35:40  time: 0.3313  data_time: 0.0171  memory: 1812  loss: 3.6299  loss_prob: 2.3752  loss_thr: 0.7987  loss_db: 0.4559
2025/11/26 13:23:22 - mmengine - INFO - Epoch(train)    [1][ 995/8234]  lr: 7.0000e-03  eta: 35 days, 15:12:59  time: 0.3425  data_time: 0.0141  memory: 1812  loss: 3.6264  loss_prob: 2.4070  loss_thr: 0.7720  loss_db: 0.4474
2025/11/26 13:23:23 - mmengine - INFO - Exp name: dbnetpp_resnet18_fpnc_1200e_lsvt_ctw_pretrain_20251126_131759
2025/11/26 13:23:23 - mmengine - INFO - Epoch(train)    [1][1000/8234]  lr: 7.0000e-03  eta: 35 days, 15:15:47  time: 0.3358  data_time: 0.0116  memory: 1812  loss: 3.7804  loss_prob: 2.4591  loss_thr: 0.8382  loss_db: 0.4831
2025/11/26 13:23:25 - mmengine - INFO - Epoch(train)    [1][1005/8234]  lr: 7.0000e-03  eta: 35 days, 15:11:19  time: 0.3106  data_time: 0.0178  memory: 1812  loss: 3.9291  loss_prob: 2.4933  loss_thr: 0.9107  loss_db: 0.5251
2025/11/26 13:23:26 - mmengine - INFO - Epoch(train)    [1][1010/8234]  lr: 7.0000e-03  eta: 35 days, 15:39:00  time: 0.3259  data_time: 0.0217  memory: 1812  loss: 3.8806  loss_prob: 2.4917  loss_thr: 0.8805  loss_db: 0.5084
2025/11/26 13:23:28 - mmengine - INFO - Epoch(train)    [1][1015/8234]  lr: 7.0000e-03  eta: 35 days, 15:49:12  time: 0.3350  data_time: 0.0161  memory: 1812  loss: 3.7988  loss_prob: 2.4424  loss_thr: 0.8643  loss_db: 0.4922
2025/11/26 13:23:30 - mmengine - INFO - Epoch(train)    [1][1020/8234]  lr: 7.0000e-03  eta: 35 days, 15:48:29  time: 0.3177  data_time: 0.0162  memory: 1812  loss: 3.7288  loss_prob: 2.3952  loss_thr: 0.8469  loss_db: 0.4867
2025/11/26 13:23:31 - mmengine - INFO - Epoch(train)    [1][1025/8234]  lr: 7.0000e-03  eta: 35 days, 15:40:33  time: 0.3065  data_time: 0.0172  memory: 1812  loss: 3.5675  loss_prob: 2.3089  loss_thr: 0.8181  loss_db: 0.4405
2025/11/26 13:23:33 - mmengine - INFO - Epoch(train)    [1][1030/8234]  lr: 7.0000e-03  eta: 35 days, 15:37:17  time: 0.3049  data_time: 0.0221  memory: 1812  loss: 3.6436  loss_prob: 2.3718  loss_thr: 0.8238  loss_db: 0.4480
2025/11/26 13:23:34 - mmengine - INFO - Epoch(train)    [1][1035/8234]  lr: 7.0000e-03  eta: 35 days, 15:43:29  time: 0.3137  data_time: 0.0258  memory: 1812  loss: 3.8342  loss_prob: 2.4863  loss_thr: 0.8577  loss_db: 0.4902
2025/11/26 13:23:36 - mmengine - INFO - Epoch(train)    [1][1040/8234]  lr: 7.0000e-03  eta: 35 days, 15:43:58  time: 0.3160  data_time: 0.0149  memory: 1812  loss: 3.8131  loss_prob: 2.4598  loss_thr: 0.8552  loss_db: 0.4981
2025/11/26 13:23:37 - mmengine - INFO - Epoch(train)    [1][1045/8234]  lr: 7.0000e-03  eta: 35 days, 15:25:50  time: 0.3006  data_time: 0.0117  memory: 1812  loss: 3.7022  loss_prob: 2.4168  loss_thr: 0.8285  loss_db: 0.4569
2025/11/26 13:23:39 - mmengine - INFO - Epoch(train)    [1][1050/8234]  lr: 7.0000e-03  eta: 35 days, 15:34:02  time: 0.3055  data_time: 0.0130  memory: 1812  loss: 3.6949  loss_prob: 2.4212  loss_thr: 0.8169  loss_db: 0.4569
2025/11/26 13:23:40 - mmengine - INFO - Epoch(train)    [1][1055/8234]  lr: 7.0000e-03  eta: 35 days, 15:20:23  time: 0.3082  data_time: 0.0125  memory: 1812  loss: 3.5475  loss_prob: 2.3089  loss_thr: 0.7976  loss_db: 0.4409
2025/11/26 13:23:42 - mmengine - INFO - Epoch(train)    [1][1060/8234]  lr: 7.0000e-03  eta: 35 days, 15:13:48  time: 0.2988  data_time: 0.0181  memory: 1812  loss: 3.5613  loss_prob: 2.3161  loss_thr: 0.8167  loss_db: 0.4285
2025/11/26 13:23:43 - mmengine - INFO - Epoch(train)    [1][1065/8234]  lr: 7.0000e-03  eta: 35 days, 14:47:23  time: 0.2904  data_time: 0.0180  memory: 1812  loss: 3.7243  loss_prob: 2.4093  loss_thr: 0.8500  loss_db: 0.4651
2025/11/26 13:23:45 - mmengine - INFO - Epoch(train)    [1][1070/8234]  lr: 7.0000e-03  eta: 35 days, 14:32:32  time: 0.2848  data_time: 0.0114  memory: 1812  loss: 3.9741  loss_prob: 2.5232  loss_thr: 0.9003  loss_db: 0.5506
2025/11/26 13:23:46 - mmengine - INFO - Epoch(train)    [1][1075/8234]  lr: 7.0000e-03  eta: 35 days, 14:52:14  time: 0.3147  data_time: 0.0120  memory: 1812  loss: 4.0188  loss_prob: 2.5469  loss_thr: 0.9199  loss_db: 0.5520
2025/11/26 13:23:48 - mmengine - INFO - Epoch(train)    [1][1080/8234]  lr: 7.0000e-03  eta: 35 days, 14:13:55  time: 0.2992  data_time: 0.0144  memory: 1812  loss: 3.5878  loss_prob: 2.3259  loss_thr: 0.8355  loss_db: 0.4265
2025/11/26 13:23:49 - mmengine - INFO - Epoch(train)    [1][1085/8234]  lr: 7.0000e-03  eta: 35 days, 14:11:57  time: 0.2850  data_time: 0.0137  memory: 1812  loss: 3.6716  loss_prob: 2.4018  loss_thr: 0.8109  loss_db: 0.4589
2025/11/26 13:23:51 - mmengine - INFO - Epoch(train)    [1][1090/8234]  lr: 7.0000e-03  eta: 35 days, 13:48:01  time: 0.2942  data_time: 0.0126  memory: 1812  loss: 3.9736  loss_prob: 2.5785  loss_thr: 0.8692  loss_db: 0.5259
2025/11/26 13:23:52 - mmengine - INFO - Epoch(train)    [1][1095/8234]  lr: 7.0000e-03  eta: 35 days, 13:53:45  time: 0.2992  data_time: 0.0147  memory: 1812  loss: 3.7361  loss_prob: 2.4314  loss_thr: 0.8263  loss_db: 0.4784
2025/11/26 13:23:54 - mmengine - INFO - Epoch(train)    [1][1100/8234]  lr: 7.0000e-03  eta: 35 days, 14:06:52  time: 0.3237  data_time: 0.0157  memory: 1812  loss: 3.5718  loss_prob: 2.3529  loss_thr: 0.7645  loss_db: 0.4544
2025/11/26 13:23:55 - mmengine - INFO - Epoch(train)    [1][1105/8234]  lr: 7.0000e-03  eta: 35 days, 14:07:43  time: 0.3206  data_time: 0.0133  memory: 1812  loss: 3.6237  loss_prob: 2.3681  loss_thr: 0.8088  loss_db: 0.4468
2025/11/26 13:23:57 - mmengine - INFO - Epoch(train)    [1][1110/8234]  lr: 7.0000e-03  eta: 35 days, 13:55:24  time: 0.3035  data_time: 0.0114  memory: 1812  loss: 3.4398  loss_prob: 2.2382  loss_thr: 0.8006  loss_db: 0.4010
2025/11/26 13:23:58 - mmengine - INFO - Epoch(train)    [1][1115/8234]  lr: 7.0000e-03  eta: 35 days, 13:13:18  time: 0.2744  data_time: 0.0134  memory: 1812  loss: 3.3758  loss_prob: 2.2056  loss_thr: 0.7735  loss_db: 0.3966
2025/11/26 13:24:00 - mmengine - INFO - Epoch(train)    [1][1120/8234]  lr: 7.0000e-03  eta: 35 days, 13:35:45  time: 0.2978  data_time: 0.0148  memory: 1812  loss: 3.4376  loss_prob: 2.2385  loss_thr: 0.7960  loss_db: 0.4031
2025/11/26 13:24:01 - mmengine - INFO - Epoch(train)    [1][1125/8234]  lr: 7.0000e-03  eta: 35 days, 13:31:38  time: 0.3235  data_time: 0.0122  memory: 1812  loss: 3.4175  loss_prob: 2.2385  loss_thr: 0.7790  loss_db: 0.4000
2025/11/26 13:24:03 - mmengine - INFO - Epoch(train)    [1][1130/8234]  lr: 7.0000e-03  eta: 35 days, 13:23:41  time: 0.3028  data_time: 0.0130  memory: 1812  loss: 3.5371  loss_prob: 2.2904  loss_thr: 0.8132  loss_db: 0.4336
2025/11/26 13:24:04 - mmengine - INFO - Epoch(train)    [1][1135/8234]  lr: 7.0000e-03  eta: 35 days, 13:19:44  time: 0.3028  data_time: 0.0130  memory: 1812  loss: 3.5729  loss_prob: 2.3069  loss_thr: 0.8211  loss_db: 0.4449
2025/11/26 13:24:06 - mmengine - INFO - Epoch(train)    [1][1140/8234]  lr: 7.0000e-03  eta: 35 days, 13:11:47  time: 0.3028  data_time: 0.0106  memory: 1812  loss: 3.3788  loss_prob: 2.2065  loss_thr: 0.7643  loss_db: 0.4080
2025/11/26 13:24:08 - mmengine - INFO - Epoch(train)    [1][1145/8234]  lr: 7.0000e-03  eta: 35 days, 13:11:02  time: 0.3049  data_time: 0.0106  memory: 1812  loss: 3.1641  loss_prob: 2.0754  loss_thr: 0.7333  loss_db: 0.3554
2025/11/26 13:24:09 - mmengine - INFO - Epoch(train)    [1][1150/8234]  lr: 7.0000e-03  eta: 35 days, 13:07:41  time: 0.3081  data_time: 0.0127  memory: 1812  loss: 3.2597  loss_prob: 2.1380  loss_thr: 0.7471  loss_db: 0.3746
2025/11/26 13:24:10 - mmengine - INFO - Epoch(train)    [1][1155/8234]  lr: 7.0000e-03  eta: 35 days, 12:49:23  time: 0.2957  data_time: 0.0142  memory: 1812  loss: 3.2366  loss_prob: 2.1140  loss_thr: 0.7471  loss_db: 0.3755
2025/11/26 13:24:12 - mmengine - INFO - Epoch(train)    [1][1160/8234]  lr: 7.0000e-03  eta: 35 days, 13:29:36  time: 0.3263  data_time: 0.0149  memory: 1812  loss: 3.3074  loss_prob: 2.1500  loss_thr: 0.7783  loss_db: 0.3791
2025/11/26 13:24:14 - mmengine - INFO - Epoch(train)    [1][1165/8234]  lr: 7.0000e-03  eta: 35 days, 13:47:42  time: 0.3521  data_time: 0.0136  memory: 1812  loss: 3.7577  loss_prob: 2.4188  loss_thr: 0.8618  loss_db: 0.4770
2025/11/26 13:24:16 - mmengine - INFO - Epoch(train)    [1][1170/8234]  lr: 7.0000e-03  eta: 35 days, 13:49:15  time: 0.3250  data_time: 0.0135  memory: 1812  loss: 3.9809  loss_prob: 2.5417  loss_thr: 0.9078  loss_db: 0.5313
2025/11/26 13:24:17 - mmengine - INFO - Epoch(train)    [1][1175/8234]  lr: 7.0000e-03  eta: 35 days, 13:55:42  time: 0.3168  data_time: 0.0131  memory: 1812  loss: 3.8484  loss_prob: 2.4669  loss_thr: 0.8849  loss_db: 0.4966
2025/11/26 13:24:19 - mmengine - INFO - Epoch(train)    [1][1180/8234]  lr: 7.0000e-03  eta: 35 days, 13:40:24  time: 0.3048  data_time: 0.0110  memory: 1812  loss: 3.9620  loss_prob: 2.5730  loss_thr: 0.8649  loss_db: 0.5241
2025/11/26 13:24:20 - mmengine - INFO - Epoch(train)    [1][1185/8234]  lr: 7.0000e-03  eta: 35 days, 14:05:08  time: 0.3180  data_time: 0.0124  memory: 1812  loss: 4.2003  loss_prob: 2.7365  loss_thr: 0.8755  loss_db: 0.5883
2025/11/26 13:24:22 - mmengine - INFO - Epoch(train)    [1][1190/8234]  lr: 7.0000e-03  eta: 35 days, 14:35:55  time: 0.3512  data_time: 0.0141  memory: 1812  loss: 4.1756  loss_prob: 2.6717  loss_thr: 0.8815  loss_db: 0.6225
