nohup: ignoring input
12/22 01:41:52 - mmengine - INFO - 
------------------------------------------------------------
System environment:
    sys.platform: linux
    Python: 3.8.20 (default, Oct  3 2024, 15:24:27) [GCC 11.2.0]
    CUDA available: True
    MUSA available: False
    numpy_random_seed: 524993596
    GPU 0: NVIDIA GeForce RTX 3090
    CUDA_HOME: /usr/local/cuda
    NVCC: Cuda compilation tools, release 11.1, V11.1.105
    GCC: gcc (Ubuntu 9.4.0-1ubuntu1~20.04.2) 9.4.0
    PyTorch: 1.10.2+cu111
    PyTorch compiling details: PyTorch built with:
  - GCC 7.3
  - C++ Version: 201402
  - Intel(R) Math Kernel Library Version 2020.0.0 Product Build 20191122 for Intel(R) 64 architecture applications
  - Intel(R) MKL-DNN v2.2.3 (Git Hash 7336ca9f055cf1bfa13efb658fe15dc9b41f0740)
  - OpenMP 201511 (a.k.a. OpenMP 4.5)
  - LAPACK is enabled (usually provided by MKL)
  - NNPACK is enabled
  - CPU capability usage: AVX2
  - CUDA Runtime 11.1
  - NVCC architecture flags: -gencode;arch=compute_37,code=sm_37;-gencode;arch=compute_50,code=sm_50;-gencode;arch=compute_60,code=sm_60;-gencode;arch=compute_70,code=sm_70;-gencode;arch=compute_75,code=sm_75;-gencode;arch=compute_80,code=sm_80;-gencode;arch=compute_86,code=sm_86
  - CuDNN 8.0.5
  - Magma 2.5.2
  - Build settings: BLAS_INFO=mkl, BUILD_TYPE=Release, CUDA_VERSION=11.1, CUDNN_VERSION=8.0.5, CXX_COMPILER=/opt/rh/devtoolset-7/root/usr/bin/c++, CXX_FLAGS= -Wno-deprecated -fvisibility-inlines-hidden -DUSE_PTHREADPOOL -fopenmp -DNDEBUG -DUSE_KINETO -DUSE_FBGEMM -DUSE_QNNPACK -DUSE_PYTORCH_QNNPACK -DUSE_XNNPACK -DSYMBOLICATE_MOBILE_DEBUG_HANDLE -DEDGE_PROFILER_USE_KINETO -O2 -fPIC -Wno-narrowing -Wall -Wextra -Werror=return-type -Wno-missing-field-initializers -Wno-type-limits -Wno-array-bounds -Wno-unknown-pragmas -Wno-sign-compare -Wno-unused-parameter -Wno-unused-variable -Wno-unused-function -Wno-unused-result -Wno-unused-local-typedefs -Wno-strict-overflow -Wno-strict-aliasing -Wno-error=deprecated-declarations -Wno-stringop-overflow -Wno-psabi -Wno-error=pedantic -Wno-error=redundant-decls -Wno-error=old-style-cast -fdiagnostics-color=always -faligned-new -Wno-unused-but-set-variable -Wno-maybe-uninitialized -fno-math-errno -fno-trapping-math -Werror=format -Wno-stringop-overflow, LAPACK_INFO=mkl, PERF_WITH_AVX=1, PERF_WITH_AVX2=1, PERF_WITH_AVX512=1, TORCH_VERSION=1.10.2, USE_CUDA=ON, USE_CUDNN=ON, USE_EXCEPTION_PTR=1, USE_GFLAGS=OFF, USE_GLOG=OFF, USE_MKL=ON, USE_MKLDNN=ON, USE_MPI=OFF, USE_NCCL=ON, USE_NNPACK=ON, USE_OPENMP=ON, 

    TorchVision: 0.11.3+cu111
    OpenCV: 4.12.0
    MMEngine: 0.10.7

Runtime environment:
    cudnn_benchmark: True
    mp_cfg: {'mp_start_method': 'fork', 'opencv_num_threads': 0}
    dist_cfg: {'backend': 'nccl'}
    seed: 524993596
    Distributed launcher: none
    Distributed training: False
    GPU number: 1
------------------------------------------------------------

12/22 01:41:52 - mmengine - INFO - Config:
auto_scale_lr = dict(base_batch_size=32, enable=True)
custom_hooks = [
    dict(
        min_delta=0.001,
        monitor='icdar/hmean',
        patience=12,
        rule='greater',
        type='EarlyStoppingHook'),
    dict(
        dataset_prefixes=dict(
            art='data/art_mmocr',
            rctw='data/rctw17_mmocr',
            rects='data/rects_mmocr'),
        enable=True,
        good_ratio=0.5,
        ignore_precision_thr=0.5,
        match_iou_thr=0.5,
        num_images=50,
        out_dir='vis_compare_auto',
        pred_score_thr=0.6,
        strategy='vanilla',
        type='TextDetCompareVisualizationHook'),
]
default_hooks = dict(
    checkpoint=dict(
        interval=3,
        max_keep_ckpts=3,
        rule='greater',
        save_best='icdar/hmean',
        type='CheckpointHook'),
    logger=dict(interval=5, type='LoggerHook'),
    param_scheduler=dict(type='ParamSchedulerHook'),
    sampler_seed=dict(type='DistSamplerSeedHook'),
    sync_buffer=dict(type='SyncBuffersHook'),
    timer=dict(type='IterTimerHook'),
    visualization=dict(
        draw_gt=False,
        draw_pred=False,
        enable=False,
        interval=1,
        show=False,
        type='VisualizationHook'))
default_scope = 'mmocr'
env_cfg = dict(
    cudnn_benchmark=True,
    dist_cfg=dict(backend='nccl'),
    mp_cfg=dict(mp_start_method='fork', opencv_num_threads=0))
launcher = 'none'
load_from = None
log_level = 'INFO'
log_processor = dict(by_epoch=True, type='LogProcessor', window_size=10)
model = dict(
    backbone=dict(
        depth=50,
        frozen_stages=-1,
        init_cfg=dict(checkpoint='torchvision://resnet50', type='Pretrained'),
        norm_cfg=dict(requires_grad=True, type='BN'),
        norm_eval=True,
        num_stages=4,
        out_indices=(
            0,
            1,
            2,
            3,
        ),
        style='pytorch',
        type='mmdet.ResNet'),
    data_preprocessor=dict(
        bgr_to_rgb=True,
        mean=[
            123.675,
            116.28,
            103.53,
        ],
        pad_size_divisor=32,
        std=[
            58.395,
            57.12,
            57.375,
        ],
        type='TextDetDataPreprocessor'),
    det_head=dict(
        in_channels=256,
        module_loss=dict(type='DBModuleLoss'),
        postprocessor=dict(
            epsilon_ratio=0.002, text_repr_type='quad',
            type='DBPostprocessor'),
        type='DBHead'),
    neck=dict(
        asf_cfg=dict(attention_type='ScaleChannelSpatial'),
        in_channels=[
            256,
            512,
            1024,
            2048,
        ],
        lateral_channels=256,
        type='FPNC'),
    type='DBNet')
optim_wrapper = dict(
    clip_grad=dict(max_norm=5, norm_type=2),
    loss_scale='dynamic',
    optimizer=dict(lr=0.0015, momentum=0.9, type='SGD', weight_decay=0.0001),
    type='AmpOptimWrapper')
param_scheduler = [
    dict(begin=0, by_epoch=True, end=2, start_factor=0.1, type='LinearLR'),
    dict(
        begin=2,
        by_epoch=True,
        end=200,
        eta_min=1e-07,
        power=0.9,
        type='PolyLR'),
]
randomness = dict(seed=None)
resume = False
test_cfg = dict(type='TestLoop')
test_dataloader = dict(
    batch_size=1,
    dataset=dict(
        datasets=[
            dict(
                ann_file='instances_val.json',
                data_root='data/art_mmocr',
                pipeline=None,
                test_mode=True,
                type='OCRDataset'),
            dict(
                ann_file='instances_val.json',
                data_root='data/rctw17_mmocr',
                pipeline=None,
                test_mode=True,
                type='OCRDataset'),
            dict(
                ann_file='instances_val.json',
                data_root='data/rects_mmocr',
                pipeline=None,
                test_mode=True,
                type='OCRDataset'),
        ],
        pipeline=[
            dict(
                color_type='color_ignore_orientation',
                type='LoadImageFromFile'),
            dict(keep_ratio=True, scale=(
                4068,
                1024,
            ), type='Resize'),
            dict(
                type='LoadOCRAnnotations',
                with_bbox=True,
                with_label=True,
                with_polygon=True),
            dict(
                meta_keys=(
                    'img_path',
                    'ori_shape',
                    'img_shape',
                    'scale_factor',
                    'instances',
                ),
                type='PackTextDetInputs'),
        ],
        type='ConcatDataset'),
    num_workers=4,
    persistent_workers=True,
    pin_memory=True,
    sampler=dict(shuffle=False, type='DefaultSampler'))
test_evaluator = dict(
    dataset_prefixes=dict(
        art='data/art_mmocr',
        rctw='data/rctw17_mmocr',
        rects='data/rects_mmocr'),
    type='MultiDatasetHmeanIOUMetric')
test_list = [
    dict(
        ann_file='instances_val.json',
        data_root='data/art_mmocr',
        pipeline=None,
        test_mode=True,
        type='OCRDataset'),
    dict(
        ann_file='instances_val.json',
        data_root='data/rctw17_mmocr',
        pipeline=None,
        test_mode=True,
        type='OCRDataset'),
    dict(
        ann_file='instances_val.json',
        data_root='data/rects_mmocr',
        pipeline=None,
        test_mode=True,
        type='OCRDataset'),
]
test_pipeline = [
    dict(color_type='color_ignore_orientation', type='LoadImageFromFile'),
    dict(keep_ratio=True, scale=(
        4068,
        1024,
    ), type='Resize'),
    dict(
        type='LoadOCRAnnotations',
        with_bbox=True,
        with_label=True,
        with_polygon=True),
    dict(
        meta_keys=(
            'img_path',
            'ori_shape',
            'img_shape',
            'scale_factor',
            'instances',
        ),
        type='PackTextDetInputs'),
]
textdet_art_data_root = 'data/art_mmocr'
textdet_art_rctw_rects_data_root = 'data/textdet_finetune_art_rctw_rects'
textdet_art_rctw_rects_test = dict(
    ann_file='instances_val.json',
    data_root='data/textdet_finetune_art_rctw_rects',
    pipeline=None,
    test_mode=True,
    type='OCRDataset')
textdet_art_rctw_rects_train = dict(
    ann_file='instances_train.json',
    data_root='data/textdet_finetune_art_rctw_rects',
    filter_cfg=dict(filter_empty_gt=True, min_size=32),
    pipeline=None,
    type='OCRDataset')
textdet_art_test = dict(
    ann_file='instances_val.json',
    data_root='data/art_mmocr',
    pipeline=None,
    test_mode=True,
    type='OCRDataset')
textdet_art_train = dict(
    ann_file='instances_train.json',
    data_root='data/art_mmocr',
    filter_cfg=dict(filter_empty_gt=True, min_size=32),
    pipeline=None,
    type='OCRDataset')
textdet_rctw_data_root = 'data/rctw17_mmocr'
textdet_rctw_test = dict(
    ann_file='instances_val.json',
    data_root='data/rctw17_mmocr',
    pipeline=None,
    test_mode=True,
    type='OCRDataset')
textdet_rctw_train = dict(
    ann_file='instances_train.json',
    data_root='data/rctw17_mmocr',
    filter_cfg=dict(filter_empty_gt=True, min_size=32),
    pipeline=None,
    type='OCRDataset')
textdet_rects_data_root = 'data/rects_mmocr'
textdet_rects_test = dict(
    ann_file='instances_val.json',
    data_root='data/rects_mmocr',
    pipeline=None,
    test_mode=True,
    type='OCRDataset')
textdet_rects_train = dict(
    ann_file='instances_train.json',
    data_root='data/rects_mmocr',
    filter_cfg=dict(filter_empty_gt=True, min_size=32),
    pipeline=None,
    type='OCRDataset')
train_cfg = dict(max_epochs=200, type='EpochBasedTrainLoop', val_interval=3)
train_dataloader = dict(
    batch_size=32,
    dataset=dict(
        datasets=[
            dict(
                ann_file='instances_train.json',
                data_root='data/art_mmocr',
                filter_cfg=dict(filter_empty_gt=True, min_size=32),
                pipeline=None,
                type='OCRDataset'),
            dict(
                ann_file='instances_train.json',
                data_root='data/rctw17_mmocr',
                filter_cfg=dict(filter_empty_gt=True, min_size=32),
                pipeline=None,
                type='OCRDataset'),
            dict(
                ann_file='instances_train.json',
                data_root='data/rects_mmocr',
                filter_cfg=dict(filter_empty_gt=True, min_size=32),
                pipeline=None,
                type='OCRDataset'),
        ],
        pipeline=[
            dict(
                color_type='color_ignore_orientation',
                type='LoadImageFromFile'),
            dict(
                type='LoadOCRAnnotations',
                with_bbox=True,
                with_label=True,
                with_polygon=True),
            dict(
                brightness=0.12549019607843137,
                op='ColorJitter',
                saturation=0.5,
                type='TorchVisionWrapper'),
            dict(
                args=[
                    [
                        'Fliplr',
                        0.5,
                    ],
                    dict(cls='Affine', rotate=[
                        -10,
                        10,
                    ]),
                    [
                        'Resize',
                        [
                            0.5,
                            3.0,
                        ],
                    ],
                ],
                type='ImgAugWrapper'),
            dict(min_side_ratio=0.1, type='RandomCrop'),
            dict(keep_ratio=True, scale=(
                640,
                640,
            ), type='Resize'),
            dict(size=(
                640,
                640,
            ), type='Pad'),
            dict(
                meta_keys=(
                    'img_path',
                    'ori_shape',
                    'img_shape',
                ),
                type='PackTextDetInputs'),
        ],
        type='ConcatDataset'),
    num_workers=8,
    persistent_workers=True,
    pin_memory=True,
    sampler=dict(shuffle=True, type='DefaultSampler'))
train_list = [
    dict(
        ann_file='instances_train.json',
        data_root='data/art_mmocr',
        filter_cfg=dict(filter_empty_gt=True, min_size=32),
        pipeline=None,
        type='OCRDataset'),
    dict(
        ann_file='instances_train.json',
        data_root='data/rctw17_mmocr',
        filter_cfg=dict(filter_empty_gt=True, min_size=32),
        pipeline=None,
        type='OCRDataset'),
    dict(
        ann_file='instances_train.json',
        data_root='data/rects_mmocr',
        filter_cfg=dict(filter_empty_gt=True, min_size=32),
        pipeline=None,
        type='OCRDataset'),
]
train_pipeline = [
    dict(color_type='color_ignore_orientation', type='LoadImageFromFile'),
    dict(
        type='LoadOCRAnnotations',
        with_bbox=True,
        with_label=True,
        with_polygon=True),
    dict(
        brightness=0.12549019607843137,
        op='ColorJitter',
        saturation=0.5,
        type='TorchVisionWrapper'),
    dict(
        args=[
            [
                'Fliplr',
                0.5,
            ],
            dict(cls='Affine', rotate=[
                -10,
                10,
            ]),
            [
                'Resize',
                [
                    0.5,
                    3.0,
                ],
            ],
        ],
        type='ImgAugWrapper'),
    dict(min_side_ratio=0.1, type='RandomCrop'),
    dict(keep_ratio=True, scale=(
        640,
        640,
    ), type='Resize'),
    dict(size=(
        640,
        640,
    ), type='Pad'),
    dict(
        meta_keys=(
            'img_path',
            'ori_shape',
            'img_shape',
        ),
        type='PackTextDetInputs'),
]
val_cfg = dict(type='ValLoop')
val_dataloader = dict(
    batch_size=1,
    dataset=dict(
        datasets=[
            dict(
                ann_file='instances_val.json',
                data_root='data/art_mmocr',
                pipeline=None,
                test_mode=True,
                type='OCRDataset'),
            dict(
                ann_file='instances_val.json',
                data_root='data/rctw17_mmocr',
                pipeline=None,
                test_mode=True,
                type='OCRDataset'),
            dict(
                ann_file='instances_val.json',
                data_root='data/rects_mmocr',
                pipeline=None,
                test_mode=True,
                type='OCRDataset'),
        ],
        pipeline=[
            dict(
                color_type='color_ignore_orientation',
                type='LoadImageFromFile'),
            dict(keep_ratio=True, scale=(
                4068,
                1024,
            ), type='Resize'),
            dict(
                type='LoadOCRAnnotations',
                with_bbox=True,
                with_label=True,
                with_polygon=True),
            dict(
                meta_keys=(
                    'img_path',
                    'ori_shape',
                    'img_shape',
                    'scale_factor',
                    'instances',
                ),
                type='PackTextDetInputs'),
        ],
        type='ConcatDataset'),
    num_workers=4,
    persistent_workers=True,
    pin_memory=True,
    sampler=dict(shuffle=False, type='DefaultSampler'))
val_evaluator = dict(
    dataset_prefixes=dict(
        art='data/art_mmocr',
        rctw='data/rctw17_mmocr',
        rects='data/rects_mmocr'),
    type='MultiDatasetHmeanIOUMetric')
vis_backends = [
    dict(type='LocalVisBackend'),
]
visualizer = dict(
    name='visualizer',
    type='TextDetLocalVisualizer',
    vis_backends=[
        dict(type='LocalVisBackend'),
    ])
work_dir = 'work_dirs/dbnetpp_r50_direct_finetune_art_rctw_rects'

12/22 01:41:59 - mmengine - INFO - Distributed training is not used, all SyncBatchNorm (SyncBN) layers in the model will be automatically reverted to BatchNormXd layers if they are used.
12/22 01:41:59 - mmengine - INFO - Hooks will be executed in the following order:
before_run:
(VERY_HIGH   ) RuntimeInfoHook                    
(BELOW_NORMAL) LoggerHook                         
(LOWEST      ) EarlyStoppingHook                  
 -------------------- 
before_train:
(VERY_HIGH   ) RuntimeInfoHook                    
(NORMAL      ) IterTimerHook                      
(VERY_LOW    ) CheckpointHook                     
 -------------------- 
before_train_epoch:
(VERY_HIGH   ) RuntimeInfoHook                    
(NORMAL      ) IterTimerHook                      
(NORMAL      ) DistSamplerSeedHook                
 -------------------- 
before_train_iter:
(VERY_HIGH   ) RuntimeInfoHook                    
(NORMAL      ) IterTimerHook                      
 -------------------- 
after_train_iter:
(VERY_HIGH   ) RuntimeInfoHook                    
(NORMAL      ) IterTimerHook                      
(BELOW_NORMAL) LoggerHook                         
(LOW         ) ParamSchedulerHook                 
(VERY_LOW    ) CheckpointHook                     
 -------------------- 
after_train_epoch:
(NORMAL      ) IterTimerHook                      
(NORMAL      ) SyncBuffersHook                    
(LOW         ) ParamSchedulerHook                 
(VERY_LOW    ) CheckpointHook                     
 -------------------- 
before_val:
(VERY_HIGH   ) RuntimeInfoHook                    
 -------------------- 
before_val_epoch:
(NORMAL      ) IterTimerHook                      
(NORMAL      ) SyncBuffersHook                    
(NORMAL      ) TextDetCompareVisualizationHook    
 -------------------- 
before_val_iter:
(NORMAL      ) IterTimerHook                      
 -------------------- 
after_val_iter:
(NORMAL      ) IterTimerHook                      
(NORMAL      ) VisualizationHook                  
(NORMAL      ) TextDetCompareVisualizationHook    
(BELOW_NORMAL) LoggerHook                         
 -------------------- 
after_val_epoch:
(VERY_HIGH   ) RuntimeInfoHook                    
(NORMAL      ) IterTimerHook                      
(NORMAL      ) TextDetCompareVisualizationHook    
(BELOW_NORMAL) LoggerHook                         
(LOW         ) ParamSchedulerHook                 
(VERY_LOW    ) CheckpointHook                     
(LOWEST      ) EarlyStoppingHook                  
 -------------------- 
after_val:
(VERY_HIGH   ) RuntimeInfoHook                    
 -------------------- 
after_train:
(VERY_HIGH   ) RuntimeInfoHook                    
(VERY_LOW    ) CheckpointHook                     
 -------------------- 
before_test:
(VERY_HIGH   ) RuntimeInfoHook                    
 -------------------- 
before_test_epoch:
(NORMAL      ) IterTimerHook                      
(NORMAL      ) TextDetCompareVisualizationHook    
 -------------------- 
before_test_iter:
(NORMAL      ) IterTimerHook                      
 -------------------- 
after_test_iter:
(NORMAL      ) IterTimerHook                      
(NORMAL      ) VisualizationHook                  
(NORMAL      ) TextDetCompareVisualizationHook    
(BELOW_NORMAL) LoggerHook                         
 -------------------- 
after_test_epoch:
(VERY_HIGH   ) RuntimeInfoHook                    
(NORMAL      ) IterTimerHook                      
(NORMAL      ) TextDetCompareVisualizationHook    
(BELOW_NORMAL) LoggerHook                         
 -------------------- 
after_test:
(VERY_HIGH   ) RuntimeInfoHook                    
 -------------------- 
after_run:
(BELOW_NORMAL) LoggerHook                         
 -------------------- 
12/22 01:42:03 - mmengine - INFO - LR is set based on batch size of 32 and the current batch size is 32. Scaling the original LR by 1.0.
12/22 01:42:04 - mmengine - INFO - load model from: torchvision://resnet50
12/22 01:42:04 - mmengine - INFO - Loads checkpoint by torchvision backend from path: torchvision://resnet50
12/22 01:42:04 - mmengine - WARNING - The model and loaded state dict do not match exactly

unexpected key in source state_dict: fc.weight, fc.bias

12/22 01:42:04 - mmengine - WARNING - "FileClient" will be deprecated in future. Please use io functions in https://mmengine.readthedocs.io/en/latest/api/fileio.html#file-io
12/22 01:42:04 - mmengine - WARNING - "HardDiskBackend" is the alias of "LocalBackend" and the former will be deprecated in future.
12/22 01:42:04 - mmengine - INFO - Checkpoints will be saved to /root/lanyun-tmp/mmocr/work_dirs/dbnetpp_r50_direct_finetune_art_rctw_rects.
12/22 01:42:31 - mmengine - INFO - Epoch(train)   [1][  5/947]  lr: 1.5000e-04  eta: 11 days, 17:57:24  time: 5.3594  data_time: 1.5455  memory: 17991  grad_norm: inf  loss: 15.0094  loss_prob: 11.2798  loss_thr: 2.7970  loss_db: 0.9325
12/22 01:42:43 - mmengine - INFO - Epoch(train)   [1][ 10/947]  lr: 1.5000e-04  eta: 8 days, 13:22:08  time: 3.9037  data_time: 0.7737  memory: 17790  grad_norm: inf  loss: 14.8624  loss_prob: 11.1610  loss_thr: 2.7677  loss_db: 0.9337
12/22 01:42:55 - mmengine - INFO - Epoch(train)   [1][ 15/947]  lr: 1.5000e-04  eta: 7 days, 11:00:49  time: 2.4246  data_time: 0.0020  memory: 17790  grad_norm: 85.3708  loss: 14.3883  loss_prob: 10.7436  loss_thr: 2.7078  loss_db: 0.9369
12/22 01:43:06 - mmengine - INFO - Epoch(train)   [1][ 20/947]  lr: 1.5000e-04  eta: 6 days, 20:15:22  time: 2.3411  data_time: 0.0021  memory: 17790  grad_norm: 92.0335  loss: 13.7268  loss_prob: 10.1177  loss_thr: 2.6681  loss_db: 0.9410
12/22 01:43:18 - mmengine - INFO - Epoch(train)   [1][ 25/947]  lr: 1.5000e-04  eta: 6 days, 11:27:30  time: 2.2838  data_time: 0.0020  memory: 17790  grad_norm: 104.4551  loss: 13.0104  loss_prob: 9.4391  loss_thr: 2.6281  loss_db: 0.9432
12/22 01:43:29 - mmengine - INFO - Epoch(train)   [1][ 30/947]  lr: 1.5000e-04  eta: 6 days, 4:52:41  time: 2.2459  data_time: 0.0019  memory: 17790  grad_norm: inf  loss: 12.2766  loss_prob: 8.7833  loss_thr: 2.5505  loss_db: 0.9427
12/22 01:43:40 - mmengine - INFO - Epoch(train)   [1][ 35/947]  lr: 1.5000e-04  eta: 6 days, 0:06:52  time: 2.2010  data_time: 0.0020  memory: 17790  grad_norm: inf  loss: 11.7565  loss_prob: 8.3334  loss_thr: 2.4789  loss_db: 0.9441
12/22 01:43:51 - mmengine - INFO - Epoch(train)   [1][ 40/947]  lr: 1.5000e-04  eta: 5 days, 21:17:25  time: 2.2538  data_time: 0.0020  memory: 17790  grad_norm: 118.9028  loss: 11.3180  loss_prob: 7.9530  loss_thr: 2.4220  loss_db: 0.9431
12/22 01:44:03 - mmengine - INFO - Epoch(train)   [1][ 45/947]  lr: 1.5000e-04  eta: 5 days, 18:40:31  time: 2.2751  data_time: 0.0020  memory: 17790  grad_norm: 120.4607  loss: 10.8929  loss_prob: 7.5751  loss_thr: 2.3740  loss_db: 0.9438
12/22 01:44:14 - mmengine - INFO - Epoch(train)   [1][ 50/947]  lr: 1.5000e-04  eta: 5 days, 16:14:38  time: 2.2071  data_time: 0.0019  memory: 17790  grad_norm: 106.7920  loss: 10.5264  loss_prob: 7.2573  loss_thr: 2.3241  loss_db: 0.9450
12/22 01:44:25 - mmengine - INFO - Epoch(train)   [1][ 55/947]  lr: 1.5000e-04  eta: 5 days, 14:39:43  time: 2.2176  data_time: 0.0019  memory: 17790  grad_norm: 100.0527  loss: 10.1158  loss_prob: 6.9265  loss_thr: 2.2472  loss_db: 0.9422
12/22 01:44:36 - mmengine - INFO - Epoch(train)   [1][ 60/947]  lr: 1.5000e-04  eta: 5 days, 13:16:32  time: 2.2525  data_time: 0.0019  memory: 17790  grad_norm: 103.6646  loss: 9.7574  loss_prob: 6.6476  loss_thr: 2.1692  loss_db: 0.9406
12/22 01:44:48 - mmengine - INFO - Epoch(train)   [1][ 65/947]  lr: 1.5000e-04  eta: 5 days, 12:44:34  time: 2.3240  data_time: 0.0019  memory: 17790  grad_norm: inf  loss: 9.5633  loss_prob: 6.5221  loss_thr: 2.1005  loss_db: 0.9407
12/22 01:45:00 - mmengine - INFO - Epoch(train)   [1][ 70/947]  lr: 1.5000e-04  eta: 5 days, 12:00:48  time: 2.3670  data_time: 0.0018  memory: 17790  grad_norm: inf  loss: 9.3677  loss_prob: 6.3890  loss_thr: 2.0370  loss_db: 0.9417
12/22 01:45:11 - mmengine - INFO - Epoch(train)   [1][ 75/947]  lr: 1.5000e-04  eta: 5 days, 11:05:47  time: 2.2902  data_time: 0.0022  memory: 17790  grad_norm: 96.3956  loss: 9.1506  loss_prob: 6.2330  loss_thr: 1.9744  loss_db: 0.9432
