2025/12/27 20:25:22 - mmengine - INFO - 
------------------------------------------------------------
System environment:
    sys.platform: linux
    Python: 3.8.20 (default, Oct  3 2024, 15:24:27) [GCC 11.2.0]
    CUDA available: True
    MUSA available: False
    numpy_random_seed: 1589500513
    GPU 0: NVIDIA GeForce RTX 3090
    CUDA_HOME: /usr/local/cuda
    NVCC: Cuda compilation tools, release 11.1, V11.1.105
    GCC: gcc (Ubuntu 9.4.0-1ubuntu1~20.04.2) 9.4.0
    PyTorch: 1.10.2+cu111
    PyTorch compiling details: PyTorch built with:
  - GCC 7.3
  - C++ Version: 201402
  - Intel(R) Math Kernel Library Version 2020.0.0 Product Build 20191122 for Intel(R) 64 architecture applications
  - Intel(R) MKL-DNN v2.2.3 (Git Hash 7336ca9f055cf1bfa13efb658fe15dc9b41f0740)
  - OpenMP 201511 (a.k.a. OpenMP 4.5)
  - LAPACK is enabled (usually provided by MKL)
  - NNPACK is enabled
  - CPU capability usage: AVX2
  - CUDA Runtime 11.1
  - NVCC architecture flags: -gencode;arch=compute_37,code=sm_37;-gencode;arch=compute_50,code=sm_50;-gencode;arch=compute_60,code=sm_60;-gencode;arch=compute_70,code=sm_70;-gencode;arch=compute_75,code=sm_75;-gencode;arch=compute_80,code=sm_80;-gencode;arch=compute_86,code=sm_86
  - CuDNN 8.0.5
  - Magma 2.5.2
  - Build settings: BLAS_INFO=mkl, BUILD_TYPE=Release, CUDA_VERSION=11.1, CUDNN_VERSION=8.0.5, CXX_COMPILER=/opt/rh/devtoolset-7/root/usr/bin/c++, CXX_FLAGS= -Wno-deprecated -fvisibility-inlines-hidden -DUSE_PTHREADPOOL -fopenmp -DNDEBUG -DUSE_KINETO -DUSE_FBGEMM -DUSE_QNNPACK -DUSE_PYTORCH_QNNPACK -DUSE_XNNPACK -DSYMBOLICATE_MOBILE_DEBUG_HANDLE -DEDGE_PROFILER_USE_KINETO -O2 -fPIC -Wno-narrowing -Wall -Wextra -Werror=return-type -Wno-missing-field-initializers -Wno-type-limits -Wno-array-bounds -Wno-unknown-pragmas -Wno-sign-compare -Wno-unused-parameter -Wno-unused-variable -Wno-unused-function -Wno-unused-result -Wno-unused-local-typedefs -Wno-strict-overflow -Wno-strict-aliasing -Wno-error=deprecated-declarations -Wno-stringop-overflow -Wno-psabi -Wno-error=pedantic -Wno-error=redundant-decls -Wno-error=old-style-cast -fdiagnostics-color=always -faligned-new -Wno-unused-but-set-variable -Wno-maybe-uninitialized -fno-math-errno -fno-trapping-math -Werror=format -Wno-stringop-overflow, LAPACK_INFO=mkl, PERF_WITH_AVX=1, PERF_WITH_AVX2=1, PERF_WITH_AVX512=1, TORCH_VERSION=1.10.2, USE_CUDA=ON, USE_CUDNN=ON, USE_EXCEPTION_PTR=1, USE_GFLAGS=OFF, USE_GLOG=OFF, USE_MKL=ON, USE_MKLDNN=ON, USE_MPI=OFF, USE_NCCL=ON, USE_NNPACK=ON, USE_OPENMP=ON, 

    TorchVision: 0.11.3+cu111
    OpenCV: 4.12.0
    MMEngine: 0.10.7

Runtime environment:
    cudnn_benchmark: True
    mp_cfg: {'mp_start_method': 'fork', 'opencv_num_threads': 0}
    dist_cfg: {'backend': 'nccl'}
    seed: 1589500513
    Distributed launcher: none
    Distributed training: False
    GPU number: 1
------------------------------------------------------------

2025/12/27 20:25:23 - mmengine - INFO - Config:
auto_scale_lr = dict(base_batch_size=12, enable=True)
custom_hooks = [
    dict(
        min_delta=0.001,
        monitor='icdar/hmean',
        patience=6,
        rule='greater',
        type='EarlyStoppingHook'),
]
default_hooks = dict(
    checkpoint=dict(
        interval=5,
        max_keep_ckpts=3,
        rule='greater',
        save_best='icdar/hmean',
        type='CheckpointHook'),
    logger=dict(interval=5, type='LoggerHook'),
    param_scheduler=dict(type='ParamSchedulerHook'),
    sampler_seed=dict(type='DistSamplerSeedHook'),
    sync_buffer=dict(type='SyncBuffersHook'),
    timer=dict(type='IterTimerHook'),
    visualization=dict(
        draw_gt=False,
        draw_pred=False,
        enable=False,
        interval=1,
        show=False,
        type='VisualizationHook'))
default_scope = 'mmocr'
env_cfg = dict(
    cudnn_benchmark=True,
    dist_cfg=dict(backend='nccl'),
    mp_cfg=dict(mp_start_method='fork', opencv_num_threads=0))
launcher = 'none'
load_from = None
log_level = 'INFO'
log_processor = dict(by_epoch=True, type='LogProcessor', window_size=10)
max_epochs = 60
model = dict(
    backbone=dict(
        dcn=dict(deform_groups=2, fallback_on_stride=False, type='DCNv2'),
        depth=50,
        frozen_stages=-1,
        init_cfg=dict(checkpoint='torchvision://resnet50', type='Pretrained'),
        norm_cfg=dict(requires_grad=True, type='BN'),
        norm_eval=True,
        num_stages=4,
        out_indices=(
            1,
            2,
            3,
        ),
        stage_with_dcn=(
            False,
            True,
            True,
            True,
        ),
        style='pytorch',
        type='mmdet.ResNet'),
    data_preprocessor=dict(
        bgr_to_rgb=True,
        mean=[
            123.675,
            116.28,
            103.53,
        ],
        pad_size_divisor=32,
        std=[
            58.395,
            57.12,
            57.375,
        ],
        type='TextDetDataPreprocessor'),
    det_head=dict(
        fourier_degree=5,
        in_channels=256,
        module_loss=dict(
            level_proportion_range=(
                (
                    0,
                    0.25,
                ),
                (
                    0.2,
                    0.65,
                ),
                (
                    0.55,
                    1.0,
                ),
            ),
            num_sample=50,
            type='FCEModuleLoss'),
        postprocessor=dict(
            alpha=1.0,
            beta=2.0,
            num_reconstr_points=50,
            scales=(
                8,
                16,
                32,
            ),
            score_thr=0.3,
            text_repr_type='poly',
            type='FCEPostprocessor'),
        type='FCEHead'),
    neck=dict(
        act_cfg=None,
        add_extra_convs='on_output',
        in_channels=[
            512,
            1024,
            2048,
        ],
        num_outs=3,
        out_channels=256,
        relu_before_extra_convs=True,
        type='mmdet.FPN'),
    type='FCENet')
optim_wrapper = dict(
    clip_grad=dict(max_norm=5, norm_type=2),
    loss_scale='dynamic',
    optimizer=dict(lr=0.001, momentum=0.9, type='SGD', weight_decay=0.0005),
    type='AmpOptimWrapper')
param_scheduler = [
    dict(begin=0, by_epoch=True, end=2, start_factor=0.1, type='LinearLR'),
    dict(
        begin=2,
        by_epoch=True,
        end=60,
        eta_min=1e-07,
        power=0.9,
        type='PolyLR'),
]
randomness = dict(seed=None)
resume = True
test_cfg = dict(type='TestLoop')
test_dataloader = dict(
    batch_size=1,
    dataset=dict(
        datasets=[
            dict(
                ann_file='instances_val.json',
                data_root='data/lsvt_mmocr',
                pipeline=None,
                test_mode=True,
                type='OCRDataset'),
            dict(
                ann_file='instances_val.json',
                data_root='data/ctw_mmocr',
                pipeline=None,
                test_mode=True,
                type='OCRDataset'),
        ],
        pipeline=[
            dict(
                color_type='color_ignore_orientation',
                type='LoadImageFromFile'),
            dict(keep_ratio=True, scale=(
                2260,
                2260,
            ), type='Resize'),
            dict(
                type='LoadOCRAnnotations',
                with_bbox=True,
                with_label=True,
                with_polygon=True),
            dict(
                meta_keys=(
                    'img_path',
                    'ori_shape',
                    'img_shape',
                    'scale_factor',
                ),
                type='PackTextDetInputs'),
        ],
        type='ConcatDataset'),
    num_workers=2,
    persistent_workers=True,
    pin_memory=True,
    sampler=dict(shuffle=False, type='DefaultSampler'))
test_evaluator = dict(
    dataset_prefixes=dict(ctw='data/ctw_mmocr', lsvt='data/lsvt_mmocr'),
    type='MultiDatasetHmeanIOUMetric')
test_list = [
    dict(
        ann_file='instances_val.json',
        data_root='data/lsvt_mmocr',
        pipeline=None,
        test_mode=True,
        type='OCRDataset'),
    dict(
        ann_file='instances_val.json',
        data_root='data/ctw_mmocr',
        pipeline=None,
        test_mode=True,
        type='OCRDataset'),
]
test_pipeline = [
    dict(color_type='color_ignore_orientation', type='LoadImageFromFile'),
    dict(keep_ratio=True, scale=(
        2260,
        2260,
    ), type='Resize'),
    dict(
        type='LoadOCRAnnotations',
        with_bbox=True,
        with_label=True,
        with_polygon=True),
    dict(
        meta_keys=(
            'img_path',
            'ori_shape',
            'img_shape',
            'scale_factor',
        ),
        type='PackTextDetInputs'),
]
textdet_ctw_data_root = 'data/ctw_mmocr'
textdet_ctw_test = dict(
    ann_file='instances_val.json',
    data_root='data/ctw_mmocr',
    pipeline=None,
    test_mode=True,
    type='OCRDataset')
textdet_ctw_train = dict(
    ann_file='instances_train.json',
    data_root='data/ctw_mmocr',
    filter_cfg=dict(filter_empty_gt=True, min_size=32),
    pipeline=None,
    type='OCRDataset')
textdet_lsvt_ctw_data_root = 'data/textdet_pretrain_lsvt_ctw'
textdet_lsvt_ctw_test = dict(
    ann_file='instances_val.json',
    data_root='data/textdet_pretrain_lsvt_ctw',
    pipeline=None,
    test_mode=True,
    type='OCRDataset')
textdet_lsvt_ctw_train = dict(
    ann_file='instances_train.json',
    data_root='data/textdet_pretrain_lsvt_ctw',
    filter_cfg=dict(filter_empty_gt=True, min_size=32),
    pipeline=None,
    type='OCRDataset')
textdet_lsvt_data_root = 'data/lsvt_mmocr'
textdet_lsvt_test = dict(
    ann_file='instances_val.json',
    data_root='data/lsvt_mmocr',
    pipeline=None,
    test_mode=True,
    type='OCRDataset')
textdet_lsvt_train = dict(
    ann_file='instances_train.json',
    data_root='data/lsvt_mmocr',
    filter_cfg=dict(filter_empty_gt=True, min_size=32),
    pipeline=None,
    type='OCRDataset')
train_cfg = dict(max_epochs=60, type='EpochBasedTrainLoop', val_interval=5)
train_dataloader = dict(
    batch_size=32,
    dataset=dict(
        datasets=[
            dict(
                ann_file='instances_train.json',
                data_root='data/lsvt_mmocr',
                filter_cfg=dict(filter_empty_gt=True, min_size=32),
                pipeline=None,
                type='OCRDataset'),
            dict(
                ann_file='instances_train.json',
                data_root='data/ctw_mmocr',
                filter_cfg=dict(filter_empty_gt=True, min_size=32),
                pipeline=None,
                type='OCRDataset'),
        ],
        pipeline=[
            dict(
                color_type='color_ignore_orientation',
                type='LoadImageFromFile'),
            dict(
                type='LoadOCRAnnotations',
                with_bbox=True,
                with_label=True,
                with_polygon=True),
            dict(
                keep_ratio=True,
                ratio_range=(
                    0.75,
                    2.5,
                ),
                scale=(
                    800,
                    800,
                ),
                type='RandomResize'),
            dict(
                crop_ratio=0.5,
                iter_num=1,
                min_area_ratio=0.2,
                type='TextDetRandomCropFlip'),
            dict(
                prob=0.8,
                transforms=[
                    dict(min_side_ratio=0.3, type='RandomCrop'),
                ],
                type='RandomApply'),
            dict(
                prob=0.5,
                transforms=[
                    dict(
                        max_angle=30,
                        pad_with_fixed_color=False,
                        type='RandomRotate',
                        use_canvas=True),
                ],
                type='RandomApply'),
            dict(
                prob=[
                    0.6,
                    0.4,
                ],
                transforms=[
                    [
                        dict(keep_ratio=True, scale=800, type='Resize'),
                        dict(target_scale=800, type='SourceImagePad'),
                    ],
                    dict(keep_ratio=False, scale=800, type='Resize'),
                ],
                type='RandomChoice'),
            dict(direction='horizontal', prob=0.5, type='RandomFlip'),
            dict(
                brightness=0.12549019607843137,
                contrast=0.5,
                op='ColorJitter',
                saturation=0.5,
                type='TorchVisionWrapper'),
            dict(
                meta_keys=(
                    'img_path',
                    'ori_shape',
                    'img_shape',
                    'scale_factor',
                ),
                type='PackTextDetInputs'),
        ],
        type='ConcatDataset'),
    num_workers=6,
    persistent_workers=True,
    pin_memory=True,
    sampler=dict(shuffle=True, type='DefaultSampler'))
train_list = [
    dict(
        ann_file='instances_train.json',
        data_root='data/lsvt_mmocr',
        filter_cfg=dict(filter_empty_gt=True, min_size=32),
        pipeline=None,
        type='OCRDataset'),
    dict(
        ann_file='instances_train.json',
        data_root='data/ctw_mmocr',
        filter_cfg=dict(filter_empty_gt=True, min_size=32),
        pipeline=None,
        type='OCRDataset'),
]
train_pipeline = [
    dict(color_type='color_ignore_orientation', type='LoadImageFromFile'),
    dict(
        type='LoadOCRAnnotations',
        with_bbox=True,
        with_label=True,
        with_polygon=True),
    dict(
        keep_ratio=True,
        ratio_range=(
            0.75,
            2.5,
        ),
        scale=(
            800,
            800,
        ),
        type='RandomResize'),
    dict(
        crop_ratio=0.5,
        iter_num=1,
        min_area_ratio=0.2,
        type='TextDetRandomCropFlip'),
    dict(
        prob=0.8,
        transforms=[
            dict(min_side_ratio=0.3, type='RandomCrop'),
        ],
        type='RandomApply'),
    dict(
        prob=0.5,
        transforms=[
            dict(
                max_angle=30,
                pad_with_fixed_color=False,
                type='RandomRotate',
                use_canvas=True),
        ],
        type='RandomApply'),
    dict(
        prob=[
            0.6,
            0.4,
        ],
        transforms=[
            [
                dict(keep_ratio=True, scale=800, type='Resize'),
                dict(target_scale=800, type='SourceImagePad'),
            ],
            dict(keep_ratio=False, scale=800, type='Resize'),
        ],
        type='RandomChoice'),
    dict(direction='horizontal', prob=0.5, type='RandomFlip'),
    dict(
        brightness=0.12549019607843137,
        contrast=0.5,
        op='ColorJitter',
        saturation=0.5,
        type='TorchVisionWrapper'),
    dict(
        meta_keys=(
            'img_path',
            'ori_shape',
            'img_shape',
            'scale_factor',
        ),
        type='PackTextDetInputs'),
]
val_cfg = dict(type='ValLoop')
val_dataloader = dict(
    batch_size=1,
    dataset=dict(
        datasets=[
            dict(
                ann_file='instances_val.json',
                data_root='data/lsvt_mmocr',
                pipeline=None,
                test_mode=True,
                type='OCRDataset'),
            dict(
                ann_file='instances_val.json',
                data_root='data/ctw_mmocr',
                pipeline=None,
                test_mode=True,
                type='OCRDataset'),
        ],
        pipeline=[
            dict(
                color_type='color_ignore_orientation',
                type='LoadImageFromFile'),
            dict(keep_ratio=True, scale=(
                2260,
                2260,
            ), type='Resize'),
            dict(
                type='LoadOCRAnnotations',
                with_bbox=True,
                with_label=True,
                with_polygon=True),
            dict(
                meta_keys=(
                    'img_path',
                    'ori_shape',
                    'img_shape',
                    'scale_factor',
                ),
                type='PackTextDetInputs'),
        ],
        type='ConcatDataset'),
    num_workers=2,
    persistent_workers=True,
    pin_memory=True,
    sampler=dict(shuffle=False, type='DefaultSampler'))
val_evaluator = dict(
    dataset_prefixes=dict(ctw='data/ctw_mmocr', lsvt='data/lsvt_mmocr'),
    type='MultiDatasetHmeanIOUMetric')
vis_backends = [
    dict(type='LocalVisBackend'),
]
visualizer = dict(
    name='visualizer',
    type='TextDetLocalVisualizer',
    vis_backends=[
        dict(type='LocalVisBackend'),
    ])
work_dir = 'work_dirs/fcenet_r50dcnv2_fpn_1500e_lsvt_ctw_pretrain'

2025/12/27 20:25:30 - mmengine - INFO - Distributed training is not used, all SyncBatchNorm (SyncBN) layers in the model will be automatically reverted to BatchNormXd layers if they are used.
2025/12/27 20:25:30 - mmengine - INFO - Hooks will be executed in the following order:
before_run:
(VERY_HIGH   ) RuntimeInfoHook                    
(BELOW_NORMAL) LoggerHook                         
(LOWEST      ) EarlyStoppingHook                  
 -------------------- 
before_train:
(VERY_HIGH   ) RuntimeInfoHook                    
(NORMAL      ) IterTimerHook                      
(VERY_LOW    ) CheckpointHook                     
 -------------------- 
before_train_epoch:
(VERY_HIGH   ) RuntimeInfoHook                    
(NORMAL      ) IterTimerHook                      
(NORMAL      ) DistSamplerSeedHook                
 -------------------- 
before_train_iter:
(VERY_HIGH   ) RuntimeInfoHook                    
(NORMAL      ) IterTimerHook                      
 -------------------- 
after_train_iter:
(VERY_HIGH   ) RuntimeInfoHook                    
(NORMAL      ) IterTimerHook                      
(BELOW_NORMAL) LoggerHook                         
(LOW         ) ParamSchedulerHook                 
(VERY_LOW    ) CheckpointHook                     
 -------------------- 
after_train_epoch:
(NORMAL      ) IterTimerHook                      
(NORMAL      ) SyncBuffersHook                    
(LOW         ) ParamSchedulerHook                 
(VERY_LOW    ) CheckpointHook                     
 -------------------- 
before_val:
(VERY_HIGH   ) RuntimeInfoHook                    
 -------------------- 
before_val_epoch:
(NORMAL      ) IterTimerHook                      
(NORMAL      ) SyncBuffersHook                    
 -------------------- 
before_val_iter:
(NORMAL      ) IterTimerHook                      
 -------------------- 
after_val_iter:
(NORMAL      ) IterTimerHook                      
(NORMAL      ) VisualizationHook                  
(BELOW_NORMAL) LoggerHook                         
 -------------------- 
after_val_epoch:
(VERY_HIGH   ) RuntimeInfoHook                    
(NORMAL      ) IterTimerHook                      
(BELOW_NORMAL) LoggerHook                         
(LOW         ) ParamSchedulerHook                 
(VERY_LOW    ) CheckpointHook                     
(LOWEST      ) EarlyStoppingHook                  
 -------------------- 
after_val:
(VERY_HIGH   ) RuntimeInfoHook                    
 -------------------- 
after_train:
(VERY_HIGH   ) RuntimeInfoHook                    
(VERY_LOW    ) CheckpointHook                     
 -------------------- 
before_test:
(VERY_HIGH   ) RuntimeInfoHook                    
 -------------------- 
before_test_epoch:
(NORMAL      ) IterTimerHook                      
 -------------------- 
before_test_iter:
(NORMAL      ) IterTimerHook                      
 -------------------- 
after_test_iter:
(NORMAL      ) IterTimerHook                      
(NORMAL      ) VisualizationHook                  
(BELOW_NORMAL) LoggerHook                         
 -------------------- 
after_test_epoch:
(VERY_HIGH   ) RuntimeInfoHook                    
(NORMAL      ) IterTimerHook                      
(BELOW_NORMAL) LoggerHook                         
 -------------------- 
after_test:
(VERY_HIGH   ) RuntimeInfoHook                    
 -------------------- 
after_run:
(BELOW_NORMAL) LoggerHook                         
 -------------------- 
2025/12/27 20:25:48 - mmengine - INFO - LR is set based on batch size of 12 and the current batch size is 32. Scaling the original LR by 2.6666666666666665.
2025/12/27 20:25:51 - mmengine - INFO - load model from: torchvision://resnet50
2025/12/27 20:25:51 - mmengine - INFO - Loads checkpoint by torchvision backend from path: torchvision://resnet50
2025/12/27 20:25:51 - mmengine - WARNING - The model and loaded state dict do not match exactly

unexpected key in source state_dict: fc.weight, fc.bias

missing keys in source state_dict: layer2.0.conv2.conv_offset.weight, layer2.0.conv2.conv_offset.bias, layer2.1.conv2.conv_offset.weight, layer2.1.conv2.conv_offset.bias, layer2.2.conv2.conv_offset.weight, layer2.2.conv2.conv_offset.bias, layer2.3.conv2.conv_offset.weight, layer2.3.conv2.conv_offset.bias, layer3.0.conv2.conv_offset.weight, layer3.0.conv2.conv_offset.bias, layer3.1.conv2.conv_offset.weight, layer3.1.conv2.conv_offset.bias, layer3.2.conv2.conv_offset.weight, layer3.2.conv2.conv_offset.bias, layer3.3.conv2.conv_offset.weight, layer3.3.conv2.conv_offset.bias, layer3.4.conv2.conv_offset.weight, layer3.4.conv2.conv_offset.bias, layer3.5.conv2.conv_offset.weight, layer3.5.conv2.conv_offset.bias, layer4.0.conv2.conv_offset.weight, layer4.0.conv2.conv_offset.bias, layer4.1.conv2.conv_offset.weight, layer4.1.conv2.conv_offset.bias, layer4.2.conv2.conv_offset.weight, layer4.2.conv2.conv_offset.bias

Name of parameter - Initialization information

backbone.conv1.weight - torch.Size([64, 3, 7, 7]): 
PretrainedInit: load from torchvision://resnet50 

backbone.bn1.weight - torch.Size([64]): 
PretrainedInit: load from torchvision://resnet50 

backbone.bn1.bias - torch.Size([64]): 
PretrainedInit: load from torchvision://resnet50 

backbone.layer1.0.conv1.weight - torch.Size([64, 64, 1, 1]): 
PretrainedInit: load from torchvision://resnet50 

backbone.layer1.0.bn1.weight - torch.Size([64]): 
PretrainedInit: load from torchvision://resnet50 

backbone.layer1.0.bn1.bias - torch.Size([64]): 
PretrainedInit: load from torchvision://resnet50 

backbone.layer1.0.conv2.weight - torch.Size([64, 64, 3, 3]): 
PretrainedInit: load from torchvision://resnet50 

backbone.layer1.0.bn2.weight - torch.Size([64]): 
PretrainedInit: load from torchvision://resnet50 

backbone.layer1.0.bn2.bias - torch.Size([64]): 
PretrainedInit: load from torchvision://resnet50 

backbone.layer1.0.conv3.weight - torch.Size([256, 64, 1, 1]): 
PretrainedInit: load from torchvision://resnet50 

backbone.layer1.0.bn3.weight - torch.Size([256]): 
PretrainedInit: load from torchvision://resnet50 

backbone.layer1.0.bn3.bias - torch.Size([256]): 
PretrainedInit: load from torchvision://resnet50 

backbone.layer1.0.downsample.0.weight - torch.Size([256, 64, 1, 1]): 
PretrainedInit: load from torchvision://resnet50 

backbone.layer1.0.downsample.1.weight - torch.Size([256]): 
PretrainedInit: load from torchvision://resnet50 

backbone.layer1.0.downsample.1.bias - torch.Size([256]): 
PretrainedInit: load from torchvision://resnet50 

backbone.layer1.1.conv1.weight - torch.Size([64, 256, 1, 1]): 
PretrainedInit: load from torchvision://resnet50 

backbone.layer1.1.bn1.weight - torch.Size([64]): 
PretrainedInit: load from torchvision://resnet50 

backbone.layer1.1.bn1.bias - torch.Size([64]): 
PretrainedInit: load from torchvision://resnet50 

backbone.layer1.1.conv2.weight - torch.Size([64, 64, 3, 3]): 
PretrainedInit: load from torchvision://resnet50 

backbone.layer1.1.bn2.weight - torch.Size([64]): 
PretrainedInit: load from torchvision://resnet50 

backbone.layer1.1.bn2.bias - torch.Size([64]): 
PretrainedInit: load from torchvision://resnet50 

backbone.layer1.1.conv3.weight - torch.Size([256, 64, 1, 1]): 
PretrainedInit: load from torchvision://resnet50 

backbone.layer1.1.bn3.weight - torch.Size([256]): 
PretrainedInit: load from torchvision://resnet50 

backbone.layer1.1.bn3.bias - torch.Size([256]): 
PretrainedInit: load from torchvision://resnet50 

backbone.layer1.2.conv1.weight - torch.Size([64, 256, 1, 1]): 
PretrainedInit: load from torchvision://resnet50 

backbone.layer1.2.bn1.weight - torch.Size([64]): 
PretrainedInit: load from torchvision://resnet50 

backbone.layer1.2.bn1.bias - torch.Size([64]): 
PretrainedInit: load from torchvision://resnet50 

backbone.layer1.2.conv2.weight - torch.Size([64, 64, 3, 3]): 
PretrainedInit: load from torchvision://resnet50 

backbone.layer1.2.bn2.weight - torch.Size([64]): 
PretrainedInit: load from torchvision://resnet50 

backbone.layer1.2.bn2.bias - torch.Size([64]): 
PretrainedInit: load from torchvision://resnet50 

backbone.layer1.2.conv3.weight - torch.Size([256, 64, 1, 1]): 
PretrainedInit: load from torchvision://resnet50 

backbone.layer1.2.bn3.weight - torch.Size([256]): 
PretrainedInit: load from torchvision://resnet50 

backbone.layer1.2.bn3.bias - torch.Size([256]): 
PretrainedInit: load from torchvision://resnet50 

backbone.layer2.0.conv1.weight - torch.Size([128, 256, 1, 1]): 
PretrainedInit: load from torchvision://resnet50 

backbone.layer2.0.bn1.weight - torch.Size([128]): 
PretrainedInit: load from torchvision://resnet50 

backbone.layer2.0.bn1.bias - torch.Size([128]): 
PretrainedInit: load from torchvision://resnet50 

backbone.layer2.0.conv2.weight - torch.Size([128, 128, 3, 3]): 
PretrainedInit: load from torchvision://resnet50 

backbone.layer2.0.conv2.conv_offset.weight - torch.Size([54, 128, 3, 3]): 
The value is the same before and after calling `init_weights` of FCENet  

backbone.layer2.0.conv2.conv_offset.bias - torch.Size([54]): 
The value is the same before and after calling `init_weights` of FCENet  

backbone.layer2.0.bn2.weight - torch.Size([128]): 
PretrainedInit: load from torchvision://resnet50 

backbone.layer2.0.bn2.bias - torch.Size([128]): 
PretrainedInit: load from torchvision://resnet50 

backbone.layer2.0.conv3.weight - torch.Size([512, 128, 1, 1]): 
PretrainedInit: load from torchvision://resnet50 

backbone.layer2.0.bn3.weight - torch.Size([512]): 
PretrainedInit: load from torchvision://resnet50 

backbone.layer2.0.bn3.bias - torch.Size([512]): 
PretrainedInit: load from torchvision://resnet50 

backbone.layer2.0.downsample.0.weight - torch.Size([512, 256, 1, 1]): 
PretrainedInit: load from torchvision://resnet50 

backbone.layer2.0.downsample.1.weight - torch.Size([512]): 
PretrainedInit: load from torchvision://resnet50 

backbone.layer2.0.downsample.1.bias - torch.Size([512]): 
PretrainedInit: load from torchvision://resnet50 

backbone.layer2.1.conv1.weight - torch.Size([128, 512, 1, 1]): 
PretrainedInit: load from torchvision://resnet50 

backbone.layer2.1.bn1.weight - torch.Size([128]): 
PretrainedInit: load from torchvision://resnet50 

backbone.layer2.1.bn1.bias - torch.Size([128]): 
PretrainedInit: load from torchvision://resnet50 

backbone.layer2.1.conv2.weight - torch.Size([128, 128, 3, 3]): 
PretrainedInit: load from torchvision://resnet50 

backbone.layer2.1.conv2.conv_offset.weight - torch.Size([54, 128, 3, 3]): 
The value is the same before and after calling `init_weights` of FCENet  

backbone.layer2.1.conv2.conv_offset.bias - torch.Size([54]): 
The value is the same before and after calling `init_weights` of FCENet  

backbone.layer2.1.bn2.weight - torch.Size([128]): 
PretrainedInit: load from torchvision://resnet50 

backbone.layer2.1.bn2.bias - torch.Size([128]): 
PretrainedInit: load from torchvision://resnet50 

backbone.layer2.1.conv3.weight - torch.Size([512, 128, 1, 1]): 
PretrainedInit: load from torchvision://resnet50 

backbone.layer2.1.bn3.weight - torch.Size([512]): 
PretrainedInit: load from torchvision://resnet50 

backbone.layer2.1.bn3.bias - torch.Size([512]): 
PretrainedInit: load from torchvision://resnet50 

backbone.layer2.2.conv1.weight - torch.Size([128, 512, 1, 1]): 
PretrainedInit: load from torchvision://resnet50 

backbone.layer2.2.bn1.weight - torch.Size([128]): 
PretrainedInit: load from torchvision://resnet50 

backbone.layer2.2.bn1.bias - torch.Size([128]): 
PretrainedInit: load from torchvision://resnet50 

backbone.layer2.2.conv2.weight - torch.Size([128, 128, 3, 3]): 
PretrainedInit: load from torchvision://resnet50 

backbone.layer2.2.conv2.conv_offset.weight - torch.Size([54, 128, 3, 3]): 
The value is the same before and after calling `init_weights` of FCENet  

backbone.layer2.2.conv2.conv_offset.bias - torch.Size([54]): 
The value is the same before and after calling `init_weights` of FCENet  

backbone.layer2.2.bn2.weight - torch.Size([128]): 
PretrainedInit: load from torchvision://resnet50 

backbone.layer2.2.bn2.bias - torch.Size([128]): 
PretrainedInit: load from torchvision://resnet50 

backbone.layer2.2.conv3.weight - torch.Size([512, 128, 1, 1]): 
PretrainedInit: load from torchvision://resnet50 

backbone.layer2.2.bn3.weight - torch.Size([512]): 
PretrainedInit: load from torchvision://resnet50 

backbone.layer2.2.bn3.bias - torch.Size([512]): 
PretrainedInit: load from torchvision://resnet50 

backbone.layer2.3.conv1.weight - torch.Size([128, 512, 1, 1]): 
PretrainedInit: load from torchvision://resnet50 

backbone.layer2.3.bn1.weight - torch.Size([128]): 
PretrainedInit: load from torchvision://resnet50 

backbone.layer2.3.bn1.bias - torch.Size([128]): 
PretrainedInit: load from torchvision://resnet50 

backbone.layer2.3.conv2.weight - torch.Size([128, 128, 3, 3]): 
PretrainedInit: load from torchvision://resnet50 

backbone.layer2.3.conv2.conv_offset.weight - torch.Size([54, 128, 3, 3]): 
The value is the same before and after calling `init_weights` of FCENet  

backbone.layer2.3.conv2.conv_offset.bias - torch.Size([54]): 
The value is the same before and after calling `init_weights` of FCENet  

backbone.layer2.3.bn2.weight - torch.Size([128]): 
PretrainedInit: load from torchvision://resnet50 

backbone.layer2.3.bn2.bias - torch.Size([128]): 
PretrainedInit: load from torchvision://resnet50 

backbone.layer2.3.conv3.weight - torch.Size([512, 128, 1, 1]): 
PretrainedInit: load from torchvision://resnet50 

backbone.layer2.3.bn3.weight - torch.Size([512]): 
PretrainedInit: load from torchvision://resnet50 

backbone.layer2.3.bn3.bias - torch.Size([512]): 
PretrainedInit: load from torchvision://resnet50 

backbone.layer3.0.conv1.weight - torch.Size([256, 512, 1, 1]): 
PretrainedInit: load from torchvision://resnet50 

backbone.layer3.0.bn1.weight - torch.Size([256]): 
PretrainedInit: load from torchvision://resnet50 

backbone.layer3.0.bn1.bias - torch.Size([256]): 
PretrainedInit: load from torchvision://resnet50 

backbone.layer3.0.conv2.weight - torch.Size([256, 256, 3, 3]): 
PretrainedInit: load from torchvision://resnet50 

backbone.layer3.0.conv2.conv_offset.weight - torch.Size([54, 256, 3, 3]): 
The value is the same before and after calling `init_weights` of FCENet  

backbone.layer3.0.conv2.conv_offset.bias - torch.Size([54]): 
The value is the same before and after calling `init_weights` of FCENet  

backbone.layer3.0.bn2.weight - torch.Size([256]): 
PretrainedInit: load from torchvision://resnet50 

backbone.layer3.0.bn2.bias - torch.Size([256]): 
PretrainedInit: load from torchvision://resnet50 

backbone.layer3.0.conv3.weight - torch.Size([1024, 256, 1, 1]): 
PretrainedInit: load from torchvision://resnet50 

backbone.layer3.0.bn3.weight - torch.Size([1024]): 
PretrainedInit: load from torchvision://resnet50 

backbone.layer3.0.bn3.bias - torch.Size([1024]): 
PretrainedInit: load from torchvision://resnet50 

backbone.layer3.0.downsample.0.weight - torch.Size([1024, 512, 1, 1]): 
PretrainedInit: load from torchvision://resnet50 

backbone.layer3.0.downsample.1.weight - torch.Size([1024]): 
PretrainedInit: load from torchvision://resnet50 

backbone.layer3.0.downsample.1.bias - torch.Size([1024]): 
PretrainedInit: load from torchvision://resnet50 

backbone.layer3.1.conv1.weight - torch.Size([256, 1024, 1, 1]): 
PretrainedInit: load from torchvision://resnet50 

backbone.layer3.1.bn1.weight - torch.Size([256]): 
PretrainedInit: load from torchvision://resnet50 

backbone.layer3.1.bn1.bias - torch.Size([256]): 
PretrainedInit: load from torchvision://resnet50 

backbone.layer3.1.conv2.weight - torch.Size([256, 256, 3, 3]): 
PretrainedInit: load from torchvision://resnet50 

backbone.layer3.1.conv2.conv_offset.weight - torch.Size([54, 256, 3, 3]): 
The value is the same before and after calling `init_weights` of FCENet  

backbone.layer3.1.conv2.conv_offset.bias - torch.Size([54]): 
The value is the same before and after calling `init_weights` of FCENet  

backbone.layer3.1.bn2.weight - torch.Size([256]): 
PretrainedInit: load from torchvision://resnet50 

backbone.layer3.1.bn2.bias - torch.Size([256]): 
PretrainedInit: load from torchvision://resnet50 

backbone.layer3.1.conv3.weight - torch.Size([1024, 256, 1, 1]): 
PretrainedInit: load from torchvision://resnet50 

backbone.layer3.1.bn3.weight - torch.Size([1024]): 
PretrainedInit: load from torchvision://resnet50 

backbone.layer3.1.bn3.bias - torch.Size([1024]): 
PretrainedInit: load from torchvision://resnet50 

backbone.layer3.2.conv1.weight - torch.Size([256, 1024, 1, 1]): 
PretrainedInit: load from torchvision://resnet50 

backbone.layer3.2.bn1.weight - torch.Size([256]): 
PretrainedInit: load from torchvision://resnet50 

backbone.layer3.2.bn1.bias - torch.Size([256]): 
PretrainedInit: load from torchvision://resnet50 

backbone.layer3.2.conv2.weight - torch.Size([256, 256, 3, 3]): 
PretrainedInit: load from torchvision://resnet50 

backbone.layer3.2.conv2.conv_offset.weight - torch.Size([54, 256, 3, 3]): 
The value is the same before and after calling `init_weights` of FCENet  

backbone.layer3.2.conv2.conv_offset.bias - torch.Size([54]): 
The value is the same before and after calling `init_weights` of FCENet  

backbone.layer3.2.bn2.weight - torch.Size([256]): 
PretrainedInit: load from torchvision://resnet50 

backbone.layer3.2.bn2.bias - torch.Size([256]): 
PretrainedInit: load from torchvision://resnet50 

backbone.layer3.2.conv3.weight - torch.Size([1024, 256, 1, 1]): 
PretrainedInit: load from torchvision://resnet50 

backbone.layer3.2.bn3.weight - torch.Size([1024]): 
PretrainedInit: load from torchvision://resnet50 

backbone.layer3.2.bn3.bias - torch.Size([1024]): 
PretrainedInit: load from torchvision://resnet50 

backbone.layer3.3.conv1.weight - torch.Size([256, 1024, 1, 1]): 
PretrainedInit: load from torchvision://resnet50 

backbone.layer3.3.bn1.weight - torch.Size([256]): 
PretrainedInit: load from torchvision://resnet50 

backbone.layer3.3.bn1.bias - torch.Size([256]): 
PretrainedInit: load from torchvision://resnet50 

backbone.layer3.3.conv2.weight - torch.Size([256, 256, 3, 3]): 
PretrainedInit: load from torchvision://resnet50 

backbone.layer3.3.conv2.conv_offset.weight - torch.Size([54, 256, 3, 3]): 
The value is the same before and after calling `init_weights` of FCENet  

backbone.layer3.3.conv2.conv_offset.bias - torch.Size([54]): 
The value is the same before and after calling `init_weights` of FCENet  

backbone.layer3.3.bn2.weight - torch.Size([256]): 
PretrainedInit: load from torchvision://resnet50 

backbone.layer3.3.bn2.bias - torch.Size([256]): 
PretrainedInit: load from torchvision://resnet50 

backbone.layer3.3.conv3.weight - torch.Size([1024, 256, 1, 1]): 
PretrainedInit: load from torchvision://resnet50 

backbone.layer3.3.bn3.weight - torch.Size([1024]): 
PretrainedInit: load from torchvision://resnet50 

backbone.layer3.3.bn3.bias - torch.Size([1024]): 
PretrainedInit: load from torchvision://resnet50 

backbone.layer3.4.conv1.weight - torch.Size([256, 1024, 1, 1]): 
PretrainedInit: load from torchvision://resnet50 

backbone.layer3.4.bn1.weight - torch.Size([256]): 
PretrainedInit: load from torchvision://resnet50 

backbone.layer3.4.bn1.bias - torch.Size([256]): 
PretrainedInit: load from torchvision://resnet50 

backbone.layer3.4.conv2.weight - torch.Size([256, 256, 3, 3]): 
PretrainedInit: load from torchvision://resnet50 

backbone.layer3.4.conv2.conv_offset.weight - torch.Size([54, 256, 3, 3]): 
The value is the same before and after calling `init_weights` of FCENet  

backbone.layer3.4.conv2.conv_offset.bias - torch.Size([54]): 
The value is the same before and after calling `init_weights` of FCENet  

backbone.layer3.4.bn2.weight - torch.Size([256]): 
PretrainedInit: load from torchvision://resnet50 

backbone.layer3.4.bn2.bias - torch.Size([256]): 
PretrainedInit: load from torchvision://resnet50 

backbone.layer3.4.conv3.weight - torch.Size([1024, 256, 1, 1]): 
PretrainedInit: load from torchvision://resnet50 

backbone.layer3.4.bn3.weight - torch.Size([1024]): 
PretrainedInit: load from torchvision://resnet50 

backbone.layer3.4.bn3.bias - torch.Size([1024]): 
PretrainedInit: load from torchvision://resnet50 

backbone.layer3.5.conv1.weight - torch.Size([256, 1024, 1, 1]): 
PretrainedInit: load from torchvision://resnet50 

backbone.layer3.5.bn1.weight - torch.Size([256]): 
PretrainedInit: load from torchvision://resnet50 

backbone.layer3.5.bn1.bias - torch.Size([256]): 
PretrainedInit: load from torchvision://resnet50 

backbone.layer3.5.conv2.weight - torch.Size([256, 256, 3, 3]): 
PretrainedInit: load from torchvision://resnet50 

backbone.layer3.5.conv2.conv_offset.weight - torch.Size([54, 256, 3, 3]): 
The value is the same before and after calling `init_weights` of FCENet  

backbone.layer3.5.conv2.conv_offset.bias - torch.Size([54]): 
The value is the same before and after calling `init_weights` of FCENet  

backbone.layer3.5.bn2.weight - torch.Size([256]): 
PretrainedInit: load from torchvision://resnet50 

backbone.layer3.5.bn2.bias - torch.Size([256]): 
PretrainedInit: load from torchvision://resnet50 

backbone.layer3.5.conv3.weight - torch.Size([1024, 256, 1, 1]): 
PretrainedInit: load from torchvision://resnet50 

backbone.layer3.5.bn3.weight - torch.Size([1024]): 
PretrainedInit: load from torchvision://resnet50 

backbone.layer3.5.bn3.bias - torch.Size([1024]): 
PretrainedInit: load from torchvision://resnet50 

backbone.layer4.0.conv1.weight - torch.Size([512, 1024, 1, 1]): 
PretrainedInit: load from torchvision://resnet50 

backbone.layer4.0.bn1.weight - torch.Size([512]): 
PretrainedInit: load from torchvision://resnet50 

backbone.layer4.0.bn1.bias - torch.Size([512]): 
PretrainedInit: load from torchvision://resnet50 

backbone.layer4.0.conv2.weight - torch.Size([512, 512, 3, 3]): 
PretrainedInit: load from torchvision://resnet50 

backbone.layer4.0.conv2.conv_offset.weight - torch.Size([54, 512, 3, 3]): 
The value is the same before and after calling `init_weights` of FCENet  

backbone.layer4.0.conv2.conv_offset.bias - torch.Size([54]): 
The value is the same before and after calling `init_weights` of FCENet  

backbone.layer4.0.bn2.weight - torch.Size([512]): 
PretrainedInit: load from torchvision://resnet50 

backbone.layer4.0.bn2.bias - torch.Size([512]): 
PretrainedInit: load from torchvision://resnet50 

backbone.layer4.0.conv3.weight - torch.Size([2048, 512, 1, 1]): 
PretrainedInit: load from torchvision://resnet50 

backbone.layer4.0.bn3.weight - torch.Size([2048]): 
PretrainedInit: load from torchvision://resnet50 

backbone.layer4.0.bn3.bias - torch.Size([2048]): 
PretrainedInit: load from torchvision://resnet50 

backbone.layer4.0.downsample.0.weight - torch.Size([2048, 1024, 1, 1]): 
PretrainedInit: load from torchvision://resnet50 

backbone.layer4.0.downsample.1.weight - torch.Size([2048]): 
PretrainedInit: load from torchvision://resnet50 

backbone.layer4.0.downsample.1.bias - torch.Size([2048]): 
PretrainedInit: load from torchvision://resnet50 

backbone.layer4.1.conv1.weight - torch.Size([512, 2048, 1, 1]): 
PretrainedInit: load from torchvision://resnet50 

backbone.layer4.1.bn1.weight - torch.Size([512]): 
PretrainedInit: load from torchvision://resnet50 

backbone.layer4.1.bn1.bias - torch.Size([512]): 
PretrainedInit: load from torchvision://resnet50 

backbone.layer4.1.conv2.weight - torch.Size([512, 512, 3, 3]): 
PretrainedInit: load from torchvision://resnet50 

backbone.layer4.1.conv2.conv_offset.weight - torch.Size([54, 512, 3, 3]): 
The value is the same before and after calling `init_weights` of FCENet  

backbone.layer4.1.conv2.conv_offset.bias - torch.Size([54]): 
The value is the same before and after calling `init_weights` of FCENet  

backbone.layer4.1.bn2.weight - torch.Size([512]): 
PretrainedInit: load from torchvision://resnet50 

backbone.layer4.1.bn2.bias - torch.Size([512]): 
PretrainedInit: load from torchvision://resnet50 

backbone.layer4.1.conv3.weight - torch.Size([2048, 512, 1, 1]): 
PretrainedInit: load from torchvision://resnet50 

backbone.layer4.1.bn3.weight - torch.Size([2048]): 
PretrainedInit: load from torchvision://resnet50 

backbone.layer4.1.bn3.bias - torch.Size([2048]): 
PretrainedInit: load from torchvision://resnet50 

backbone.layer4.2.conv1.weight - torch.Size([512, 2048, 1, 1]): 
PretrainedInit: load from torchvision://resnet50 

backbone.layer4.2.bn1.weight - torch.Size([512]): 
PretrainedInit: load from torchvision://resnet50 

backbone.layer4.2.bn1.bias - torch.Size([512]): 
PretrainedInit: load from torchvision://resnet50 

backbone.layer4.2.conv2.weight - torch.Size([512, 512, 3, 3]): 
PretrainedInit: load from torchvision://resnet50 

backbone.layer4.2.conv2.conv_offset.weight - torch.Size([54, 512, 3, 3]): 
The value is the same before and after calling `init_weights` of FCENet  

backbone.layer4.2.conv2.conv_offset.bias - torch.Size([54]): 
The value is the same before and after calling `init_weights` of FCENet  

backbone.layer4.2.bn2.weight - torch.Size([512]): 
PretrainedInit: load from torchvision://resnet50 

backbone.layer4.2.bn2.bias - torch.Size([512]): 
PretrainedInit: load from torchvision://resnet50 

backbone.layer4.2.conv3.weight - torch.Size([2048, 512, 1, 1]): 
PretrainedInit: load from torchvision://resnet50 

backbone.layer4.2.bn3.weight - torch.Size([2048]): 
PretrainedInit: load from torchvision://resnet50 

backbone.layer4.2.bn3.bias - torch.Size([2048]): 
PretrainedInit: load from torchvision://resnet50 

neck.lateral_convs.0.conv.weight - torch.Size([256, 512, 1, 1]): 
XavierInit: gain=1, distribution=uniform, bias=0 

neck.lateral_convs.0.conv.bias - torch.Size([256]): 
The value is the same before and after calling `init_weights` of FCENet  

neck.lateral_convs.1.conv.weight - torch.Size([256, 1024, 1, 1]): 
XavierInit: gain=1, distribution=uniform, bias=0 

neck.lateral_convs.1.conv.bias - torch.Size([256]): 
The value is the same before and after calling `init_weights` of FCENet  

neck.lateral_convs.2.conv.weight - torch.Size([256, 2048, 1, 1]): 
XavierInit: gain=1, distribution=uniform, bias=0 

neck.lateral_convs.2.conv.bias - torch.Size([256]): 
The value is the same before and after calling `init_weights` of FCENet  

neck.fpn_convs.0.conv.weight - torch.Size([256, 256, 3, 3]): 
XavierInit: gain=1, distribution=uniform, bias=0 

neck.fpn_convs.0.conv.bias - torch.Size([256]): 
The value is the same before and after calling `init_weights` of FCENet  

neck.fpn_convs.1.conv.weight - torch.Size([256, 256, 3, 3]): 
XavierInit: gain=1, distribution=uniform, bias=0 

neck.fpn_convs.1.conv.bias - torch.Size([256]): 
The value is the same before and after calling `init_weights` of FCENet  

neck.fpn_convs.2.conv.weight - torch.Size([256, 256, 3, 3]): 
XavierInit: gain=1, distribution=uniform, bias=0 

neck.fpn_convs.2.conv.bias - torch.Size([256]): 
The value is the same before and after calling `init_weights` of FCENet  

det_head.out_conv_cls.weight - torch.Size([4, 256, 3, 3]): 
NormalInit: mean=0, std=0.01, bias=0 

det_head.out_conv_cls.bias - torch.Size([4]): 
NormalInit: mean=0, std=0.01, bias=0 

det_head.out_conv_reg.weight - torch.Size([22, 256, 3, 3]): 
NormalInit: mean=0, std=0.01, bias=0 

det_head.out_conv_reg.bias - torch.Size([22]): 
NormalInit: mean=0, std=0.01, bias=0 
2025/12/27 20:25:51 - mmengine - INFO - Auto resumed from the latest checkpoint /root/lanyun-tmp/mmocr/work_dirs/fcenet_r50dcnv2_fpn_1500e_lsvt_ctw_pretrain/epoch_15.pth.
2025/12/27 20:25:52 - mmengine - INFO - ModulatedDeformConvPack backbone.layer2.0.conv2 is upgraded to version 2.
2025/12/27 20:25:52 - mmengine - INFO - ModulatedDeformConvPack backbone.layer2.1.conv2 is upgraded to version 2.
2025/12/27 20:25:52 - mmengine - INFO - ModulatedDeformConvPack backbone.layer2.2.conv2 is upgraded to version 2.
2025/12/27 20:25:52 - mmengine - INFO - ModulatedDeformConvPack backbone.layer2.3.conv2 is upgraded to version 2.
2025/12/27 20:25:52 - mmengine - INFO - ModulatedDeformConvPack backbone.layer3.0.conv2 is upgraded to version 2.
2025/12/27 20:25:52 - mmengine - INFO - ModulatedDeformConvPack backbone.layer3.1.conv2 is upgraded to version 2.
2025/12/27 20:25:52 - mmengine - INFO - ModulatedDeformConvPack backbone.layer3.2.conv2 is upgraded to version 2.
2025/12/27 20:25:52 - mmengine - INFO - ModulatedDeformConvPack backbone.layer3.3.conv2 is upgraded to version 2.
2025/12/27 20:25:52 - mmengine - INFO - ModulatedDeformConvPack backbone.layer3.4.conv2 is upgraded to version 2.
2025/12/27 20:25:52 - mmengine - INFO - ModulatedDeformConvPack backbone.layer3.5.conv2 is upgraded to version 2.
2025/12/27 20:25:52 - mmengine - INFO - ModulatedDeformConvPack backbone.layer4.0.conv2 is upgraded to version 2.
2025/12/27 20:25:52 - mmengine - INFO - ModulatedDeformConvPack backbone.layer4.1.conv2 is upgraded to version 2.
2025/12/27 20:25:52 - mmengine - INFO - ModulatedDeformConvPack backbone.layer4.2.conv2 is upgraded to version 2.
2025/12/27 20:25:52 - mmengine - INFO - Load checkpoint from /root/lanyun-tmp/mmocr/work_dirs/fcenet_r50dcnv2_fpn_1500e_lsvt_ctw_pretrain/epoch_15.pth
2025/12/27 20:25:52 - mmengine - INFO - resumed epoch: 15, iter: 23160
2025/12/27 20:25:52 - mmengine - WARNING - "FileClient" will be deprecated in future. Please use io functions in https://mmengine.readthedocs.io/en/latest/api/fileio.html#file-io
2025/12/27 20:25:52 - mmengine - WARNING - "HardDiskBackend" is the alias of "LocalBackend" and the former will be deprecated in future.
2025/12/27 20:25:52 - mmengine - INFO - Checkpoints will be saved to /root/lanyun-tmp/mmocr/work_dirs/fcenet_r50dcnv2_fpn_1500e_lsvt_ctw_pretrain.
2025/12/27 20:26:20 - mmengine - INFO - Epoch(train) [16][   5/1544]  lr: 2.1125e-03  eta: 4 days, 15:18:17  time: 4.5784  data_time: 0.5356  memory: 20552  grad_norm: 24.6834  loss: 5.5339  loss_text: 0.8367  loss_center: 2.9440  loss_reg_x: 1.0118  loss_reg_y: 0.7414
2025/12/27 20:26:39 - mmengine - INFO - Epoch(train) [16][  10/1544]  lr: 2.1125e-03  eta: 3 days, 19:53:23  time: 4.7618  data_time: 0.5359  memory: 19779  grad_norm: 23.6277  loss: 5.4697  loss_text: 0.7736  loss_center: 2.9394  loss_reg_x: 0.9795  loss_reg_y: 0.7772
2025/12/27 20:26:58 - mmengine - INFO - Epoch(train) [16][  15/1544]  lr: 2.1125e-03  eta: 3 days, 13:33:25  time: 3.7672  data_time: 0.0028  memory: 19779  grad_norm: 26.0222  loss: 5.4202  loss_text: 0.7408  loss_center: 2.9385  loss_reg_x: 1.0052  loss_reg_y: 0.7357
2025/12/27 20:27:17 - mmengine - INFO - Epoch(train) [16][  20/1544]  lr: 2.1125e-03  eta: 3 days, 10:10:18  time: 3.7559  data_time: 0.0029  memory: 19779  grad_norm: 25.2538  loss: 5.4567  loss_text: 0.7538  loss_center: 2.9451  loss_reg_x: 1.0277  loss_reg_y: 0.7301
2025/12/27 20:27:37 - mmengine - INFO - Epoch(train) [16][  25/1544]  lr: 2.1125e-03  eta: 3 days, 9:33:48  time: 3.9181  data_time: 0.0030  memory: 19779  grad_norm: 26.5901  loss: 5.2933  loss_text: 0.8012  loss_center: 2.9341  loss_reg_x: 0.8764  loss_reg_y: 0.6817
2025/12/27 20:27:57 - mmengine - INFO - Epoch(train) [16][  30/1544]  lr: 2.1125e-03  eta: 3 days, 8:27:49  time: 3.9951  data_time: 0.0039  memory: 19779  grad_norm: 30.0590  loss: 5.3860  loss_text: 0.8572  loss_center: 2.9320  loss_reg_x: 0.9620  loss_reg_y: 0.6348
2025/12/27 20:28:14 - mmengine - INFO - Epoch(train) [16][  35/1544]  lr: 2.1125e-03  eta: 3 days, 6:22:16  time: 3.6506  data_time: 0.0038  memory: 19779  grad_norm: 23.0635  loss: 5.2787  loss_text: 0.8157  loss_center: 2.9363  loss_reg_x: 0.9292  loss_reg_y: 0.5976
2025/12/27 20:28:31 - mmengine - INFO - Epoch(train) [16][  40/1544]  lr: 2.1125e-03  eta: 3 days, 4:48:10  time: 3.4141  data_time: 0.0029  memory: 19779  grad_norm: 21.6419  loss: 5.2563  loss_text: 0.7994  loss_center: 2.9256  loss_reg_x: 0.9146  loss_reg_y: 0.6167
2025/12/27 20:28:53 - mmengine - INFO - Epoch(train) [16][  45/1544]  lr: 2.1125e-03  eta: 3 days, 5:37:15  time: 3.8903  data_time: 0.0032  memory: 19779  grad_norm: 25.7631  loss: 5.3402  loss_text: 0.7846  loss_center: 2.8561  loss_reg_x: 1.0405  loss_reg_y: 0.6589
2025/12/27 20:29:14 - mmengine - INFO - Epoch(train) [16][  50/1544]  lr: 2.1125e-03  eta: 3 days, 5:52:37  time: 4.2631  data_time: 0.0034  memory: 19779  grad_norm: 25.9936  loss: 5.5086  loss_text: 0.8327  loss_center: 2.8674  loss_reg_x: 1.1542  loss_reg_y: 0.6543
2025/12/27 20:29:33 - mmengine - INFO - Epoch(train) [16][  55/1544]  lr: 2.1125e-03  eta: 3 days, 5:32:50  time: 4.0066  data_time: 0.0030  memory: 19779  grad_norm: 21.6406  loss: 5.6680  loss_text: 0.8559  loss_center: 2.9443  loss_reg_x: 1.2101  loss_reg_y: 0.6579
2025/12/27 20:29:53 - mmengine - INFO - Epoch(train) [16][  60/1544]  lr: 2.1125e-03  eta: 3 days, 5:28:55  time: 3.9185  data_time: 0.0027  memory: 19779  grad_norm: 19.1325  loss: 5.1369  loss_text: 0.7264  loss_center: 2.9224  loss_reg_x: 0.9000  loss_reg_y: 0.5881
2025/12/27 20:30:11 - mmengine - INFO - Epoch(train) [16][  65/1544]  lr: 2.1125e-03  eta: 3 days, 4:55:09  time: 3.8132  data_time: 0.0028  memory: 19779  grad_norm: 21.5788  loss: 5.1104  loss_text: 0.7300  loss_center: 2.9268  loss_reg_x: 0.8228  loss_reg_y: 0.6308
2025/12/27 20:30:29 - mmengine - INFO - Epoch(train) [16][  70/1544]  lr: 2.1125e-03  eta: 3 days, 4:27:35  time: 3.6510  data_time: 0.0029  memory: 19779  grad_norm: 31.7090  loss: 5.8737  loss_text: 0.8648  loss_center: 2.9422  loss_reg_x: 1.0844  loss_reg_y: 0.9824
2025/12/27 20:30:51 - mmengine - INFO - Epoch(train) [16][  75/1544]  lr: 2.1125e-03  eta: 3 days, 4:57:06  time: 4.0061  data_time: 0.0030  memory: 19779  grad_norm: 33.1188  loss: 5.8660  loss_text: 0.8549  loss_center: 2.9425  loss_reg_x: 1.0930  loss_reg_y: 0.9757
2025/12/27 20:31:08 - mmengine - INFO - Epoch(train) [16][  80/1544]  lr: 2.1125e-03  eta: 3 days, 4:20:15  time: 3.9195  data_time: 0.0032  memory: 19779  grad_norm: 32.8403  loss: 5.6023  loss_text: 0.8371  loss_center: 2.9458  loss_reg_x: 1.1438  loss_reg_y: 0.6756
2025/12/27 20:31:27 - mmengine - INFO - Epoch(train) [16][  85/1544]  lr: 2.1125e-03  eta: 3 days, 4:02:50  time: 3.5976  data_time: 0.0029  memory: 19779  grad_norm: 30.2394  loss: 5.3052  loss_text: 0.8067  loss_center: 2.8693  loss_reg_x: 1.0592  loss_reg_y: 0.5700
2025/12/27 20:31:45 - mmengine - INFO - Epoch(train) [16][  90/1544]  lr: 2.1125e-03  eta: 3 days, 3:41:59  time: 3.6672  data_time: 0.0029  memory: 19779  grad_norm: 24.6420  loss: 5.1774  loss_text: 0.8219  loss_center: 2.8590  loss_reg_x: 0.9431  loss_reg_y: 0.5534
2025/12/27 20:32:05 - mmengine - INFO - Epoch(train) [16][  95/1544]  lr: 2.1125e-03  eta: 3 days, 3:44:31  time: 3.8000  data_time: 0.0032  memory: 19779  grad_norm: 27.2836  loss: 5.4616  loss_text: 0.8859  loss_center: 2.9406  loss_reg_x: 1.0458  loss_reg_y: 0.5893
2025/12/27 20:32:24 - mmengine - INFO - Epoch(train) [16][ 100/1544]  lr: 2.1125e-03  eta: 3 days, 3:31:58  time: 3.8464  data_time: 0.0029  memory: 19779  grad_norm: 26.1844  loss: 5.4118  loss_text: 0.8207  loss_center: 2.9506  loss_reg_x: 1.0313  loss_reg_y: 0.6092
2025/12/27 20:32:42 - mmengine - INFO - Epoch(train) [16][ 105/1544]  lr: 2.1125e-03  eta: 3 days, 3:14:53  time: 3.6666  data_time: 0.0027  memory: 19779  grad_norm: 27.2539  loss: 5.4615  loss_text: 0.8164  loss_center: 2.9402  loss_reg_x: 0.9818  loss_reg_y: 0.7231
2025/12/27 20:33:00 - mmengine - INFO - Epoch(train) [16][ 110/1544]  lr: 2.1125e-03  eta: 3 days, 3:02:49  time: 3.6481  data_time: 0.0027  memory: 19779  grad_norm: 23.6123  loss: 5.3064  loss_text: 0.7802  loss_center: 2.9421  loss_reg_x: 0.8602  loss_reg_y: 0.7239
2025/12/27 20:33:20 - mmengine - INFO - Epoch(train) [16][ 115/1544]  lr: 2.1125e-03  eta: 3 days, 3:11:30  time: 3.8776  data_time: 0.0028  memory: 19779  grad_norm: 26.3123  loss: 5.5449  loss_text: 0.7803  loss_center: 2.9452  loss_reg_x: 0.9856  loss_reg_y: 0.8338
2025/12/27 20:33:38 - mmengine - INFO - Epoch(train) [16][ 120/1544]  lr: 2.1125e-03  eta: 3 days, 2:52:45  time: 3.7969  data_time: 0.0029  memory: 19779  grad_norm: 28.8626  loss: 5.8080  loss_text: 0.8928  loss_center: 2.9477  loss_reg_x: 1.0625  loss_reg_y: 0.9049
2025/12/27 20:33:57 - mmengine - INFO - Epoch(train) [16][ 125/1544]  lr: 2.1125e-03  eta: 3 days, 2:43:39  time: 3.6082  data_time: 0.0033  memory: 19779  grad_norm: 25.3039  loss: 5.5597  loss_text: 0.9057  loss_center: 2.9551  loss_reg_x: 0.9610  loss_reg_y: 0.7378
2025/12/27 20:34:16 - mmengine - INFO - Epoch(train) [16][ 130/1544]  lr: 2.1125e-03  eta: 3 days, 2:42:38  time: 3.7799  data_time: 0.0034  memory: 19779  grad_norm: 22.5362  loss: 5.3119  loss_text: 0.8038  loss_center: 2.9397  loss_reg_x: 0.8889  loss_reg_y: 0.6794
2025/12/27 20:34:34 - mmengine - INFO - Epoch(train) [16][ 135/1544]  lr: 2.1125e-03  eta: 3 days, 2:29:16  time: 3.7185  data_time: 0.0029  memory: 19779  grad_norm: 19.8702  loss: 5.1548  loss_text: 0.7500  loss_center: 2.9269  loss_reg_x: 0.8182  loss_reg_y: 0.6597
2025/12/27 20:34:55 - mmengine - INFO - Epoch(train) [16][ 140/1544]  lr: 2.1125e-03  eta: 3 days, 2:41:11  time: 3.8687  data_time: 0.0030  memory: 19779  grad_norm: 21.0018  loss: 5.1896  loss_text: 0.7002  loss_center: 2.9237  loss_reg_x: 0.9074  loss_reg_y: 0.6583
2025/12/27 20:35:14 - mmengine - INFO - Epoch(train) [16][ 145/1544]  lr: 2.1125e-03  eta: 3 days, 2:39:23  time: 4.0021  data_time: 0.0031  memory: 19779  grad_norm: 26.2517  loss: 5.6927  loss_text: 0.7741  loss_center: 2.9379  loss_reg_x: 1.0783  loss_reg_y: 0.9024
2025/12/27 20:35:31 - mmengine - INFO - Epoch(train) [16][ 150/1544]  lr: 2.1125e-03  eta: 3 days, 2:21:26  time: 3.6294  data_time: 0.0028  memory: 19779  grad_norm: 29.3129  loss: 5.8865  loss_text: 0.8077  loss_center: 2.9511  loss_reg_x: 1.1121  loss_reg_y: 1.0155
2025/12/27 20:35:51 - mmengine - INFO - Epoch(train) [16][ 155/1544]  lr: 2.1125e-03  eta: 3 days, 2:27:48  time: 3.7295  data_time: 0.0027  memory: 19779  grad_norm: 28.3069  loss: 5.5272  loss_text: 0.7336  loss_center: 2.9411  loss_reg_x: 1.0811  loss_reg_y: 0.7715
2025/12/27 20:36:08 - mmengine - INFO - Epoch(train) [16][ 160/1544]  lr: 2.1125e-03  eta: 3 days, 2:08:10  time: 3.6863  data_time: 0.0027  memory: 19779  grad_norm: 30.3158  loss: 5.3007  loss_text: 0.7439  loss_center: 2.9278  loss_reg_x: 0.9806  loss_reg_y: 0.6484
2025/12/27 20:36:26 - mmengine - INFO - Epoch(train) [16][ 165/1544]  lr: 2.1125e-03  eta: 3 days, 1:59:43  time: 3.4748  data_time: 0.0026  memory: 19779  grad_norm: 29.6715  loss: 5.2218  loss_text: 0.7745  loss_center: 2.9248  loss_reg_x: 0.8777  loss_reg_y: 0.6448
2025/12/27 20:36:45 - mmengine - INFO - Epoch(train) [16][ 170/1544]  lr: 2.1125e-03  eta: 3 days, 1:56:48  time: 3.6923  data_time: 0.0028  memory: 19779  grad_norm: 29.6452  loss: 5.5965  loss_text: 0.8596  loss_center: 2.9344  loss_reg_x: 1.0437  loss_reg_y: 0.7589
2025/12/27 20:37:04 - mmengine - INFO - Epoch(train) [16][ 175/1544]  lr: 2.1125e-03  eta: 3 days, 1:58:38  time: 3.8365  data_time: 0.0028  memory: 19779  grad_norm: 27.2582  loss: 5.2713  loss_text: 0.7918  loss_center: 2.8598  loss_reg_x: 0.9251  loss_reg_y: 0.6945
2025/12/27 20:37:24 - mmengine - INFO - Epoch(train) [16][ 180/1544]  lr: 2.1125e-03  eta: 3 days, 2:03:33  time: 3.9559  data_time: 0.0036  memory: 19779  grad_norm: 22.9099  loss: 4.8779  loss_text: 0.7140  loss_center: 2.8514  loss_reg_x: 0.7803  loss_reg_y: 0.5322
2025/12/27 20:37:43 - mmengine - INFO - Epoch(train) [16][ 185/1544]  lr: 2.1125e-03  eta: 3 days, 2:02:43  time: 3.9184  data_time: 0.0040  memory: 19779  grad_norm: 24.2838  loss: 5.2741  loss_text: 0.7962  loss_center: 2.9320  loss_reg_x: 0.9792  loss_reg_y: 0.5667
2025/12/27 20:38:04 - mmengine - INFO - Epoch(train) [16][ 190/1544]  lr: 2.1125e-03  eta: 3 days, 2:12:04  time: 3.9980  data_time: 0.0032  memory: 19779  grad_norm: 26.2310  loss: 5.6374  loss_text: 0.8908  loss_center: 2.9332  loss_reg_x: 1.1187  loss_reg_y: 0.6947
2025/12/27 20:38:22 - mmengine - INFO - Epoch(train) [16][ 195/1544]  lr: 2.1125e-03  eta: 3 days, 2:00:29  time: 3.8198  data_time: 0.0027  memory: 19779  grad_norm: 28.1295  loss: 5.5437  loss_text: 0.8296  loss_center: 2.9244  loss_reg_x: 1.0212  loss_reg_y: 0.7685
2025/12/27 20:38:40 - mmengine - INFO - Epoch(train) [16][ 200/1544]  lr: 2.1125e-03  eta: 3 days, 1:54:28  time: 3.5614  data_time: 0.0028  memory: 19779  grad_norm: 26.1794  loss: 5.2188  loss_text: 0.7309  loss_center: 2.9380  loss_reg_x: 0.8312  loss_reg_y: 0.7188
2025/12/27 20:39:01 - mmengine - INFO - Epoch(train) [16][ 205/1544]  lr: 2.1125e-03  eta: 3 days, 2:07:40  time: 3.9844  data_time: 0.0034  memory: 19779  grad_norm: 21.1171  loss: 5.0771  loss_text: 0.7445  loss_center: 2.9268  loss_reg_x: 0.7520  loss_reg_y: 0.6540
2025/12/27 20:39:21 - mmengine - INFO - Epoch(train) [16][ 210/1544]  lr: 2.1125e-03  eta: 3 days, 2:10:36  time: 4.1456  data_time: 0.0033  memory: 19779  grad_norm: 23.1199  loss: 5.3074  loss_text: 0.8118  loss_center: 2.9171  loss_reg_x: 0.9327  loss_reg_y: 0.6457
2025/12/27 20:39:42 - mmengine - INFO - Epoch(train) [16][ 215/1544]  lr: 2.1125e-03  eta: 3 days, 2:17:26  time: 4.0461  data_time: 0.0032  memory: 19779  grad_norm: 22.8546  loss: 5.5418  loss_text: 0.8608  loss_center: 2.9375  loss_reg_x: 1.0076  loss_reg_y: 0.7358
2025/12/27 20:40:03 - mmengine - INFO - Epoch(train) [16][ 220/1544]  lr: 2.1125e-03  eta: 3 days, 2:26:19  time: 4.1667  data_time: 0.0034  memory: 19779  grad_norm: 24.6925  loss: 5.5760  loss_text: 0.8362  loss_center: 2.9393  loss_reg_x: 1.0095  loss_reg_y: 0.7910
2025/12/27 20:40:24 - mmengine - INFO - Epoch(train) [16][ 225/1544]  lr: 2.1125e-03  eta: 3 days, 2:33:42  time: 4.1906  data_time: 0.0033  memory: 19779  grad_norm: 27.5301  loss: 5.8846  loss_text: 0.8546  loss_center: 2.9457  loss_reg_x: 1.2754  loss_reg_y: 0.8089
2025/12/27 20:40:42 - mmengine - INFO - Epoch(train) [16][ 230/1544]  lr: 2.1125e-03  eta: 3 days, 2:28:02  time: 3.9163  data_time: 0.0032  memory: 19779  grad_norm: 23.8006  loss: 5.5994  loss_text: 0.8066  loss_center: 2.9438  loss_reg_x: 1.1089  loss_reg_y: 0.7401
2025/12/27 20:40:59 - mmengine - INFO - Epoch(train) [16][ 235/1544]  lr: 2.1125e-03  eta: 3 days, 2:16:37  time: 3.5413  data_time: 0.0030  memory: 19779  grad_norm: 24.1149  loss: 5.3223  loss_text: 0.7448  loss_center: 2.9340  loss_reg_x: 0.9578  loss_reg_y: 0.6857
2025/12/27 20:41:18 - mmengine - INFO - Epoch(train) [16][ 240/1544]  lr: 2.1125e-03  eta: 3 days, 2:13:35  time: 3.5842  data_time: 0.0027  memory: 19779  grad_norm: 21.0239  loss: 5.2530  loss_text: 0.7617  loss_center: 2.9378  loss_reg_x: 0.9328  loss_reg_y: 0.6208
