nohup: ignoring input
12/27 20:25:22 - mmengine - INFO - 
------------------------------------------------------------
System environment:
    sys.platform: linux
    Python: 3.8.20 (default, Oct  3 2024, 15:24:27) [GCC 11.2.0]
    CUDA available: True
    MUSA available: False
    numpy_random_seed: 1589500513
    GPU 0: NVIDIA GeForce RTX 3090
    CUDA_HOME: /usr/local/cuda
    NVCC: Cuda compilation tools, release 11.1, V11.1.105
    GCC: gcc (Ubuntu 9.4.0-1ubuntu1~20.04.2) 9.4.0
    PyTorch: 1.10.2+cu111
    PyTorch compiling details: PyTorch built with:
  - GCC 7.3
  - C++ Version: 201402
  - Intel(R) Math Kernel Library Version 2020.0.0 Product Build 20191122 for Intel(R) 64 architecture applications
  - Intel(R) MKL-DNN v2.2.3 (Git Hash 7336ca9f055cf1bfa13efb658fe15dc9b41f0740)
  - OpenMP 201511 (a.k.a. OpenMP 4.5)
  - LAPACK is enabled (usually provided by MKL)
  - NNPACK is enabled
  - CPU capability usage: AVX2
  - CUDA Runtime 11.1
  - NVCC architecture flags: -gencode;arch=compute_37,code=sm_37;-gencode;arch=compute_50,code=sm_50;-gencode;arch=compute_60,code=sm_60;-gencode;arch=compute_70,code=sm_70;-gencode;arch=compute_75,code=sm_75;-gencode;arch=compute_80,code=sm_80;-gencode;arch=compute_86,code=sm_86
  - CuDNN 8.0.5
  - Magma 2.5.2
  - Build settings: BLAS_INFO=mkl, BUILD_TYPE=Release, CUDA_VERSION=11.1, CUDNN_VERSION=8.0.5, CXX_COMPILER=/opt/rh/devtoolset-7/root/usr/bin/c++, CXX_FLAGS= -Wno-deprecated -fvisibility-inlines-hidden -DUSE_PTHREADPOOL -fopenmp -DNDEBUG -DUSE_KINETO -DUSE_FBGEMM -DUSE_QNNPACK -DUSE_PYTORCH_QNNPACK -DUSE_XNNPACK -DSYMBOLICATE_MOBILE_DEBUG_HANDLE -DEDGE_PROFILER_USE_KINETO -O2 -fPIC -Wno-narrowing -Wall -Wextra -Werror=return-type -Wno-missing-field-initializers -Wno-type-limits -Wno-array-bounds -Wno-unknown-pragmas -Wno-sign-compare -Wno-unused-parameter -Wno-unused-variable -Wno-unused-function -Wno-unused-result -Wno-unused-local-typedefs -Wno-strict-overflow -Wno-strict-aliasing -Wno-error=deprecated-declarations -Wno-stringop-overflow -Wno-psabi -Wno-error=pedantic -Wno-error=redundant-decls -Wno-error=old-style-cast -fdiagnostics-color=always -faligned-new -Wno-unused-but-set-variable -Wno-maybe-uninitialized -fno-math-errno -fno-trapping-math -Werror=format -Wno-stringop-overflow, LAPACK_INFO=mkl, PERF_WITH_AVX=1, PERF_WITH_AVX2=1, PERF_WITH_AVX512=1, TORCH_VERSION=1.10.2, USE_CUDA=ON, USE_CUDNN=ON, USE_EXCEPTION_PTR=1, USE_GFLAGS=OFF, USE_GLOG=OFF, USE_MKL=ON, USE_MKLDNN=ON, USE_MPI=OFF, USE_NCCL=ON, USE_NNPACK=ON, USE_OPENMP=ON, 

    TorchVision: 0.11.3+cu111
    OpenCV: 4.12.0
    MMEngine: 0.10.7

Runtime environment:
    cudnn_benchmark: True
    mp_cfg: {'mp_start_method': 'fork', 'opencv_num_threads': 0}
    dist_cfg: {'backend': 'nccl'}
    seed: 1589500513
    Distributed launcher: none
    Distributed training: False
    GPU number: 1
------------------------------------------------------------

12/27 20:25:23 - mmengine - INFO - Config:
auto_scale_lr = dict(base_batch_size=12, enable=True)
custom_hooks = [
    dict(
        min_delta=0.001,
        monitor='icdar/hmean',
        patience=6,
        rule='greater',
        type='EarlyStoppingHook'),
]
default_hooks = dict(
    checkpoint=dict(
        interval=5,
        max_keep_ckpts=3,
        rule='greater',
        save_best='icdar/hmean',
        type='CheckpointHook'),
    logger=dict(interval=5, type='LoggerHook'),
    param_scheduler=dict(type='ParamSchedulerHook'),
    sampler_seed=dict(type='DistSamplerSeedHook'),
    sync_buffer=dict(type='SyncBuffersHook'),
    timer=dict(type='IterTimerHook'),
    visualization=dict(
        draw_gt=False,
        draw_pred=False,
        enable=False,
        interval=1,
        show=False,
        type='VisualizationHook'))
default_scope = 'mmocr'
env_cfg = dict(
    cudnn_benchmark=True,
    dist_cfg=dict(backend='nccl'),
    mp_cfg=dict(mp_start_method='fork', opencv_num_threads=0))
launcher = 'none'
load_from = None
log_level = 'INFO'
log_processor = dict(by_epoch=True, type='LogProcessor', window_size=10)
max_epochs = 60
model = dict(
    backbone=dict(
        dcn=dict(deform_groups=2, fallback_on_stride=False, type='DCNv2'),
        depth=50,
        frozen_stages=-1,
        init_cfg=dict(checkpoint='torchvision://resnet50', type='Pretrained'),
        norm_cfg=dict(requires_grad=True, type='BN'),
        norm_eval=True,
        num_stages=4,
        out_indices=(
            1,
            2,
            3,
        ),
        stage_with_dcn=(
            False,
            True,
            True,
            True,
        ),
        style='pytorch',
        type='mmdet.ResNet'),
    data_preprocessor=dict(
        bgr_to_rgb=True,
        mean=[
            123.675,
            116.28,
            103.53,
        ],
        pad_size_divisor=32,
        std=[
            58.395,
            57.12,
            57.375,
        ],
        type='TextDetDataPreprocessor'),
    det_head=dict(
        fourier_degree=5,
        in_channels=256,
        module_loss=dict(
            level_proportion_range=(
                (
                    0,
                    0.25,
                ),
                (
                    0.2,
                    0.65,
                ),
                (
                    0.55,
                    1.0,
                ),
            ),
            num_sample=50,
            type='FCEModuleLoss'),
        postprocessor=dict(
            alpha=1.0,
            beta=2.0,
            num_reconstr_points=50,
            scales=(
                8,
                16,
                32,
            ),
            score_thr=0.3,
            text_repr_type='poly',
            type='FCEPostprocessor'),
        type='FCEHead'),
    neck=dict(
        act_cfg=None,
        add_extra_convs='on_output',
        in_channels=[
            512,
            1024,
            2048,
        ],
        num_outs=3,
        out_channels=256,
        relu_before_extra_convs=True,
        type='mmdet.FPN'),
    type='FCENet')
optim_wrapper = dict(
    clip_grad=dict(max_norm=5, norm_type=2),
    loss_scale='dynamic',
    optimizer=dict(lr=0.001, momentum=0.9, type='SGD', weight_decay=0.0005),
    type='AmpOptimWrapper')
param_scheduler = [
    dict(begin=0, by_epoch=True, end=2, start_factor=0.1, type='LinearLR'),
    dict(
        begin=2,
        by_epoch=True,
        end=60,
        eta_min=1e-07,
        power=0.9,
        type='PolyLR'),
]
randomness = dict(seed=None)
resume = True
test_cfg = dict(type='TestLoop')
test_dataloader = dict(
    batch_size=1,
    dataset=dict(
        datasets=[
            dict(
                ann_file='instances_val.json',
                data_root='data/lsvt_mmocr',
                pipeline=None,
                test_mode=True,
                type='OCRDataset'),
            dict(
                ann_file='instances_val.json',
                data_root='data/ctw_mmocr',
                pipeline=None,
                test_mode=True,
                type='OCRDataset'),
        ],
        pipeline=[
            dict(
                color_type='color_ignore_orientation',
                type='LoadImageFromFile'),
            dict(keep_ratio=True, scale=(
                2260,
                2260,
            ), type='Resize'),
            dict(
                type='LoadOCRAnnotations',
                with_bbox=True,
                with_label=True,
                with_polygon=True),
            dict(
                meta_keys=(
                    'img_path',
                    'ori_shape',
                    'img_shape',
                    'scale_factor',
                ),
                type='PackTextDetInputs'),
        ],
        type='ConcatDataset'),
    num_workers=2,
    persistent_workers=True,
    pin_memory=True,
    sampler=dict(shuffle=False, type='DefaultSampler'))
test_evaluator = dict(
    dataset_prefixes=dict(ctw='data/ctw_mmocr', lsvt='data/lsvt_mmocr'),
    type='MultiDatasetHmeanIOUMetric')
test_list = [
    dict(
        ann_file='instances_val.json',
        data_root='data/lsvt_mmocr',
        pipeline=None,
        test_mode=True,
        type='OCRDataset'),
    dict(
        ann_file='instances_val.json',
        data_root='data/ctw_mmocr',
        pipeline=None,
        test_mode=True,
        type='OCRDataset'),
]
test_pipeline = [
    dict(color_type='color_ignore_orientation', type='LoadImageFromFile'),
    dict(keep_ratio=True, scale=(
        2260,
        2260,
    ), type='Resize'),
    dict(
        type='LoadOCRAnnotations',
        with_bbox=True,
        with_label=True,
        with_polygon=True),
    dict(
        meta_keys=(
            'img_path',
            'ori_shape',
            'img_shape',
            'scale_factor',
        ),
        type='PackTextDetInputs'),
]
textdet_ctw_data_root = 'data/ctw_mmocr'
textdet_ctw_test = dict(
    ann_file='instances_val.json',
    data_root='data/ctw_mmocr',
    pipeline=None,
    test_mode=True,
    type='OCRDataset')
textdet_ctw_train = dict(
    ann_file='instances_train.json',
    data_root='data/ctw_mmocr',
    filter_cfg=dict(filter_empty_gt=True, min_size=32),
    pipeline=None,
    type='OCRDataset')
textdet_lsvt_ctw_data_root = 'data/textdet_pretrain_lsvt_ctw'
textdet_lsvt_ctw_test = dict(
    ann_file='instances_val.json',
    data_root='data/textdet_pretrain_lsvt_ctw',
    pipeline=None,
    test_mode=True,
    type='OCRDataset')
textdet_lsvt_ctw_train = dict(
    ann_file='instances_train.json',
    data_root='data/textdet_pretrain_lsvt_ctw',
    filter_cfg=dict(filter_empty_gt=True, min_size=32),
    pipeline=None,
    type='OCRDataset')
textdet_lsvt_data_root = 'data/lsvt_mmocr'
textdet_lsvt_test = dict(
    ann_file='instances_val.json',
    data_root='data/lsvt_mmocr',
    pipeline=None,
    test_mode=True,
    type='OCRDataset')
textdet_lsvt_train = dict(
    ann_file='instances_train.json',
    data_root='data/lsvt_mmocr',
    filter_cfg=dict(filter_empty_gt=True, min_size=32),
    pipeline=None,
    type='OCRDataset')
train_cfg = dict(max_epochs=60, type='EpochBasedTrainLoop', val_interval=5)
train_dataloader = dict(
    batch_size=32,
    dataset=dict(
        datasets=[
            dict(
                ann_file='instances_train.json',
                data_root='data/lsvt_mmocr',
                filter_cfg=dict(filter_empty_gt=True, min_size=32),
                pipeline=None,
                type='OCRDataset'),
            dict(
                ann_file='instances_train.json',
                data_root='data/ctw_mmocr',
                filter_cfg=dict(filter_empty_gt=True, min_size=32),
                pipeline=None,
                type='OCRDataset'),
        ],
        pipeline=[
            dict(
                color_type='color_ignore_orientation',
                type='LoadImageFromFile'),
            dict(
                type='LoadOCRAnnotations',
                with_bbox=True,
                with_label=True,
                with_polygon=True),
            dict(
                keep_ratio=True,
                ratio_range=(
                    0.75,
                    2.5,
                ),
                scale=(
                    800,
                    800,
                ),
                type='RandomResize'),
            dict(
                crop_ratio=0.5,
                iter_num=1,
                min_area_ratio=0.2,
                type='TextDetRandomCropFlip'),
            dict(
                prob=0.8,
                transforms=[
                    dict(min_side_ratio=0.3, type='RandomCrop'),
                ],
                type='RandomApply'),
            dict(
                prob=0.5,
                transforms=[
                    dict(
                        max_angle=30,
                        pad_with_fixed_color=False,
                        type='RandomRotate',
                        use_canvas=True),
                ],
                type='RandomApply'),
            dict(
                prob=[
                    0.6,
                    0.4,
                ],
                transforms=[
                    [
                        dict(keep_ratio=True, scale=800, type='Resize'),
                        dict(target_scale=800, type='SourceImagePad'),
                    ],
                    dict(keep_ratio=False, scale=800, type='Resize'),
                ],
                type='RandomChoice'),
            dict(direction='horizontal', prob=0.5, type='RandomFlip'),
            dict(
                brightness=0.12549019607843137,
                contrast=0.5,
                op='ColorJitter',
                saturation=0.5,
                type='TorchVisionWrapper'),
            dict(
                meta_keys=(
                    'img_path',
                    'ori_shape',
                    'img_shape',
                    'scale_factor',
                ),
                type='PackTextDetInputs'),
        ],
        type='ConcatDataset'),
    num_workers=6,
    persistent_workers=True,
    pin_memory=True,
    sampler=dict(shuffle=True, type='DefaultSampler'))
train_list = [
    dict(
        ann_file='instances_train.json',
        data_root='data/lsvt_mmocr',
        filter_cfg=dict(filter_empty_gt=True, min_size=32),
        pipeline=None,
        type='OCRDataset'),
    dict(
        ann_file='instances_train.json',
        data_root='data/ctw_mmocr',
        filter_cfg=dict(filter_empty_gt=True, min_size=32),
        pipeline=None,
        type='OCRDataset'),
]
train_pipeline = [
    dict(color_type='color_ignore_orientation', type='LoadImageFromFile'),
    dict(
        type='LoadOCRAnnotations',
        with_bbox=True,
        with_label=True,
        with_polygon=True),
    dict(
        keep_ratio=True,
        ratio_range=(
            0.75,
            2.5,
        ),
        scale=(
            800,
            800,
        ),
        type='RandomResize'),
    dict(
        crop_ratio=0.5,
        iter_num=1,
        min_area_ratio=0.2,
        type='TextDetRandomCropFlip'),
    dict(
        prob=0.8,
        transforms=[
            dict(min_side_ratio=0.3, type='RandomCrop'),
        ],
        type='RandomApply'),
    dict(
        prob=0.5,
        transforms=[
            dict(
                max_angle=30,
                pad_with_fixed_color=False,
                type='RandomRotate',
                use_canvas=True),
        ],
        type='RandomApply'),
    dict(
        prob=[
            0.6,
            0.4,
        ],
        transforms=[
            [
                dict(keep_ratio=True, scale=800, type='Resize'),
                dict(target_scale=800, type='SourceImagePad'),
            ],
            dict(keep_ratio=False, scale=800, type='Resize'),
        ],
        type='RandomChoice'),
    dict(direction='horizontal', prob=0.5, type='RandomFlip'),
    dict(
        brightness=0.12549019607843137,
        contrast=0.5,
        op='ColorJitter',
        saturation=0.5,
        type='TorchVisionWrapper'),
    dict(
        meta_keys=(
            'img_path',
            'ori_shape',
            'img_shape',
            'scale_factor',
        ),
        type='PackTextDetInputs'),
]
val_cfg = dict(type='ValLoop')
val_dataloader = dict(
    batch_size=1,
    dataset=dict(
        datasets=[
            dict(
                ann_file='instances_val.json',
                data_root='data/lsvt_mmocr',
                pipeline=None,
                test_mode=True,
                type='OCRDataset'),
            dict(
                ann_file='instances_val.json',
                data_root='data/ctw_mmocr',
                pipeline=None,
                test_mode=True,
                type='OCRDataset'),
        ],
        pipeline=[
            dict(
                color_type='color_ignore_orientation',
                type='LoadImageFromFile'),
            dict(keep_ratio=True, scale=(
                2260,
                2260,
            ), type='Resize'),
            dict(
                type='LoadOCRAnnotations',
                with_bbox=True,
                with_label=True,
                with_polygon=True),
            dict(
                meta_keys=(
                    'img_path',
                    'ori_shape',
                    'img_shape',
                    'scale_factor',
                ),
                type='PackTextDetInputs'),
        ],
        type='ConcatDataset'),
    num_workers=2,
    persistent_workers=True,
    pin_memory=True,
    sampler=dict(shuffle=False, type='DefaultSampler'))
val_evaluator = dict(
    dataset_prefixes=dict(ctw='data/ctw_mmocr', lsvt='data/lsvt_mmocr'),
    type='MultiDatasetHmeanIOUMetric')
vis_backends = [
    dict(type='LocalVisBackend'),
]
visualizer = dict(
    name='visualizer',
    type='TextDetLocalVisualizer',
    vis_backends=[
        dict(type='LocalVisBackend'),
    ])
work_dir = 'work_dirs/fcenet_r50dcnv2_fpn_1500e_lsvt_ctw_pretrain'

12/27 20:25:30 - mmengine - INFO - Distributed training is not used, all SyncBatchNorm (SyncBN) layers in the model will be automatically reverted to BatchNormXd layers if they are used.
12/27 20:25:30 - mmengine - INFO - Hooks will be executed in the following order:
before_run:
(VERY_HIGH   ) RuntimeInfoHook                    
(BELOW_NORMAL) LoggerHook                         
(LOWEST      ) EarlyStoppingHook                  
 -------------------- 
before_train:
(VERY_HIGH   ) RuntimeInfoHook                    
(NORMAL      ) IterTimerHook                      
(VERY_LOW    ) CheckpointHook                     
 -------------------- 
before_train_epoch:
(VERY_HIGH   ) RuntimeInfoHook                    
(NORMAL      ) IterTimerHook                      
(NORMAL      ) DistSamplerSeedHook                
 -------------------- 
before_train_iter:
(VERY_HIGH   ) RuntimeInfoHook                    
(NORMAL      ) IterTimerHook                      
 -------------------- 
after_train_iter:
(VERY_HIGH   ) RuntimeInfoHook                    
(NORMAL      ) IterTimerHook                      
(BELOW_NORMAL) LoggerHook                         
(LOW         ) ParamSchedulerHook                 
(VERY_LOW    ) CheckpointHook                     
 -------------------- 
after_train_epoch:
(NORMAL      ) IterTimerHook                      
(NORMAL      ) SyncBuffersHook                    
(LOW         ) ParamSchedulerHook                 
(VERY_LOW    ) CheckpointHook                     
 -------------------- 
before_val:
(VERY_HIGH   ) RuntimeInfoHook                    
 -------------------- 
before_val_epoch:
(NORMAL      ) IterTimerHook                      
(NORMAL      ) SyncBuffersHook                    
 -------------------- 
before_val_iter:
(NORMAL      ) IterTimerHook                      
 -------------------- 
after_val_iter:
(NORMAL      ) IterTimerHook                      
(NORMAL      ) VisualizationHook                  
(BELOW_NORMAL) LoggerHook                         
 -------------------- 
after_val_epoch:
(VERY_HIGH   ) RuntimeInfoHook                    
(NORMAL      ) IterTimerHook                      
(BELOW_NORMAL) LoggerHook                         
(LOW         ) ParamSchedulerHook                 
(VERY_LOW    ) CheckpointHook                     
(LOWEST      ) EarlyStoppingHook                  
 -------------------- 
after_val:
(VERY_HIGH   ) RuntimeInfoHook                    
 -------------------- 
after_train:
(VERY_HIGH   ) RuntimeInfoHook                    
(VERY_LOW    ) CheckpointHook                     
 -------------------- 
before_test:
(VERY_HIGH   ) RuntimeInfoHook                    
 -------------------- 
before_test_epoch:
(NORMAL      ) IterTimerHook                      
 -------------------- 
before_test_iter:
(NORMAL      ) IterTimerHook                      
 -------------------- 
after_test_iter:
(NORMAL      ) IterTimerHook                      
(NORMAL      ) VisualizationHook                  
(BELOW_NORMAL) LoggerHook                         
 -------------------- 
after_test_epoch:
(VERY_HIGH   ) RuntimeInfoHook                    
(NORMAL      ) IterTimerHook                      
(BELOW_NORMAL) LoggerHook                         
 -------------------- 
after_test:
(VERY_HIGH   ) RuntimeInfoHook                    
 -------------------- 
after_run:
(BELOW_NORMAL) LoggerHook                         
 -------------------- 
12/27 20:25:48 - mmengine - INFO - LR is set based on batch size of 12 and the current batch size is 32. Scaling the original LR by 2.6666666666666665.
12/27 20:25:51 - mmengine - INFO - load model from: torchvision://resnet50
12/27 20:25:51 - mmengine - INFO - Loads checkpoint by torchvision backend from path: torchvision://resnet50
12/27 20:25:51 - mmengine - WARNING - The model and loaded state dict do not match exactly

unexpected key in source state_dict: fc.weight, fc.bias

missing keys in source state_dict: layer2.0.conv2.conv_offset.weight, layer2.0.conv2.conv_offset.bias, layer2.1.conv2.conv_offset.weight, layer2.1.conv2.conv_offset.bias, layer2.2.conv2.conv_offset.weight, layer2.2.conv2.conv_offset.bias, layer2.3.conv2.conv_offset.weight, layer2.3.conv2.conv_offset.bias, layer3.0.conv2.conv_offset.weight, layer3.0.conv2.conv_offset.bias, layer3.1.conv2.conv_offset.weight, layer3.1.conv2.conv_offset.bias, layer3.2.conv2.conv_offset.weight, layer3.2.conv2.conv_offset.bias, layer3.3.conv2.conv_offset.weight, layer3.3.conv2.conv_offset.bias, layer3.4.conv2.conv_offset.weight, layer3.4.conv2.conv_offset.bias, layer3.5.conv2.conv_offset.weight, layer3.5.conv2.conv_offset.bias, layer4.0.conv2.conv_offset.weight, layer4.0.conv2.conv_offset.bias, layer4.1.conv2.conv_offset.weight, layer4.1.conv2.conv_offset.bias, layer4.2.conv2.conv_offset.weight, layer4.2.conv2.conv_offset.bias

12/27 20:25:51 - mmengine - INFO - Auto resumed from the latest checkpoint /root/lanyun-tmp/mmocr/work_dirs/fcenet_r50dcnv2_fpn_1500e_lsvt_ctw_pretrain/epoch_15.pth.
Loads checkpoint by local backend from path: /root/lanyun-tmp/mmocr/work_dirs/fcenet_r50dcnv2_fpn_1500e_lsvt_ctw_pretrain/epoch_15.pth
12/27 20:25:52 - mmengine - INFO - ModulatedDeformConvPack backbone.layer2.0.conv2 is upgraded to version 2.
12/27 20:25:52 - mmengine - INFO - ModulatedDeformConvPack backbone.layer2.1.conv2 is upgraded to version 2.
12/27 20:25:52 - mmengine - INFO - ModulatedDeformConvPack backbone.layer2.2.conv2 is upgraded to version 2.
12/27 20:25:52 - mmengine - INFO - ModulatedDeformConvPack backbone.layer2.3.conv2 is upgraded to version 2.
12/27 20:25:52 - mmengine - INFO - ModulatedDeformConvPack backbone.layer3.0.conv2 is upgraded to version 2.
12/27 20:25:52 - mmengine - INFO - ModulatedDeformConvPack backbone.layer3.1.conv2 is upgraded to version 2.
12/27 20:25:52 - mmengine - INFO - ModulatedDeformConvPack backbone.layer3.2.conv2 is upgraded to version 2.
12/27 20:25:52 - mmengine - INFO - ModulatedDeformConvPack backbone.layer3.3.conv2 is upgraded to version 2.
12/27 20:25:52 - mmengine - INFO - ModulatedDeformConvPack backbone.layer3.4.conv2 is upgraded to version 2.
12/27 20:25:52 - mmengine - INFO - ModulatedDeformConvPack backbone.layer3.5.conv2 is upgraded to version 2.
12/27 20:25:52 - mmengine - INFO - ModulatedDeformConvPack backbone.layer4.0.conv2 is upgraded to version 2.
12/27 20:25:52 - mmengine - INFO - ModulatedDeformConvPack backbone.layer4.1.conv2 is upgraded to version 2.
12/27 20:25:52 - mmengine - INFO - ModulatedDeformConvPack backbone.layer4.2.conv2 is upgraded to version 2.
12/27 20:25:52 - mmengine - INFO - Load checkpoint from /root/lanyun-tmp/mmocr/work_dirs/fcenet_r50dcnv2_fpn_1500e_lsvt_ctw_pretrain/epoch_15.pth
12/27 20:25:52 - mmengine - INFO - resumed epoch: 15, iter: 23160
12/27 20:25:52 - mmengine - WARNING - "FileClient" will be deprecated in future. Please use io functions in https://mmengine.readthedocs.io/en/latest/api/fileio.html#file-io
12/27 20:25:52 - mmengine - WARNING - "HardDiskBackend" is the alias of "LocalBackend" and the former will be deprecated in future.
12/27 20:25:52 - mmengine - INFO - Checkpoints will be saved to /root/lanyun-tmp/mmocr/work_dirs/fcenet_r50dcnv2_fpn_1500e_lsvt_ctw_pretrain.
12/27 20:26:20 - mmengine - INFO - Epoch(train) [16][   5/1544]  lr: 2.1125e-03  eta: 4 days, 15:18:17  time: 4.5784  data_time: 0.5356  memory: 20552  grad_norm: 24.6834  loss: 5.5339  loss_text: 0.8367  loss_center: 2.9440  loss_reg_x: 1.0118  loss_reg_y: 0.7414
12/27 20:26:39 - mmengine - INFO - Epoch(train) [16][  10/1544]  lr: 2.1125e-03  eta: 3 days, 19:53:23  time: 4.7618  data_time: 0.5359  memory: 19779  grad_norm: 23.6277  loss: 5.4697  loss_text: 0.7736  loss_center: 2.9394  loss_reg_x: 0.9795  loss_reg_y: 0.7772
12/27 20:26:58 - mmengine - INFO - Epoch(train) [16][  15/1544]  lr: 2.1125e-03  eta: 3 days, 13:33:25  time: 3.7672  data_time: 0.0028  memory: 19779  grad_norm: 26.0222  loss: 5.4202  loss_text: 0.7408  loss_center: 2.9385  loss_reg_x: 1.0052  loss_reg_y: 0.7357
12/27 20:27:17 - mmengine - INFO - Epoch(train) [16][  20/1544]  lr: 2.1125e-03  eta: 3 days, 10:10:18  time: 3.7559  data_time: 0.0029  memory: 19779  grad_norm: 25.2538  loss: 5.4567  loss_text: 0.7538  loss_center: 2.9451  loss_reg_x: 1.0277  loss_reg_y: 0.7301
12/27 20:27:37 - mmengine - INFO - Epoch(train) [16][  25/1544]  lr: 2.1125e-03  eta: 3 days, 9:33:48  time: 3.9181  data_time: 0.0030  memory: 19779  grad_norm: 26.5901  loss: 5.2933  loss_text: 0.8012  loss_center: 2.9341  loss_reg_x: 0.8764  loss_reg_y: 0.6817
12/27 20:27:57 - mmengine - INFO - Epoch(train) [16][  30/1544]  lr: 2.1125e-03  eta: 3 days, 8:27:49  time: 3.9951  data_time: 0.0039  memory: 19779  grad_norm: 30.0590  loss: 5.3860  loss_text: 0.8572  loss_center: 2.9320  loss_reg_x: 0.9620  loss_reg_y: 0.6348
12/27 20:28:14 - mmengine - INFO - Epoch(train) [16][  35/1544]  lr: 2.1125e-03  eta: 3 days, 6:22:16  time: 3.6506  data_time: 0.0038  memory: 19779  grad_norm: 23.0635  loss: 5.2787  loss_text: 0.8157  loss_center: 2.9363  loss_reg_x: 0.9292  loss_reg_y: 0.5976
12/27 20:28:31 - mmengine - INFO - Epoch(train) [16][  40/1544]  lr: 2.1125e-03  eta: 3 days, 4:48:10  time: 3.4141  data_time: 0.0029  memory: 19779  grad_norm: 21.6419  loss: 5.2563  loss_text: 0.7994  loss_center: 2.9256  loss_reg_x: 0.9146  loss_reg_y: 0.6167
12/27 20:28:53 - mmengine - INFO - Epoch(train) [16][  45/1544]  lr: 2.1125e-03  eta: 3 days, 5:37:15  time: 3.8903  data_time: 0.0032  memory: 19779  grad_norm: 25.7631  loss: 5.3402  loss_text: 0.7846  loss_center: 2.8561  loss_reg_x: 1.0405  loss_reg_y: 0.6589
12/27 20:29:14 - mmengine - INFO - Epoch(train) [16][  50/1544]  lr: 2.1125e-03  eta: 3 days, 5:52:37  time: 4.2631  data_time: 0.0034  memory: 19779  grad_norm: 25.9936  loss: 5.5086  loss_text: 0.8327  loss_center: 2.8674  loss_reg_x: 1.1542  loss_reg_y: 0.6543
12/27 20:29:33 - mmengine - INFO - Epoch(train) [16][  55/1544]  lr: 2.1125e-03  eta: 3 days, 5:32:50  time: 4.0066  data_time: 0.0030  memory: 19779  grad_norm: 21.6406  loss: 5.6680  loss_text: 0.8559  loss_center: 2.9443  loss_reg_x: 1.2101  loss_reg_y: 0.6579
12/27 20:29:53 - mmengine - INFO - Epoch(train) [16][  60/1544]  lr: 2.1125e-03  eta: 3 days, 5:28:55  time: 3.9185  data_time: 0.0027  memory: 19779  grad_norm: 19.1325  loss: 5.1369  loss_text: 0.7264  loss_center: 2.9224  loss_reg_x: 0.9000  loss_reg_y: 0.5881
12/27 20:30:11 - mmengine - INFO - Epoch(train) [16][  65/1544]  lr: 2.1125e-03  eta: 3 days, 4:55:09  time: 3.8132  data_time: 0.0028  memory: 19779  grad_norm: 21.5788  loss: 5.1104  loss_text: 0.7300  loss_center: 2.9268  loss_reg_x: 0.8228  loss_reg_y: 0.6308
12/27 20:30:29 - mmengine - INFO - Epoch(train) [16][  70/1544]  lr: 2.1125e-03  eta: 3 days, 4:27:35  time: 3.6510  data_time: 0.0029  memory: 19779  grad_norm: 31.7090  loss: 5.8737  loss_text: 0.8648  loss_center: 2.9422  loss_reg_x: 1.0844  loss_reg_y: 0.9824
12/27 20:30:51 - mmengine - INFO - Epoch(train) [16][  75/1544]  lr: 2.1125e-03  eta: 3 days, 4:57:06  time: 4.0061  data_time: 0.0030  memory: 19779  grad_norm: 33.1188  loss: 5.8660  loss_text: 0.8549  loss_center: 2.9425  loss_reg_x: 1.0930  loss_reg_y: 0.9757
12/27 20:31:08 - mmengine - INFO - Epoch(train) [16][  80/1544]  lr: 2.1125e-03  eta: 3 days, 4:20:15  time: 3.9195  data_time: 0.0032  memory: 19779  grad_norm: 32.8403  loss: 5.6023  loss_text: 0.8371  loss_center: 2.9458  loss_reg_x: 1.1438  loss_reg_y: 0.6756
12/27 20:31:27 - mmengine - INFO - Epoch(train) [16][  85/1544]  lr: 2.1125e-03  eta: 3 days, 4:02:50  time: 3.5976  data_time: 0.0029  memory: 19779  grad_norm: 30.2394  loss: 5.3052  loss_text: 0.8067  loss_center: 2.8693  loss_reg_x: 1.0592  loss_reg_y: 0.5700
12/27 20:31:45 - mmengine - INFO - Epoch(train) [16][  90/1544]  lr: 2.1125e-03  eta: 3 days, 3:41:59  time: 3.6672  data_time: 0.0029  memory: 19779  grad_norm: 24.6420  loss: 5.1774  loss_text: 0.8219  loss_center: 2.8590  loss_reg_x: 0.9431  loss_reg_y: 0.5534
12/27 20:32:05 - mmengine - INFO - Epoch(train) [16][  95/1544]  lr: 2.1125e-03  eta: 3 days, 3:44:31  time: 3.8000  data_time: 0.0032  memory: 19779  grad_norm: 27.2836  loss: 5.4616  loss_text: 0.8859  loss_center: 2.9406  loss_reg_x: 1.0458  loss_reg_y: 0.5893
12/27 20:32:24 - mmengine - INFO - Epoch(train) [16][ 100/1544]  lr: 2.1125e-03  eta: 3 days, 3:31:58  time: 3.8464  data_time: 0.0029  memory: 19779  grad_norm: 26.1844  loss: 5.4118  loss_text: 0.8207  loss_center: 2.9506  loss_reg_x: 1.0313  loss_reg_y: 0.6092
12/27 20:32:42 - mmengine - INFO - Epoch(train) [16][ 105/1544]  lr: 2.1125e-03  eta: 3 days, 3:14:53  time: 3.6666  data_time: 0.0027  memory: 19779  grad_norm: 27.2539  loss: 5.4615  loss_text: 0.8164  loss_center: 2.9402  loss_reg_x: 0.9818  loss_reg_y: 0.7231
12/27 20:33:00 - mmengine - INFO - Epoch(train) [16][ 110/1544]  lr: 2.1125e-03  eta: 3 days, 3:02:49  time: 3.6481  data_time: 0.0027  memory: 19779  grad_norm: 23.6123  loss: 5.3064  loss_text: 0.7802  loss_center: 2.9421  loss_reg_x: 0.8602  loss_reg_y: 0.7239
12/27 20:33:20 - mmengine - INFO - Epoch(train) [16][ 115/1544]  lr: 2.1125e-03  eta: 3 days, 3:11:30  time: 3.8776  data_time: 0.0028  memory: 19779  grad_norm: 26.3123  loss: 5.5449  loss_text: 0.7803  loss_center: 2.9452  loss_reg_x: 0.9856  loss_reg_y: 0.8338
12/27 20:33:38 - mmengine - INFO - Epoch(train) [16][ 120/1544]  lr: 2.1125e-03  eta: 3 days, 2:52:45  time: 3.7969  data_time: 0.0029  memory: 19779  grad_norm: 28.8626  loss: 5.8080  loss_text: 0.8928  loss_center: 2.9477  loss_reg_x: 1.0625  loss_reg_y: 0.9049
12/27 20:33:57 - mmengine - INFO - Epoch(train) [16][ 125/1544]  lr: 2.1125e-03  eta: 3 days, 2:43:39  time: 3.6082  data_time: 0.0033  memory: 19779  grad_norm: 25.3039  loss: 5.5597  loss_text: 0.9057  loss_center: 2.9551  loss_reg_x: 0.9610  loss_reg_y: 0.7378
12/27 20:34:16 - mmengine - INFO - Epoch(train) [16][ 130/1544]  lr: 2.1125e-03  eta: 3 days, 2:42:38  time: 3.7799  data_time: 0.0034  memory: 19779  grad_norm: 22.5362  loss: 5.3119  loss_text: 0.8038  loss_center: 2.9397  loss_reg_x: 0.8889  loss_reg_y: 0.6794
12/27 20:34:34 - mmengine - INFO - Epoch(train) [16][ 135/1544]  lr: 2.1125e-03  eta: 3 days, 2:29:16  time: 3.7185  data_time: 0.0029  memory: 19779  grad_norm: 19.8702  loss: 5.1548  loss_text: 0.7500  loss_center: 2.9269  loss_reg_x: 0.8182  loss_reg_y: 0.6597
12/27 20:34:55 - mmengine - INFO - Epoch(train) [16][ 140/1544]  lr: 2.1125e-03  eta: 3 days, 2:41:11  time: 3.8687  data_time: 0.0030  memory: 19779  grad_norm: 21.0018  loss: 5.1896  loss_text: 0.7002  loss_center: 2.9237  loss_reg_x: 0.9074  loss_reg_y: 0.6583
12/27 20:35:14 - mmengine - INFO - Epoch(train) [16][ 145/1544]  lr: 2.1125e-03  eta: 3 days, 2:39:23  time: 4.0021  data_time: 0.0031  memory: 19779  grad_norm: 26.2517  loss: 5.6927  loss_text: 0.7741  loss_center: 2.9379  loss_reg_x: 1.0783  loss_reg_y: 0.9024
12/27 20:35:31 - mmengine - INFO - Epoch(train) [16][ 150/1544]  lr: 2.1125e-03  eta: 3 days, 2:21:26  time: 3.6294  data_time: 0.0028  memory: 19779  grad_norm: 29.3129  loss: 5.8865  loss_text: 0.8077  loss_center: 2.9511  loss_reg_x: 1.1121  loss_reg_y: 1.0155
12/27 20:35:51 - mmengine - INFO - Epoch(train) [16][ 155/1544]  lr: 2.1125e-03  eta: 3 days, 2:27:48  time: 3.7295  data_time: 0.0027  memory: 19779  grad_norm: 28.3069  loss: 5.5272  loss_text: 0.7336  loss_center: 2.9411  loss_reg_x: 1.0811  loss_reg_y: 0.7715
12/27 20:36:08 - mmengine - INFO - Epoch(train) [16][ 160/1544]  lr: 2.1125e-03  eta: 3 days, 2:08:10  time: 3.6863  data_time: 0.0027  memory: 19779  grad_norm: 30.3158  loss: 5.3007  loss_text: 0.7439  loss_center: 2.9278  loss_reg_x: 0.9806  loss_reg_y: 0.6484
12/27 20:36:26 - mmengine - INFO - Epoch(train) [16][ 165/1544]  lr: 2.1125e-03  eta: 3 days, 1:59:43  time: 3.4748  data_time: 0.0026  memory: 19779  grad_norm: 29.6715  loss: 5.2218  loss_text: 0.7745  loss_center: 2.9248  loss_reg_x: 0.8777  loss_reg_y: 0.6448
12/27 20:36:45 - mmengine - INFO - Epoch(train) [16][ 170/1544]  lr: 2.1125e-03  eta: 3 days, 1:56:48  time: 3.6923  data_time: 0.0028  memory: 19779  grad_norm: 29.6452  loss: 5.5965  loss_text: 0.8596  loss_center: 2.9344  loss_reg_x: 1.0437  loss_reg_y: 0.7589
12/27 20:37:04 - mmengine - INFO - Epoch(train) [16][ 175/1544]  lr: 2.1125e-03  eta: 3 days, 1:58:38  time: 3.8365  data_time: 0.0028  memory: 19779  grad_norm: 27.2582  loss: 5.2713  loss_text: 0.7918  loss_center: 2.8598  loss_reg_x: 0.9251  loss_reg_y: 0.6945
12/27 20:37:24 - mmengine - INFO - Epoch(train) [16][ 180/1544]  lr: 2.1125e-03  eta: 3 days, 2:03:33  time: 3.9559  data_time: 0.0036  memory: 19779  grad_norm: 22.9099  loss: 4.8779  loss_text: 0.7140  loss_center: 2.8514  loss_reg_x: 0.7803  loss_reg_y: 0.5322
12/27 20:37:43 - mmengine - INFO - Epoch(train) [16][ 185/1544]  lr: 2.1125e-03  eta: 3 days, 2:02:43  time: 3.9184  data_time: 0.0040  memory: 19779  grad_norm: 24.2838  loss: 5.2741  loss_text: 0.7962  loss_center: 2.9320  loss_reg_x: 0.9792  loss_reg_y: 0.5667
12/27 20:38:04 - mmengine - INFO - Epoch(train) [16][ 190/1544]  lr: 2.1125e-03  eta: 3 days, 2:12:04  time: 3.9980  data_time: 0.0032  memory: 19779  grad_norm: 26.2310  loss: 5.6374  loss_text: 0.8908  loss_center: 2.9332  loss_reg_x: 1.1187  loss_reg_y: 0.6947
12/27 20:38:22 - mmengine - INFO - Epoch(train) [16][ 195/1544]  lr: 2.1125e-03  eta: 3 days, 2:00:29  time: 3.8198  data_time: 0.0027  memory: 19779  grad_norm: 28.1295  loss: 5.5437  loss_text: 0.8296  loss_center: 2.9244  loss_reg_x: 1.0212  loss_reg_y: 0.7685
12/27 20:38:40 - mmengine - INFO - Epoch(train) [16][ 200/1544]  lr: 2.1125e-03  eta: 3 days, 1:54:28  time: 3.5614  data_time: 0.0028  memory: 19779  grad_norm: 26.1794  loss: 5.2188  loss_text: 0.7309  loss_center: 2.9380  loss_reg_x: 0.8312  loss_reg_y: 0.7188
12/27 20:39:01 - mmengine - INFO - Epoch(train) [16][ 205/1544]  lr: 2.1125e-03  eta: 3 days, 2:07:40  time: 3.9844  data_time: 0.0034  memory: 19779  grad_norm: 21.1171  loss: 5.0771  loss_text: 0.7445  loss_center: 2.9268  loss_reg_x: 0.7520  loss_reg_y: 0.6540
12/27 20:39:21 - mmengine - INFO - Epoch(train) [16][ 210/1544]  lr: 2.1125e-03  eta: 3 days, 2:10:36  time: 4.1456  data_time: 0.0033  memory: 19779  grad_norm: 23.1199  loss: 5.3074  loss_text: 0.8118  loss_center: 2.9171  loss_reg_x: 0.9327  loss_reg_y: 0.6457
12/27 20:39:42 - mmengine - INFO - Epoch(train) [16][ 215/1544]  lr: 2.1125e-03  eta: 3 days, 2:17:26  time: 4.0461  data_time: 0.0032  memory: 19779  grad_norm: 22.8546  loss: 5.5418  loss_text: 0.8608  loss_center: 2.9375  loss_reg_x: 1.0076  loss_reg_y: 0.7358
12/27 20:40:03 - mmengine - INFO - Epoch(train) [16][ 220/1544]  lr: 2.1125e-03  eta: 3 days, 2:26:19  time: 4.1667  data_time: 0.0034  memory: 19779  grad_norm: 24.6925  loss: 5.5760  loss_text: 0.8362  loss_center: 2.9393  loss_reg_x: 1.0095  loss_reg_y: 0.7910
12/27 20:40:24 - mmengine - INFO - Epoch(train) [16][ 225/1544]  lr: 2.1125e-03  eta: 3 days, 2:33:42  time: 4.1906  data_time: 0.0033  memory: 19779  grad_norm: 27.5301  loss: 5.8846  loss_text: 0.8546  loss_center: 2.9457  loss_reg_x: 1.2754  loss_reg_y: 0.8089
12/27 20:40:42 - mmengine - INFO - Epoch(train) [16][ 230/1544]  lr: 2.1125e-03  eta: 3 days, 2:28:02  time: 3.9163  data_time: 0.0032  memory: 19779  grad_norm: 23.8006  loss: 5.5994  loss_text: 0.8066  loss_center: 2.9438  loss_reg_x: 1.1089  loss_reg_y: 0.7401
12/27 20:40:59 - mmengine - INFO - Epoch(train) [16][ 235/1544]  lr: 2.1125e-03  eta: 3 days, 2:16:37  time: 3.5413  data_time: 0.0030  memory: 19779  grad_norm: 24.1149  loss: 5.3223  loss_text: 0.7448  loss_center: 2.9340  loss_reg_x: 0.9578  loss_reg_y: 0.6857
12/27 20:41:18 - mmengine - INFO - Epoch(train) [16][ 240/1544]  lr: 2.1125e-03  eta: 3 days, 2:13:35  time: 3.5842  data_time: 0.0027  memory: 19779  grad_norm: 21.0239  loss: 5.2530  loss_text: 0.7617  loss_center: 2.9378  loss_reg_x: 0.9328  loss_reg_y: 0.6208
12/27 20:41:38 - mmengine - INFO - Epoch(train) [16][ 245/1544]  lr: 2.1125e-03  eta: 3 days, 2:16:10  time: 3.8657  data_time: 0.0027  memory: 19779  grad_norm: 18.7206  loss: 5.1116  loss_text: 0.7776  loss_center: 2.9470  loss_reg_x: 0.7797  loss_reg_y: 0.6073
12/27 20:41:56 - mmengine - INFO - Epoch(train) [16][ 250/1544]  lr: 2.1125e-03  eta: 3 days, 2:10:23  time: 3.8038  data_time: 0.0032  memory: 19779  grad_norm: 21.1316  loss: 5.4347  loss_text: 0.8406  loss_center: 2.9522  loss_reg_x: 0.9801  loss_reg_y: 0.6618
12/27 20:42:14 - mmengine - INFO - Epoch(train) [16][ 255/1544]  lr: 2.1125e-03  eta: 3 days, 2:06:35  time: 3.6644  data_time: 0.0032  memory: 19779  grad_norm: 21.2203  loss: 5.3340  loss_text: 0.8451  loss_center: 2.9206  loss_reg_x: 0.9856  loss_reg_y: 0.5827
12/27 20:42:35 - mmengine - INFO - Epoch(train) [16][ 260/1544]  lr: 2.1125e-03  eta: 3 days, 2:10:21  time: 3.8710  data_time: 0.0027  memory: 19779  grad_norm: 22.4255  loss: 5.2057  loss_text: 0.7753  loss_center: 2.9067  loss_reg_x: 0.9338  loss_reg_y: 0.5899
12/27 20:42:55 - mmengine - INFO - Epoch(train) [16][ 265/1544]  lr: 2.1125e-03  eta: 3 days, 2:15:09  time: 4.0654  data_time: 0.0038  memory: 19779  grad_norm: 24.5364  loss: 5.3679  loss_text: 0.8698  loss_center: 2.9281  loss_reg_x: 0.9666  loss_reg_y: 0.6034
12/27 20:43:14 - mmengine - INFO - Epoch(train) [16][ 270/1544]  lr: 2.1125e-03  eta: 3 days, 2:14:00  time: 3.9580  data_time: 0.0042  memory: 19779  grad_norm: 25.7326  loss: 5.6277  loss_text: 0.9200  loss_center: 2.9384  loss_reg_x: 1.0923  loss_reg_y: 0.6770
12/27 20:43:35 - mmengine - INFO - Epoch(train) [16][ 275/1544]  lr: 2.1125e-03  eta: 3 days, 2:19:48  time: 3.9883  data_time: 0.0031  memory: 19779  grad_norm: 29.2290  loss: 5.6622  loss_text: 0.9118  loss_center: 2.9457  loss_reg_x: 1.0889  loss_reg_y: 0.7158
12/27 20:43:55 - mmengine - INFO - Epoch(train) [16][ 280/1544]  lr: 2.1125e-03  eta: 3 days, 2:24:15  time: 4.1259  data_time: 0.0027  memory: 19779  grad_norm: 27.4995  loss: 5.2602  loss_text: 0.8408  loss_center: 2.9443  loss_reg_x: 0.8717  loss_reg_y: 0.6034
12/27 20:44:16 - mmengine - INFO - Epoch(train) [16][ 285/1544]  lr: 2.1125e-03  eta: 3 days, 2:29:50  time: 4.1304  data_time: 0.0027  memory: 19779  grad_norm: 25.7537  loss: 5.2943  loss_text: 0.7476  loss_center: 2.9310  loss_reg_x: 0.9098  loss_reg_y: 0.7058
12/27 20:44:34 - mmengine - INFO - Epoch(train) [16][ 290/1544]  lr: 2.1125e-03  eta: 3 days, 2:23:55  time: 3.8782  data_time: 0.0025  memory: 19779  grad_norm: 24.2933  loss: 5.2830  loss_text: 0.7465  loss_center: 2.9380  loss_reg_x: 0.8899  loss_reg_y: 0.7086
12/27 20:44:53 - mmengine - INFO - Epoch(train) [16][ 295/1544]  lr: 2.1125e-03  eta: 3 days, 2:23:04  time: 3.7194  data_time: 0.0023  memory: 19779  grad_norm: 26.0392  loss: 5.4912  loss_text: 0.8417  loss_center: 2.9618  loss_reg_x: 1.0413  loss_reg_y: 0.6464
12/27 20:45:16 - mmengine - INFO - Epoch(train) [16][ 300/1544]  lr: 2.1125e-03  eta: 3 days, 2:33:54  time: 4.1478  data_time: 0.0033  memory: 19779  grad_norm: 29.9297  loss: 5.9227  loss_text: 0.9632  loss_center: 2.9678  loss_reg_x: 1.2605  loss_reg_y: 0.7312
12/27 20:45:34 - mmengine - INFO - Epoch(train) [16][ 305/1544]  lr: 2.1125e-03  eta: 3 days, 2:31:05  time: 4.0998  data_time: 0.0035  memory: 19779  grad_norm: 25.7139  loss: 5.5919  loss_text: 0.8387  loss_center: 2.9476  loss_reg_x: 1.1044  loss_reg_y: 0.7011
12/27 20:45:54 - mmengine - INFO - Epoch(train) [16][ 310/1544]  lr: 2.1125e-03  eta: 3 days, 2:32:11  time: 3.8515  data_time: 0.0026  memory: 19779  grad_norm: 22.6361  loss: 5.3299  loss_text: 0.7383  loss_center: 2.9324  loss_reg_x: 0.9974  loss_reg_y: 0.6617
12/27 20:46:14 - mmengine - INFO - Epoch(train) [16][ 315/1544]  lr: 2.1125e-03  eta: 3 days, 2:31:43  time: 3.9130  data_time: 0.0025  memory: 19779  grad_norm: 25.9818  loss: 5.4531  loss_text: 0.7752  loss_center: 2.9417  loss_reg_x: 1.0516  loss_reg_y: 0.6846
12/27 20:46:31 - mmengine - INFO - Epoch(train) [16][ 320/1544]  lr: 2.1125e-03  eta: 3 days, 2:25:28  time: 3.7106  data_time: 0.0026  memory: 19779  grad_norm: 26.1456  loss: 5.4589  loss_text: 0.8037  loss_center: 2.9504  loss_reg_x: 1.0504  loss_reg_y: 0.6544
12/27 20:46:51 - mmengine - INFO - Epoch(train) [16][ 325/1544]  lr: 2.1125e-03  eta: 3 days, 2:24:20  time: 3.6891  data_time: 0.0026  memory: 19779  grad_norm: 24.3298  loss: 5.5703  loss_text: 0.8148  loss_center: 2.9598  loss_reg_x: 1.1404  loss_reg_y: 0.6555
12/27 20:47:08 - mmengine - INFO - Epoch(train) [16][ 330/1544]  lr: 2.1125e-03  eta: 3 days, 2:17:44  time: 3.6712  data_time: 0.0026  memory: 19779  grad_norm: 27.8465  loss: 5.5159  loss_text: 0.8030  loss_center: 2.9540  loss_reg_x: 1.0590  loss_reg_y: 0.7000
12/27 20:47:26 - mmengine - INFO - Epoch(train) [16][ 335/1544]  lr: 2.1125e-03  eta: 3 days, 2:12:24  time: 3.5451  data_time: 0.0029  memory: 19779  grad_norm: 30.6969  loss: 5.5683  loss_text: 0.7975  loss_center: 2.9440  loss_reg_x: 1.0610  loss_reg_y: 0.7658
12/27 20:47:44 - mmengine - INFO - Epoch(train) [16][ 340/1544]  lr: 2.1125e-03  eta: 3 days, 2:08:23  time: 3.6111  data_time: 0.0027  memory: 19779  grad_norm: 26.8767  loss: 5.5675  loss_text: 0.8128  loss_center: 2.9425  loss_reg_x: 1.0973  loss_reg_y: 0.7149
12/27 20:48:04 - mmengine - INFO - Epoch(train) [16][ 345/1544]  lr: 2.1125e-03  eta: 3 days, 2:09:10  time: 3.7864  data_time: 0.0024  memory: 19779  grad_norm: 23.7148  loss: 5.4398  loss_text: 0.8933  loss_center: 2.9322  loss_reg_x: 0.9734  loss_reg_y: 0.6409
12/27 20:48:21 - mmengine - INFO - Epoch(train) [16][ 350/1544]  lr: 2.1125e-03  eta: 3 days, 2:03:13  time: 3.7231  data_time: 0.0028  memory: 19779  grad_norm: 23.6459  loss: 5.5193  loss_text: 0.8726  loss_center: 2.9316  loss_reg_x: 1.0589  loss_reg_y: 0.6562
12/27 20:48:41 - mmengine - INFO - Epoch(train) [16][ 355/1544]  lr: 2.1125e-03  eta: 3 days, 2:02:44  time: 3.6824  data_time: 0.0029  memory: 19779  grad_norm: 24.7134  loss: 5.2782  loss_text: 0.7705  loss_center: 2.9295  loss_reg_x: 0.9350  loss_reg_y: 0.6432
12/27 20:48:59 - mmengine - INFO - Epoch(train) [16][ 360/1544]  lr: 2.1125e-03  eta: 3 days, 1:58:00  time: 3.7135  data_time: 0.0026  memory: 19779  grad_norm: 23.7005  loss: 5.0665  loss_text: 0.7521  loss_center: 2.9294  loss_reg_x: 0.7634  loss_reg_y: 0.6216
12/27 20:49:18 - mmengine - INFO - Epoch(train) [16][ 365/1544]  lr: 2.1125e-03  eta: 3 days, 1:58:36  time: 3.7460  data_time: 0.0025  memory: 19779  grad_norm: 20.1052  loss: 5.2295  loss_text: 0.8047  loss_center: 2.9348  loss_reg_x: 0.9112  loss_reg_y: 0.5787
12/27 20:49:36 - mmengine - INFO - Epoch(train) [16][ 370/1544]  lr: 2.1125e-03  eta: 3 days, 1:53:17  time: 3.7215  data_time: 0.0028  memory: 19779  grad_norm: 23.1586  loss: 5.3198  loss_text: 0.8154  loss_center: 2.9326  loss_reg_x: 0.9635  loss_reg_y: 0.6083
12/27 20:49:54 - mmengine - INFO - Epoch(train) [16][ 375/1544]  lr: 2.1125e-03  eta: 3 days, 1:50:51  time: 3.6219  data_time: 0.0027  memory: 19779  grad_norm: 23.2363  loss: 5.3967  loss_text: 0.7858  loss_center: 2.9407  loss_reg_x: 0.9707  loss_reg_y: 0.6995
12/27 20:50:14 - mmengine - INFO - Epoch(train) [16][ 380/1544]  lr: 2.1125e-03  eta: 3 days, 1:51:14  time: 3.8024  data_time: 0.0022  memory: 19779  grad_norm: 24.9058  loss: 5.5134  loss_text: 0.7947  loss_center: 2.9417  loss_reg_x: 1.0674  loss_reg_y: 0.7097
12/27 20:50:31 - mmengine - INFO - Epoch(train) [16][ 385/1544]  lr: 2.1125e-03  eta: 3 days, 1:45:20  time: 3.6836  data_time: 0.0028  memory: 19779  grad_norm: 25.4436  loss: 5.5707  loss_text: 0.8216  loss_center: 2.9354  loss_reg_x: 1.0919  loss_reg_y: 0.7218
12/27 20:50:50 - mmengine - INFO - Epoch(train) [16][ 390/1544]  lr: 2.1125e-03  eta: 3 days, 1:43:50  time: 3.6188  data_time: 0.0027  memory: 19779  grad_norm: 20.6593  loss: 5.4124  loss_text: 0.8008  loss_center: 2.9340  loss_reg_x: 0.9820  loss_reg_y: 0.6956
12/27 20:51:09 - mmengine - INFO - Epoch(train) [16][ 395/1544]  lr: 2.1125e-03  eta: 3 days, 1:44:00  time: 3.8195  data_time: 0.0022  memory: 19779  grad_norm: 23.5969  loss: 5.3470  loss_text: 0.8272  loss_center: 2.9289  loss_reg_x: 0.9241  loss_reg_y: 0.6667
12/27 20:51:28 - mmengine - INFO - Epoch(train) [16][ 400/1544]  lr: 2.1125e-03  eta: 3 days, 1:42:55  time: 3.8320  data_time: 0.0023  memory: 19779  grad_norm: 27.6798  loss: 5.6258  loss_text: 0.8897  loss_center: 2.9322  loss_reg_x: 1.0686  loss_reg_y: 0.7354
12/27 20:51:46 - mmengine - INFO - Epoch(train) [16][ 405/1544]  lr: 2.1125e-03  eta: 3 days, 1:39:31  time: 3.7071  data_time: 0.0026  memory: 19779  grad_norm: 25.8663  loss: 5.5940  loss_text: 0.8394  loss_center: 2.9425  loss_reg_x: 1.1200  loss_reg_y: 0.6921
12/27 20:52:06 - mmengine - INFO - Epoch(train) [16][ 410/1544]  lr: 2.1125e-03  eta: 3 days, 1:41:16  time: 3.8059  data_time: 0.0027  memory: 19779  grad_norm: 23.4513  loss: 5.4123  loss_text: 0.8326  loss_center: 2.9455  loss_reg_x: 1.0209  loss_reg_y: 0.6133
12/27 20:52:25 - mmengine - INFO - Epoch(train) [16][ 415/1544]  lr: 2.1125e-03  eta: 3 days, 1:38:17  time: 3.8174  data_time: 0.0025  memory: 19779  grad_norm: 22.7928  loss: 5.3822  loss_text: 0.8178  loss_center: 2.8808  loss_reg_x: 0.9500  loss_reg_y: 0.7335
12/27 20:52:45 - mmengine - INFO - Epoch(train) [16][ 420/1544]  lr: 2.1125e-03  eta: 3 days, 1:40:19  time: 3.8290  data_time: 0.0028  memory: 19779  grad_norm: 20.6476  loss: 5.3635  loss_text: 0.7721  loss_center: 2.8685  loss_reg_x: 0.9297  loss_reg_y: 0.7933
12/27 20:53:03 - mmengine - INFO - Epoch(train) [16][ 425/1544]  lr: 2.1125e-03  eta: 3 days, 1:37:34  time: 3.8353  data_time: 0.0029  memory: 19779  grad_norm: 23.4746  loss: 5.5735  loss_text: 0.8226  loss_center: 2.9330  loss_reg_x: 1.0803  loss_reg_y: 0.7376
12/27 20:53:22 - mmengine - INFO - Epoch(train) [16][ 430/1544]  lr: 2.1125e-03  eta: 3 days, 1:35:54  time: 3.6993  data_time: 0.0029  memory: 19779  grad_norm: 25.3520  loss: 5.5345  loss_text: 0.8406  loss_center: 2.9301  loss_reg_x: 1.0116  loss_reg_y: 0.7522
12/27 20:53:43 - mmengine - INFO - Epoch(train) [16][ 435/1544]  lr: 2.1125e-03  eta: 3 days, 1:42:16  time: 4.0402  data_time: 0.0028  memory: 19779  grad_norm: 22.5517  loss: 5.2637  loss_text: 0.7744  loss_center: 2.9308  loss_reg_x: 0.8569  loss_reg_y: 0.7016
12/27 20:54:01 - mmengine - INFO - Epoch(train) [16][ 440/1544]  lr: 2.1125e-03  eta: 3 days, 1:37:45  time: 3.9325  data_time: 0.0027  memory: 19779  grad_norm: 22.4024  loss: 5.3583  loss_text: 0.7763  loss_center: 2.9466  loss_reg_x: 0.8804  loss_reg_y: 0.7550
12/27 20:54:19 - mmengine - INFO - Epoch(train) [16][ 445/1544]  lr: 2.1125e-03  eta: 3 days, 1:35:40  time: 3.6123  data_time: 0.0027  memory: 19779  grad_norm: 21.7186  loss: 5.2746  loss_text: 0.7674  loss_center: 2.9576  loss_reg_x: 0.8377  loss_reg_y: 0.7119
12/27 20:54:39 - mmengine - INFO - Epoch(train) [16][ 450/1544]  lr: 2.1125e-03  eta: 3 days, 1:36:49  time: 3.8279  data_time: 0.0027  memory: 19779  grad_norm: inf  loss: 5.5973  loss_text: 0.8114  loss_center: 2.9644  loss_reg_x: 0.9848  loss_reg_y: 0.8367
12/27 20:54:58 - mmengine - INFO - Epoch(train) [16][ 455/1544]  lr: 2.1125e-03  eta: 3 days, 1:34:35  time: 3.8207  data_time: 0.0028  memory: 19779  grad_norm: inf  loss: 5.5851  loss_text: 0.8117  loss_center: 2.9449  loss_reg_x: 0.9700  loss_reg_y: 0.8585
12/27 20:55:17 - mmengine - INFO - Epoch(train) [16][ 460/1544]  lr: 2.1125e-03  eta: 3 days, 1:35:28  time: 3.8107  data_time: 0.0029  memory: 19779  grad_norm: 25.0788  loss: 5.2295  loss_text: 0.7638  loss_center: 2.9376  loss_reg_x: 0.8607  loss_reg_y: 0.6675
12/27 20:55:38 - mmengine - INFO - Epoch(train) [16][ 465/1544]  lr: 2.1125e-03  eta: 3 days, 1:38:49  time: 4.0342  data_time: 0.0032  memory: 19779  grad_norm: 29.0921  loss: 5.5538  loss_text: 0.8958  loss_center: 2.9312  loss_reg_x: 1.0176  loss_reg_y: 0.7092
12/27 20:55:58 - mmengine - INFO - Epoch(train) [16][ 470/1544]  lr: 2.1125e-03  eta: 3 days, 1:39:17  time: 4.0204  data_time: 0.0031  memory: 19779  grad_norm: 28.2500  loss: 5.5563  loss_text: 0.9183  loss_center: 2.9265  loss_reg_x: 1.0468  loss_reg_y: 0.6648
12/27 20:56:16 - mmengine - INFO - Epoch(train) [16][ 475/1544]  lr: 2.1125e-03  eta: 3 days, 1:36:51  time: 3.7865  data_time: 0.0028  memory: 19779  grad_norm: 22.1286  loss: 5.2946  loss_text: 0.7715  loss_center: 2.9297  loss_reg_x: 0.9352  loss_reg_y: 0.6583
12/27 20:56:35 - mmengine - INFO - Epoch(train) [16][ 480/1544]  lr: 2.1125e-03  eta: 3 days, 1:36:51  time: 3.7675  data_time: 0.0028  memory: 19779  grad_norm: 21.7471  loss: 5.2978  loss_text: 0.7827  loss_center: 2.9323  loss_reg_x: 0.9161  loss_reg_y: 0.6667
12/27 20:56:56 - mmengine - INFO - Epoch(train) [16][ 485/1544]  lr: 2.1125e-03  eta: 3 days, 1:40:19  time: 4.0136  data_time: 0.0028  memory: 19779  grad_norm: 25.0494  loss: 5.5387  loss_text: 0.8738  loss_center: 2.9284  loss_reg_x: 1.0553  loss_reg_y: 0.6812
12/27 20:57:16 - mmengine - INFO - Epoch(train) [16][ 490/1544]  lr: 2.1125e-03  eta: 3 days, 1:40:38  time: 4.0289  data_time: 0.0025  memory: 19779  grad_norm: 23.9413  loss: 5.5823  loss_text: 0.8579  loss_center: 2.8648  loss_reg_x: 1.1007  loss_reg_y: 0.7590
12/27 20:57:34 - mmengine - INFO - Epoch(train) [16][ 495/1544]  lr: 2.1125e-03  eta: 3 days, 1:39:39  time: 3.8428  data_time: 0.0024  memory: 19779  grad_norm: 20.2329  loss: 5.3247  loss_text: 0.7831  loss_center: 2.8697  loss_reg_x: 0.9803  loss_reg_y: 0.6916
12/27 20:57:54 - mmengine - INFO - Epoch(train) [16][ 500/1544]  lr: 2.1125e-03  eta: 3 days, 1:40:45  time: 3.8778  data_time: 0.0027  memory: 19779  grad_norm: 20.2709  loss: 5.1597  loss_text: 0.7446  loss_center: 2.9243  loss_reg_x: 0.9085  loss_reg_y: 0.5823
12/27 20:58:13 - mmengine - INFO - Epoch(train) [16][ 505/1544]  lr: 2.1125e-03  eta: 3 days, 1:38:18  time: 3.8130  data_time: 0.0028  memory: 19779  grad_norm: 20.6249  loss: 5.1928  loss_text: 0.7619  loss_center: 2.9320  loss_reg_x: 0.9244  loss_reg_y: 0.5745
12/27 20:58:33 - mmengine - INFO - Epoch(train) [16][ 510/1544]  lr: 2.1125e-03  eta: 3 days, 1:39:42  time: 3.8271  data_time: 0.0025  memory: 19779  grad_norm: 19.7257  loss: 5.3230  loss_text: 0.8041  loss_center: 2.9466  loss_reg_x: 0.9092  loss_reg_y: 0.6631
12/27 20:58:53 - mmengine - INFO - Epoch(train) [16][ 515/1544]  lr: 2.1125e-03  eta: 3 days, 1:41:30  time: 4.0159  data_time: 0.0027  memory: 19779  grad_norm: 23.0971  loss: 5.6785  loss_text: 0.8566  loss_center: 2.9562  loss_reg_x: 1.1233  loss_reg_y: 0.7422
12/27 20:59:14 - mmengine - INFO - Epoch(train) [16][ 520/1544]  lr: 2.1125e-03  eta: 3 days, 1:44:40  time: 4.0986  data_time: 0.0028  memory: 19779  grad_norm: 30.0389  loss: 5.5844  loss_text: 0.8376  loss_center: 2.9439  loss_reg_x: 1.1386  loss_reg_y: 0.6643
12/27 20:59:32 - mmengine - INFO - Epoch(train) [16][ 525/1544]  lr: 2.1125e-03  eta: 3 days, 1:43:05  time: 3.9485  data_time: 0.0025  memory: 19779  grad_norm: 29.9420  loss: 5.4903  loss_text: 0.8603  loss_center: 2.9198  loss_reg_x: 0.9570  loss_reg_y: 0.7532
12/27 20:59:49 - mmengine - INFO - Epoch(train) [16][ 530/1544]  lr: 2.1125e-03  eta: 3 days, 1:37:23  time: 3.5436  data_time: 0.0024  memory: 19779  grad_norm: 24.9849  loss: 5.7362  loss_text: 0.8571  loss_center: 2.9374  loss_reg_x: 1.1102  loss_reg_y: 0.8314
12/27 21:00:07 - mmengine - INFO - Epoch(train) [16][ 535/1544]  lr: 2.1125e-03  eta: 3 days, 1:35:05  time: 3.5058  data_time: 0.0026  memory: 19779  grad_norm: 24.0245  loss: 5.5181  loss_text: 0.7960  loss_center: 2.9534  loss_reg_x: 1.0731  loss_reg_y: 0.6955
12/27 21:00:26 - mmengine - INFO - Epoch(train) [16][ 540/1544]  lr: 2.1125e-03  eta: 3 days, 1:33:14  time: 3.6793  data_time: 0.0026  memory: 19779  grad_norm: 25.0363  loss: 5.3358  loss_text: 0.7584  loss_center: 2.9405  loss_reg_x: 0.9736  loss_reg_y: 0.6633
12/27 21:00:44 - mmengine - INFO - Epoch(train) [16][ 545/1544]  lr: 2.1125e-03  eta: 3 days, 1:30:19  time: 3.6462  data_time: 0.0025  memory: 19779  grad_norm: 23.3696  loss: 5.3017  loss_text: 0.7296  loss_center: 2.9388  loss_reg_x: 0.9356  loss_reg_y: 0.6978
12/27 21:01:01 - mmengine - INFO - Epoch(train) [16][ 550/1544]  lr: 2.1125e-03  eta: 3 days, 1:25:30  time: 3.5011  data_time: 0.0024  memory: 19779  grad_norm: 24.8276  loss: 5.4175  loss_text: 0.7716  loss_center: 2.9492  loss_reg_x: 1.0207  loss_reg_y: 0.6761
12/27 21:01:19 - mmengine - INFO - Epoch(train) [16][ 555/1544]  lr: 2.1125e-03  eta: 3 days, 1:23:34  time: 3.5434  data_time: 0.0026  memory: 19779  grad_norm: 22.5278  loss: 5.3102  loss_text: 0.7521  loss_center: 2.9444  loss_reg_x: 0.9835  loss_reg_y: 0.6302
12/27 21:01:38 - mmengine - INFO - Epoch(train) [16][ 560/1544]  lr: 2.1125e-03  eta: 3 days, 1:21:59  time: 3.6946  data_time: 0.0029  memory: 19779  grad_norm: 19.8311  loss: 5.2454  loss_text: 0.7973  loss_center: 2.9348  loss_reg_x: 0.8562  loss_reg_y: 0.6572
12/27 21:01:55 - mmengine - INFO - Epoch(train) [16][ 565/1544]  lr: 2.1125e-03  eta: 3 days, 1:16:49  time: 3.5328  data_time: 0.0026  memory: 19779  grad_norm: 21.9872  loss: 5.5030  loss_text: 0.8642  loss_center: 2.9439  loss_reg_x: 1.0086  loss_reg_y: 0.6863
12/27 21:02:15 - mmengine - INFO - Epoch(train) [16][ 570/1544]  lr: 2.1125e-03  eta: 3 days, 1:18:19  time: 3.6817  data_time: 0.0024  memory: 19779  grad_norm: 21.5947  loss: 5.5033  loss_text: 0.8553  loss_center: 2.9571  loss_reg_x: 1.0184  loss_reg_y: 0.6725
12/27 21:02:35 - mmengine - INFO - Epoch(train) [16][ 575/1544]  lr: 2.1125e-03  eta: 3 days, 1:19:38  time: 4.0012  data_time: 0.0027  memory: 19779  grad_norm: 22.1728  loss: 5.4360  loss_text: 0.8673  loss_center: 2.9467  loss_reg_x: 1.0132  loss_reg_y: 0.6088
12/27 21:02:54 - mmengine - INFO - Epoch(train) [16][ 580/1544]  lr: 2.1125e-03  eta: 3 days, 1:19:47  time: 3.9365  data_time: 0.0027  memory: 19779  grad_norm: 23.6409  loss: 5.3679  loss_text: 0.8481  loss_center: 2.9282  loss_reg_x: 1.0319  loss_reg_y: 0.5596
12/27 21:03:14 - mmengine - INFO - Epoch(train) [16][ 585/1544]  lr: 2.1125e-03  eta: 3 days, 1:21:20  time: 3.9507  data_time: 0.0030  memory: 19779  grad_norm: 25.4796  loss: 5.2369  loss_text: 0.7676  loss_center: 2.9338  loss_reg_x: 0.9402  loss_reg_y: 0.5953
12/27 21:03:33 - mmengine - INFO - Epoch(train) [16][ 590/1544]  lr: 2.1125e-03  eta: 3 days, 1:19:53  time: 3.8691  data_time: 0.0031  memory: 19779  grad_norm: 21.9411  loss: 5.1116  loss_text: 0.7113  loss_center: 2.9394  loss_reg_x: 0.8343  loss_reg_y: 0.6266
12/27 21:03:50 - mmengine - INFO - Epoch(train) [16][ 595/1544]  lr: 2.1125e-03  eta: 3 days, 1:15:44  time: 3.5759  data_time: 0.0027  memory: 19779  grad_norm: 17.9065  loss: 5.2732  loss_text: 0.7644  loss_center: 2.9399  loss_reg_x: 0.9225  loss_reg_y: 0.6464
12/27 21:04:11 - mmengine - INFO - Epoch(train) [16][ 600/1544]  lr: 2.1125e-03  eta: 3 days, 1:18:32  time: 3.7945  data_time: 0.0028  memory: 19779  grad_norm: 24.3050  loss: 5.5637  loss_text: 0.8155  loss_center: 2.9413  loss_reg_x: 1.0675  loss_reg_y: 0.7394
12/27 21:04:30 - mmengine - INFO - Epoch(train) [16][ 605/1544]  lr: 2.1125e-03  eta: 3 days, 1:18:18  time: 3.9978  data_time: 0.0030  memory: 19779  grad_norm: 22.7232  loss: 5.5277  loss_text: 0.7720  loss_center: 2.9369  loss_reg_x: 1.0565  loss_reg_y: 0.7623
12/27 21:04:48 - mmengine - INFO - Epoch(train) [16][ 610/1544]  lr: 2.1125e-03  eta: 3 days, 1:15:53  time: 3.7251  data_time: 0.0030  memory: 19779  grad_norm: 15.8537  loss: 5.2543  loss_text: 0.7245  loss_center: 2.9303  loss_reg_x: 0.9696  loss_reg_y: 0.6299
12/27 21:05:08 - mmengine - INFO - Epoch(train) [16][ 615/1544]  lr: 2.1125e-03  eta: 3 days, 1:18:19  time: 3.8660  data_time: 0.0026  memory: 19779  grad_norm: 16.9090  loss: 5.0435  loss_text: 0.7245  loss_center: 2.9297  loss_reg_x: 0.8240  loss_reg_y: 0.5653
12/27 21:05:28 - mmengine - INFO - Epoch(train) [16][ 620/1544]  lr: 2.1125e-03  eta: 3 days, 1:19:31  time: 4.0606  data_time: 0.0026  memory: 19779  grad_norm: 17.7550  loss: 5.0088  loss_text: 0.7237  loss_center: 2.9251  loss_reg_x: 0.8010  loss_reg_y: 0.5590
12/27 21:05:49 - mmengine - INFO - Epoch(train) [16][ 625/1544]  lr: 2.1125e-03  eta: 3 days, 1:21:00  time: 4.0132  data_time: 0.0027  memory: 19779  grad_norm: 16.2647  loss: 5.0371  loss_text: 0.7387  loss_center: 2.9167  loss_reg_x: 0.7894  loss_reg_y: 0.5923
12/27 21:06:06 - mmengine - INFO - Epoch(train) [16][ 630/1544]  lr: 2.1125e-03  eta: 3 days, 1:17:21  time: 3.7494  data_time: 0.0027  memory: 19779  grad_norm: 18.6185  loss: 5.1249  loss_text: 0.7191  loss_center: 2.9415  loss_reg_x: 0.8040  loss_reg_y: 0.6603
12/27 21:06:26 - mmengine - INFO - Epoch(train) [16][ 635/1544]  lr: 2.1125e-03  eta: 3 days, 1:17:50  time: 3.6954  data_time: 0.0027  memory: 19779  grad_norm: 20.3780  loss: 5.1825  loss_text: 0.7066  loss_center: 2.9550  loss_reg_x: 0.8825  loss_reg_y: 0.6384
12/27 21:06:43 - mmengine - INFO - Epoch(train) [16][ 640/1544]  lr: 2.1125e-03  eta: 3 days, 1:13:40  time: 3.6622  data_time: 0.0025  memory: 19779  grad_norm: 20.0289  loss: 5.3040  loss_text: 0.7477  loss_center: 2.9489  loss_reg_x: 0.9232  loss_reg_y: 0.6842
12/27 21:07:03 - mmengine - INFO - Epoch(train) [16][ 645/1544]  lr: 2.1125e-03  eta: 3 days, 1:14:51  time: 3.7008  data_time: 0.0027  memory: 19779  grad_norm: 24.6553  loss: 5.4029  loss_text: 0.7859  loss_center: 2.9313  loss_reg_x: 0.9635  loss_reg_y: 0.7222
12/27 21:07:20 - mmengine - INFO - Epoch(train) [16][ 650/1544]  lr: 2.1125e-03  eta: 3 days, 1:11:58  time: 3.7692  data_time: 0.0027  memory: 19779  grad_norm: 26.1786  loss: 5.2200  loss_text: 0.7932  loss_center: 2.9199  loss_reg_x: 0.8804  loss_reg_y: 0.6264
12/27 21:07:38 - mmengine - INFO - Epoch(train) [16][ 655/1544]  lr: 2.1125e-03  eta: 3 days, 1:09:31  time: 3.5624  data_time: 0.0030  memory: 19779  grad_norm: 22.6896  loss: 5.0334  loss_text: 0.7268  loss_center: 2.9245  loss_reg_x: 0.7549  loss_reg_y: 0.6272
12/27 21:07:58 - mmengine - INFO - Epoch(train) [16][ 660/1544]  lr: 2.1125e-03  eta: 3 days, 1:10:15  time: 3.7663  data_time: 0.0030  memory: 19779  grad_norm: 20.8545  loss: 5.2032  loss_text: 0.7223  loss_center: 2.9419  loss_reg_x: 0.8537  loss_reg_y: 0.6852
12/27 21:08:16 - mmengine - INFO - Epoch(train) [16][ 665/1544]  lr: 2.1125e-03  eta: 3 days, 1:07:29  time: 3.7463  data_time: 0.0025  memory: 19779  grad_norm: 19.8723  loss: 5.1925  loss_text: 0.7209  loss_center: 2.9535  loss_reg_x: 0.8340  loss_reg_y: 0.6841
12/27 21:08:36 - mmengine - INFO - Epoch(train) [16][ 670/1544]  lr: 2.1125e-03  eta: 3 days, 1:08:33  time: 3.7661  data_time: 0.0027  memory: 19779  grad_norm: 19.4637  loss: 5.1476  loss_text: 0.7110  loss_center: 2.9402  loss_reg_x: 0.8496  loss_reg_y: 0.6468
12/27 21:08:55 - mmengine - INFO - Epoch(train) [16][ 675/1544]  lr: 2.1125e-03  eta: 3 days, 1:09:08  time: 3.9596  data_time: 0.0028  memory: 19779  grad_norm: 21.7050  loss: 5.2178  loss_text: 0.7354  loss_center: 2.9475  loss_reg_x: 0.9172  loss_reg_y: 0.6177
12/27 21:09:14 - mmengine - INFO - Epoch(train) [16][ 680/1544]  lr: 2.1125e-03  eta: 3 days, 1:07:59  time: 3.8304  data_time: 0.0033  memory: 19779  grad_norm: 24.8753  loss: 5.1527  loss_text: 0.7258  loss_center: 2.9469  loss_reg_x: 0.8159  loss_reg_y: 0.6640
12/27 21:09:33 - mmengine - INFO - Epoch(train) [16][ 685/1544]  lr: 2.1125e-03  eta: 3 days, 1:08:26  time: 3.8246  data_time: 0.0032  memory: 19779  grad_norm: 26.2907  loss: 5.2950  loss_text: 0.8018  loss_center: 2.9392  loss_reg_x: 0.8870  loss_reg_y: 0.6669
12/27 21:09:54 - mmengine - INFO - Epoch(train) [16][ 690/1544]  lr: 2.1125e-03  eta: 3 days, 1:09:54  time: 3.9803  data_time: 0.0026  memory: 19779  grad_norm: 25.0393  loss: 5.5071  loss_text: 0.8488  loss_center: 2.9286  loss_reg_x: 1.0222  loss_reg_y: 0.7075
12/27 21:10:13 - mmengine - INFO - Epoch(train) [16][ 695/1544]  lr: 2.1125e-03  eta: 3 days, 1:10:32  time: 3.9931  data_time: 0.0029  memory: 19779  grad_norm: 23.9846  loss: 5.4943  loss_text: 0.8203  loss_center: 2.9384  loss_reg_x: 1.0027  loss_reg_y: 0.7329
12/27 21:10:32 - mmengine - INFO - Epoch(train) [16][ 700/1544]  lr: 2.1125e-03  eta: 3 days, 1:09:48  time: 3.8622  data_time: 0.0031  memory: 19779  grad_norm: 25.7097  loss: 5.4754  loss_text: 0.8035  loss_center: 2.9635  loss_reg_x: 1.0019  loss_reg_y: 0.7065
12/27 21:10:52 - mmengine - INFO - Epoch(train) [16][ 705/1544]  lr: 2.1125e-03  eta: 3 days, 1:10:38  time: 3.8749  data_time: 0.0028  memory: 19779  grad_norm: 27.9134  loss: 5.3977  loss_text: 0.7940  loss_center: 2.9422  loss_reg_x: 0.9673  loss_reg_y: 0.6943
12/27 21:11:12 - mmengine - INFO - Epoch(train) [16][ 710/1544]  lr: 2.1125e-03  eta: 3 days, 1:10:39  time: 3.9218  data_time: 0.0026  memory: 19779  grad_norm: 24.7935  loss: 5.2529  loss_text: 0.7945  loss_center: 2.9342  loss_reg_x: 0.8718  loss_reg_y: 0.6523
12/27 21:11:30 - mmengine - INFO - Epoch(train) [16][ 715/1544]  lr: 2.1125e-03  eta: 3 days, 1:09:12  time: 3.7809  data_time: 0.0024  memory: 19779  grad_norm: 23.7165  loss: 5.4245  loss_text: 0.7747  loss_center: 2.9484  loss_reg_x: 0.9875  loss_reg_y: 0.7140
12/27 21:11:49 - mmengine - INFO - Epoch(train) [16][ 720/1544]  lr: 2.1125e-03  eta: 3 days, 1:08:26  time: 3.7315  data_time: 0.0026  memory: 19779  grad_norm: 23.8709  loss: 5.4571  loss_text: 0.7332  loss_center: 2.9386  loss_reg_x: 1.0544  loss_reg_y: 0.7309
12/27 21:12:07 - mmengine - INFO - Epoch(train) [16][ 725/1544]  lr: 2.1125e-03  eta: 3 days, 1:07:05  time: 3.7366  data_time: 0.0026  memory: 19779  grad_norm: 20.3104  loss: 5.2470  loss_text: 0.7329  loss_center: 2.9323  loss_reg_x: 0.9345  loss_reg_y: 0.6474
12/27 21:12:26 - mmengine - INFO - Epoch(train) [16][ 730/1544]  lr: 2.1125e-03  eta: 3 days, 1:05:54  time: 3.7091  data_time: 0.0024  memory: 19779  grad_norm: 25.1580  loss: 5.2979  loss_text: 0.7611  loss_center: 2.9460  loss_reg_x: 0.9877  loss_reg_y: 0.6030
12/27 21:12:46 - mmengine - INFO - Epoch(train) [16][ 735/1544]  lr: 2.1125e-03  eta: 3 days, 1:07:25  time: 3.8901  data_time: 0.0024  memory: 19779  grad_norm: 34.5534  loss: 5.4041  loss_text: 0.8000  loss_center: 2.9660  loss_reg_x: 1.0251  loss_reg_y: 0.6130
12/27 21:13:06 - mmengine - INFO - Epoch(train) [16][ 740/1544]  lr: 2.1125e-03  eta: 3 days, 1:07:23  time: 3.9643  data_time: 0.0024  memory: 19779  grad_norm: 32.1761  loss: 5.3742  loss_text: 0.8012  loss_center: 2.9569  loss_reg_x: 0.9715  loss_reg_y: 0.6446
12/27 21:13:22 - mmengine - INFO - Epoch(train) [16][ 745/1544]  lr: 2.1125e-03  eta: 3 days, 1:03:36  time: 3.6227  data_time: 0.0024  memory: 19779  grad_norm: 22.3366  loss: 5.2998  loss_text: 0.7903  loss_center: 2.9416  loss_reg_x: 0.9319  loss_reg_y: 0.6360
12/27 21:13:42 - mmengine - INFO - Epoch(train) [16][ 750/1544]  lr: 2.1125e-03  eta: 3 days, 1:04:27  time: 3.6790  data_time: 0.0025  memory: 19779  grad_norm: 20.4233  loss: 5.5940  loss_text: 0.8571  loss_center: 2.9547  loss_reg_x: 1.1024  loss_reg_y: 0.6799
12/27 21:14:01 - mmengine - INFO - Epoch(train) [16][ 755/1544]  lr: 2.1125e-03  eta: 3 days, 1:02:43  time: 3.8101  data_time: 0.0026  memory: 19779  grad_norm: 21.0156  loss: 5.5537  loss_text: 0.8641  loss_center: 2.9496  loss_reg_x: 1.0822  loss_reg_y: 0.6577
12/27 21:14:22 - mmengine - INFO - Epoch(train) [16][ 760/1544]  lr: 2.1125e-03  eta: 3 days, 1:06:31  time: 4.0073  data_time: 0.0024  memory: 19779  grad_norm: 23.2433  loss: 5.3835  loss_text: 0.8247  loss_center: 2.9419  loss_reg_x: 1.0052  loss_reg_y: 0.6117
12/27 21:14:42 - mmengine - INFO - Epoch(train) [16][ 765/1544]  lr: 2.1125e-03  eta: 3 days, 1:06:36  time: 4.1283  data_time: 0.0025  memory: 19779  grad_norm: 24.4937  loss: 5.5595  loss_text: 0.8110  loss_center: 2.9466  loss_reg_x: 1.1813  loss_reg_y: 0.6206
12/27 21:15:01 - mmengine - INFO - Epoch(train) [16][ 770/1544]  lr: 2.1125e-03  eta: 3 days, 1:06:46  time: 3.8897  data_time: 0.0029  memory: 19779  grad_norm: 22.0496  loss: 5.5302  loss_text: 0.8195  loss_center: 2.9323  loss_reg_x: 1.1117  loss_reg_y: 0.6667
12/27 21:15:19 - mmengine - INFO - Epoch(train) [16][ 775/1544]  lr: 2.1125e-03  eta: 3 days, 1:04:40  time: 3.7432  data_time: 0.0029  memory: 19779  grad_norm: 28.8197  loss: 5.3461  loss_text: 0.7830  loss_center: 2.9239  loss_reg_x: 0.9438  loss_reg_y: 0.6954
12/27 21:15:37 - mmengine - INFO - Epoch(train) [16][ 780/1544]  lr: 2.1125e-03  eta: 3 days, 1:02:47  time: 3.6031  data_time: 0.0025  memory: 19779  grad_norm: 30.2264  loss: 5.0898  loss_text: 0.7340  loss_center: 2.9280  loss_reg_x: 0.8480  loss_reg_y: 0.5798
12/27 21:15:55 - mmengine - INFO - Epoch(train) [16][ 785/1544]  lr: 2.1125e-03  eta: 3 days, 1:00:01  time: 3.5545  data_time: 0.0024  memory: 19779  grad_norm: 26.4333  loss: 5.5042  loss_text: 0.8598  loss_center: 2.9468  loss_reg_x: 1.1190  loss_reg_y: 0.5785
12/27 21:16:13 - mmengine - INFO - Epoch(train) [16][ 790/1544]  lr: 2.1125e-03  eta: 3 days, 0:58:15  time: 3.5590  data_time: 0.0025  memory: 19779  grad_norm: 30.7895  loss: 5.8212  loss_text: 0.9166  loss_center: 2.9550  loss_reg_x: 1.2236  loss_reg_y: 0.7260
12/27 21:16:30 - mmengine - INFO - Epoch(train) [16][ 795/1544]  lr: 2.1125e-03  eta: 3 days, 0:55:36  time: 3.5624  data_time: 0.0025  memory: 19779  grad_norm: 33.4235  loss: 6.1193  loss_text: 0.9160  loss_center: 2.9480  loss_reg_x: 1.3708  loss_reg_y: 0.8845
12/27 21:16:48 - mmengine - INFO - Epoch(train) [16][ 800/1544]  lr: 2.1125e-03  eta: 3 days, 0:53:23  time: 3.5281  data_time: 0.0024  memory: 19779  grad_norm: 30.7448  loss: 5.9471  loss_text: 0.8909  loss_center: 2.9451  loss_reg_x: 1.3261  loss_reg_y: 0.7850
12/27 21:17:10 - mmengine - INFO - Epoch(train) [16][ 805/1544]  lr: 2.1125e-03  eta: 3 days, 0:57:21  time: 3.9907  data_time: 0.0024  memory: 19779  grad_norm: 24.1333  loss: 5.1578  loss_text: 0.7938  loss_center: 2.9304  loss_reg_x: 0.8791  loss_reg_y: 0.5545
12/27 21:17:33 - mmengine - INFO - Epoch(train) [16][ 810/1544]  lr: 2.1125e-03  eta: 3 days, 1:01:55  time: 4.4695  data_time: 0.0025  memory: 19779  grad_norm: 25.0030  loss: 5.0748  loss_text: 0.7986  loss_center: 2.9190  loss_reg_x: 0.8301  loss_reg_y: 0.5271
12/27 21:17:51 - mmengine - INFO - Epoch(train) [16][ 815/1544]  lr: 2.1125e-03  eta: 3 days, 0:59:45  time: 4.0405  data_time: 0.0025  memory: 19779  grad_norm: 28.1363  loss: 5.2711  loss_text: 0.7668  loss_center: 2.9393  loss_reg_x: 0.9785  loss_reg_y: 0.5865
12/27 21:18:14 - mmengine - INFO - Epoch(train) [16][ 820/1544]  lr: 2.1125e-03  eta: 3 days, 1:05:05  time: 4.1013  data_time: 0.0029  memory: 19779  grad_norm: 23.9707  loss: 5.3520  loss_text: 0.7604  loss_center: 2.9525  loss_reg_x: 0.9952  loss_reg_y: 0.6439
12/27 21:18:36 - mmengine - INFO - Epoch(train) [16][ 825/1544]  lr: 2.1125e-03  eta: 3 days, 1:08:29  time: 4.5023  data_time: 0.0032  memory: 19779  grad_norm: 23.3954  loss: 5.3789  loss_text: 0.8067  loss_center: 2.9422  loss_reg_x: 0.9769  loss_reg_y: 0.6531
12/27 21:18:56 - mmengine - INFO - Epoch(train) [16][ 830/1544]  lr: 2.1125e-03  eta: 3 days, 1:09:25  time: 4.1929  data_time: 0.0028  memory: 19779  grad_norm: 23.5723  loss: 5.4892  loss_text: 0.8547  loss_center: 2.9457  loss_reg_x: 1.0012  loss_reg_y: 0.6876
12/27 21:19:13 - mmengine - INFO - Epoch(train) [16][ 835/1544]  lr: 2.1125e-03  eta: 3 days, 1:05:50  time: 3.6896  data_time: 0.0025  memory: 19779  grad_norm: 18.9060  loss: 5.2682  loss_text: 0.8128  loss_center: 2.9466  loss_reg_x: 0.8968  loss_reg_y: 0.6121
12/27 21:19:31 - mmengine - INFO - Exp name: fcenet_r50dcnv2_fpn_1500e_lsvt_ctw_pretrain_20251227_202521
12/27 21:19:31 - mmengine - INFO - Epoch(train) [16][ 840/1544]  lr: 2.1125e-03  eta: 3 days, 1:04:45  time: 3.5403  data_time: 0.0024  memory: 19779  grad_norm: 16.7395  loss: 5.0073  loss_text: 0.7204  loss_center: 2.9373  loss_reg_x: 0.8120  loss_reg_y: 0.5377
12/27 21:19:51 - mmengine - INFO - Epoch(train) [16][ 845/1544]  lr: 2.1125e-03  eta: 3 days, 1:04:50  time: 3.8059  data_time: 0.0023  memory: 19779  grad_norm: 19.3898  loss: 5.0925  loss_text: 0.7693  loss_center: 2.9303  loss_reg_x: 0.8194  loss_reg_y: 0.5735
12/27 21:20:08 - mmengine - INFO - Epoch(train) [16][ 850/1544]  lr: 2.1125e-03  eta: 3 days, 1:01:44  time: 3.6561  data_time: 0.0025  memory: 19779  grad_norm: 23.1263  loss: 5.3381  loss_text: 0.8334  loss_center: 2.9392  loss_reg_x: 0.9532  loss_reg_y: 0.6123
12/27 21:20:28 - mmengine - INFO - Epoch(train) [16][ 855/1544]  lr: 2.1125e-03  eta: 3 days, 1:02:11  time: 3.6831  data_time: 0.0023  memory: 19779  grad_norm: 24.1619  loss: 5.3360  loss_text: 0.8091  loss_center: 2.9400  loss_reg_x: 0.9327  loss_reg_y: 0.6541
12/27 21:20:45 - mmengine - INFO - Epoch(train) [16][ 860/1544]  lr: 2.1125e-03  eta: 3 days, 0:59:58  time: 3.7465  data_time: 0.0022  memory: 19779  grad_norm: 24.3366  loss: 5.2233  loss_text: 0.7742  loss_center: 2.9306  loss_reg_x: 0.8878  loss_reg_y: 0.6306
12/27 21:21:03 - mmengine - INFO - Epoch(train) [16][ 865/1544]  lr: 2.1125e-03  eta: 3 days, 0:57:37  time: 3.5341  data_time: 0.0023  memory: 19779  grad_norm: 22.9998  loss: 5.2948  loss_text: 0.7880  loss_center: 2.9330  loss_reg_x: 0.9220  loss_reg_y: 0.6519
12/27 21:21:22 - mmengine - INFO - Epoch(train) [16][ 870/1544]  lr: 2.1125e-03  eta: 3 days, 0:57:00  time: 3.6520  data_time: 0.0023  memory: 19779  grad_norm: 20.1247  loss: 5.4172  loss_text: 0.7970  loss_center: 2.9365  loss_reg_x: 0.9524  loss_reg_y: 0.7313
12/27 21:21:38 - mmengine - INFO - Epoch(train) [16][ 875/1544]  lr: 2.1125e-03  eta: 3 days, 0:53:11  time: 3.5377  data_time: 0.0024  memory: 19779  grad_norm: 19.9165  loss: 5.6548  loss_text: 0.8526  loss_center: 2.9428  loss_reg_x: 1.0891  loss_reg_y: 0.7703
12/27 21:21:57 - mmengine - INFO - Epoch(train) [16][ 880/1544]  lr: 2.1125e-03  eta: 3 days, 0:52:42  time: 3.5462  data_time: 0.0023  memory: 19779  grad_norm: 27.9269  loss: 5.6622  loss_text: 0.8425  loss_center: 2.9511  loss_reg_x: 1.0512  loss_reg_y: 0.8174
12/27 21:22:15 - mmengine - INFO - Epoch(train) [16][ 885/1544]  lr: 2.1125e-03  eta: 3 days, 0:50:49  time: 3.6914  data_time: 0.0024  memory: 19779  grad_norm: 27.8161  loss: 5.4304  loss_text: 0.7892  loss_center: 2.9423  loss_reg_x: 0.8946  loss_reg_y: 0.8043
12/27 21:22:34 - mmengine - INFO - Epoch(train) [16][ 890/1544]  lr: 2.1125e-03  eta: 3 days, 0:49:52  time: 3.6538  data_time: 0.0024  memory: 19779  grad_norm: 20.6223  loss: 5.4395  loss_text: 0.8041  loss_center: 2.9369  loss_reg_x: 0.9947  loss_reg_y: 0.7038
12/27 21:22:51 - mmengine - INFO - Epoch(train) [16][ 895/1544]  lr: 2.1125e-03  eta: 3 days, 0:46:44  time: 3.5523  data_time: 0.0024  memory: 19779  grad_norm: 23.4272  loss: 5.4420  loss_text: 0.7991  loss_center: 2.9513  loss_reg_x: 1.0193  loss_reg_y: 0.6724
12/27 21:23:13 - mmengine - INFO - Epoch(train) [16][ 900/1544]  lr: 2.1125e-03  eta: 3 days, 0:49:59  time: 3.8822  data_time: 0.0025  memory: 19779  grad_norm: 25.2640  loss: 5.4837  loss_text: 0.7964  loss_center: 2.9499  loss_reg_x: 0.9984  loss_reg_y: 0.7390
12/27 21:23:29 - mmengine - INFO - Epoch(train) [16][ 905/1544]  lr: 2.1125e-03  eta: 3 days, 0:46:24  time: 3.8446  data_time: 0.0025  memory: 19779  grad_norm: 24.2098  loss: 5.3434  loss_text: 0.7314  loss_center: 2.9289  loss_reg_x: 0.9778  loss_reg_y: 0.7053
12/27 21:23:46 - mmengine - INFO - Epoch(train) [16][ 910/1544]  lr: 2.1125e-03  eta: 3 days, 0:43:43  time: 3.3749  data_time: 0.0024  memory: 19779  grad_norm: 22.0048  loss: 5.1631  loss_text: 0.7141  loss_center: 2.9353  loss_reg_x: 0.8774  loss_reg_y: 0.6362
12/27 21:24:03 - mmengine - INFO - Epoch(train) [16][ 915/1544]  lr: 2.1125e-03  eta: 3 days, 0:40:16  time: 3.3806  data_time: 0.0024  memory: 19779  grad_norm: 22.9583  loss: 5.4500  loss_text: 0.8058  loss_center: 2.9435  loss_reg_x: 0.9735  loss_reg_y: 0.7271
12/27 21:24:24 - mmengine - INFO - Epoch(train) [16][ 920/1544]  lr: 2.1125e-03  eta: 3 days, 0:42:35  time: 3.7784  data_time: 0.0027  memory: 19779  grad_norm: 27.5584  loss: 5.4002  loss_text: 0.8237  loss_center: 2.9269  loss_reg_x: 0.9909  loss_reg_y: 0.6587
12/27 21:24:41 - mmengine - INFO - Epoch(train) [16][ 925/1544]  lr: 2.1125e-03  eta: 3 days, 0:39:15  time: 3.7842  data_time: 0.0026  memory: 19779  grad_norm: 30.2570  loss: 5.2654  loss_text: 0.8692  loss_center: 2.9206  loss_reg_x: 0.9368  loss_reg_y: 0.5388
12/27 21:24:58 - mmengine - INFO - Epoch(train) [16][ 930/1544]  lr: 2.1125e-03  eta: 3 days, 0:36:36  time: 3.3821  data_time: 0.0037  memory: 19779  grad_norm: 27.1282  loss: 5.5267  loss_text: 0.8928  loss_center: 2.9359  loss_reg_x: 1.0240  loss_reg_y: 0.6740
12/27 21:25:20 - mmengine - INFO - Epoch(train) [16][ 935/1544]  lr: 2.1125e-03  eta: 3 days, 0:39:24  time: 3.8798  data_time: 0.0037  memory: 19779  grad_norm: 29.0181  loss: 5.6588  loss_text: 0.8699  loss_center: 2.9493  loss_reg_x: 1.0683  loss_reg_y: 0.7712
12/27 21:25:36 - mmengine - INFO - Epoch(train) [16][ 940/1544]  lr: 2.1125e-03  eta: 3 days, 0:35:31  time: 3.7772  data_time: 0.0025  memory: 19779  grad_norm: 32.1309  loss: 5.6359  loss_text: 0.8640  loss_center: 2.9499  loss_reg_x: 0.9708  loss_reg_y: 0.8512
12/27 21:25:53 - mmengine - INFO - Epoch(train) [16][ 945/1544]  lr: 2.1125e-03  eta: 3 days, 0:32:52  time: 3.3288  data_time: 0.0026  memory: 19779  grad_norm: 29.4677  loss: 5.5536  loss_text: 0.8227  loss_center: 2.9621  loss_reg_x: 0.9876  loss_reg_y: 0.7812
12/27 21:26:12 - mmengine - INFO - Epoch(train) [16][ 950/1544]  lr: 2.1125e-03  eta: 3 days, 0:32:06  time: 3.5807  data_time: 0.0026  memory: 19779  grad_norm: 26.6346  loss: 5.2735  loss_text: 0.8283  loss_center: 2.8959  loss_reg_x: 0.9638  loss_reg_y: 0.5855
12/27 21:26:30 - mmengine - INFO - Epoch(train) [16][ 955/1544]  lr: 2.1125e-03  eta: 3 days, 0:31:00  time: 3.7072  data_time: 0.0026  memory: 19779  grad_norm: 23.4639  loss: 5.3059  loss_text: 0.8173  loss_center: 2.8854  loss_reg_x: 0.8937  loss_reg_y: 0.7095
12/27 21:26:49 - mmengine - INFO - Epoch(train) [16][ 960/1544]  lr: 2.1125e-03  eta: 3 days, 0:31:02  time: 3.7745  data_time: 0.0024  memory: 19779  grad_norm: 22.2437  loss: 5.3173  loss_text: 0.7507  loss_center: 2.9456  loss_reg_x: 0.8438  loss_reg_y: 0.7771
12/27 21:27:08 - mmengine - INFO - Epoch(train) [16][ 965/1544]  lr: 2.1125e-03  eta: 3 days, 0:30:07  time: 3.7882  data_time: 0.0025  memory: 19779  grad_norm: 26.9768  loss: 5.2232  loss_text: 0.7473  loss_center: 2.9378  loss_reg_x: 0.8512  loss_reg_y: 0.6869
12/27 21:27:25 - mmengine - INFO - Epoch(train) [16][ 970/1544]  lr: 2.1125e-03  eta: 3 days, 0:27:38  time: 3.5756  data_time: 0.0025  memory: 19779  grad_norm: 27.1069  loss: 5.3183  loss_text: 0.7880  loss_center: 2.9246  loss_reg_x: 0.9697  loss_reg_y: 0.6361
12/27 21:27:44 - mmengine - INFO - Epoch(train) [16][ 975/1544]  lr: 2.1125e-03  eta: 3 days, 0:27:14  time: 3.6175  data_time: 0.0027  memory: 19779  grad_norm: 22.1859  loss: 5.2988  loss_text: 0.8275  loss_center: 2.9260  loss_reg_x: 0.9505  loss_reg_y: 0.5947
12/27 21:28:03 - mmengine - INFO - Epoch(train) [16][ 980/1544]  lr: 2.1125e-03  eta: 3 days, 0:26:28  time: 3.7616  data_time: 0.0029  memory: 19779  grad_norm: 20.2825  loss: 5.2345  loss_text: 0.8116  loss_center: 2.9342  loss_reg_x: 0.8626  loss_reg_y: 0.6260
12/27 21:28:21 - mmengine - INFO - Epoch(train) [16][ 985/1544]  lr: 2.1125e-03  eta: 3 days, 0:25:37  time: 3.7237  data_time: 0.0027  memory: 19779  grad_norm: 21.4531  loss: 5.1966  loss_text: 0.7770  loss_center: 2.9374  loss_reg_x: 0.8240  loss_reg_y: 0.6581
12/27 21:28:41 - mmengine - INFO - Epoch(train) [16][ 990/1544]  lr: 2.1125e-03  eta: 3 days, 0:26:11  time: 3.8370  data_time: 0.0027  memory: 19779  grad_norm: 24.5227  loss: 5.1557  loss_text: 0.7545  loss_center: 2.9191  loss_reg_x: 0.8523  loss_reg_y: 0.6297
12/27 21:29:02 - mmengine - INFO - Epoch(train) [16][ 995/1544]  lr: 2.1125e-03  eta: 3 days, 0:27:35  time: 4.0323  data_time: 0.0032  memory: 19779  grad_norm: 28.9490  loss: 5.2997  loss_text: 0.8248  loss_center: 2.9412  loss_reg_x: 0.9655  loss_reg_y: 0.5682
12/27 21:29:25 - mmengine - INFO - Epoch(train) [16][1000/1544]  lr: 2.1125e-03  eta: 3 days, 0:32:21  time: 4.4035  data_time: 0.0035  memory: 19779  grad_norm: 30.2900  loss: 5.3453  loss_text: 0.9242  loss_center: 2.9569  loss_reg_x: 0.8749  loss_reg_y: 0.5893
12/27 21:29:49 - mmengine - INFO - Epoch(train) [16][1005/1544]  lr: 2.1125e-03  eta: 3 days, 0:37:39  time: 4.7525  data_time: 0.0032  memory: 19779  grad_norm: 23.2822  loss: 5.2621  loss_text: 0.8723  loss_center: 2.9312  loss_reg_x: 0.7857  loss_reg_y: 0.6729
12/27 21:30:07 - mmengine - INFO - Epoch(train) [16][1010/1544]  lr: 2.1125e-03  eta: 3 days, 0:35:38  time: 4.1602  data_time: 0.0027  memory: 19779  grad_norm: 28.9000  loss: 5.5576  loss_text: 0.9077  loss_center: 2.9428  loss_reg_x: 0.9756  loss_reg_y: 0.7314
12/27 21:30:25 - mmengine - INFO - Epoch(train) [16][1015/1544]  lr: 2.1125e-03  eta: 3 days, 0:34:49  time: 3.6231  data_time: 0.0025  memory: 19779  grad_norm: 31.1021  loss: 5.4964  loss_text: 0.8660  loss_center: 2.9484  loss_reg_x: 0.9790  loss_reg_y: 0.7030
12/27 21:30:43 - mmengine - INFO - Epoch(train) [16][1020/1544]  lr: 2.1125e-03  eta: 3 days, 0:32:39  time: 3.6065  data_time: 0.0026  memory: 19779  grad_norm: 25.2742  loss: 5.4373  loss_text: 0.7913  loss_center: 2.9531  loss_reg_x: 1.0084  loss_reg_y: 0.6844
12/27 21:31:01 - mmengine - INFO - Epoch(train) [16][1025/1544]  lr: 2.1125e-03  eta: 3 days, 0:31:23  time: 3.5642  data_time: 0.0026  memory: 19779  grad_norm: 27.8804  loss: 5.5654  loss_text: 0.7901  loss_center: 2.9420  loss_reg_x: 1.0829  loss_reg_y: 0.7503
12/27 21:31:19 - mmengine - INFO - Epoch(train) [16][1030/1544]  lr: 2.1125e-03  eta: 3 days, 0:29:37  time: 3.5994  data_time: 0.0025  memory: 19779  grad_norm: 27.4200  loss: 5.6656  loss_text: 0.7595  loss_center: 2.9465  loss_reg_x: 1.1674  loss_reg_y: 0.7923
12/27 21:31:36 - mmengine - INFO - Epoch(train) [16][1035/1544]  lr: 2.1125e-03  eta: 3 days, 0:27:22  time: 3.5069  data_time: 0.0024  memory: 19779  grad_norm: 29.7754  loss: 5.7653  loss_text: 0.8176  loss_center: 2.9514  loss_reg_x: 1.2188  loss_reg_y: 0.7775
12/27 21:31:55 - mmengine - INFO - Epoch(train) [16][1040/1544]  lr: 2.1125e-03  eta: 3 days, 0:26:33  time: 3.5911  data_time: 0.0024  memory: 19779  grad_norm: 28.4369  loss: 5.4258  loss_text: 0.7983  loss_center: 2.9382  loss_reg_x: 1.0177  loss_reg_y: 0.6715
12/27 21:32:13 - mmengine - INFO - Epoch(train) [16][1045/1544]  lr: 2.1125e-03  eta: 3 days, 0:24:59  time: 3.6507  data_time: 0.0024  memory: 19779  grad_norm: 21.5061  loss: 5.3019  loss_text: 0.7949  loss_center: 2.9319  loss_reg_x: 0.9194  loss_reg_y: 0.6557
12/27 21:32:31 - mmengine - INFO - Epoch(train) [16][1050/1544]  lr: 2.1125e-03  eta: 3 days, 0:24:04  time: 3.6400  data_time: 0.0024  memory: 19779  grad_norm: 20.5632  loss: 5.3546  loss_text: 0.8119  loss_center: 2.9232  loss_reg_x: 0.9079  loss_reg_y: 0.7115
12/27 21:32:53 - mmengine - INFO - Epoch(train) [16][1055/1544]  lr: 2.1125e-03  eta: 3 days, 0:26:17  time: 3.9898  data_time: 0.0023  memory: 19779  grad_norm: 28.4265  loss: 5.4431  loss_text: 0.8332  loss_center: 2.9286  loss_reg_x: 1.0045  loss_reg_y: 0.6768
12/27 21:33:11 - mmengine - INFO - Epoch(train) [16][1060/1544]  lr: 2.1125e-03  eta: 3 days, 0:25:27  time: 3.9968  data_time: 0.0024  memory: 19779  grad_norm: 29.8760  loss: 5.2903  loss_text: 0.8133  loss_center: 2.9248  loss_reg_x: 0.9190  loss_reg_y: 0.6333
12/27 21:33:31 - mmengine - INFO - Epoch(train) [16][1065/1544]  lr: 2.1125e-03  eta: 3 days, 0:25:37  time: 3.8082  data_time: 0.0024  memory: 19779  grad_norm: 23.3637  loss: 5.0908  loss_text: 0.7260  loss_center: 2.9274  loss_reg_x: 0.8358  loss_reg_y: 0.6015
12/27 21:33:51 - mmengine - INFO - Epoch(train) [16][1070/1544]  lr: 2.1125e-03  eta: 3 days, 0:27:03  time: 4.0194  data_time: 0.0025  memory: 19779  grad_norm: 22.0210  loss: 5.2549  loss_text: 0.7711  loss_center: 2.9289  loss_reg_x: 0.9436  loss_reg_y: 0.6112
12/27 21:34:11 - mmengine - INFO - Epoch(train) [16][1075/1544]  lr: 2.1125e-03  eta: 3 days, 0:27:04  time: 4.0069  data_time: 0.0026  memory: 19779  grad_norm: 24.2700  loss: 5.3718  loss_text: 0.8136  loss_center: 2.9356  loss_reg_x: 0.9046  loss_reg_y: 0.7180
12/27 21:34:29 - mmengine - INFO - Epoch(train) [16][1080/1544]  lr: 2.1125e-03  eta: 3 days, 0:25:51  time: 3.7599  data_time: 0.0026  memory: 19779  grad_norm: 23.9870  loss: 5.5392  loss_text: 0.8307  loss_center: 2.9452  loss_reg_x: 0.9878  loss_reg_y: 0.7754
12/27 21:34:48 - mmengine - INFO - Epoch(train) [16][1085/1544]  lr: 2.1125e-03  eta: 3 days, 0:25:33  time: 3.7297  data_time: 0.0024  memory: 19779  grad_norm: 23.3180  loss: 5.6152  loss_text: 0.8438  loss_center: 2.9469  loss_reg_x: 1.0296  loss_reg_y: 0.7950
12/27 21:35:09 - mmengine - INFO - Epoch(train) [16][1090/1544]  lr: 2.1125e-03  eta: 3 days, 0:27:36  time: 4.0408  data_time: 0.0024  memory: 19779  grad_norm: 24.8585  loss: 5.3379  loss_text: 0.8408  loss_center: 2.9383  loss_reg_x: 0.8429  loss_reg_y: 0.7159
12/27 21:35:27 - mmengine - INFO - Epoch(train) [16][1095/1544]  lr: 2.1125e-03  eta: 3 days, 0:26:06  time: 3.9250  data_time: 0.0028  memory: 19779  grad_norm: 24.7154  loss: 5.2332  loss_text: 0.8248  loss_center: 2.9390  loss_reg_x: 0.8033  loss_reg_y: 0.6662
12/27 21:35:46 - mmengine - INFO - Epoch(train) [16][1100/1544]  lr: 2.1125e-03  eta: 3 days, 0:25:18  time: 3.6524  data_time: 0.0027  memory: 19779  grad_norm: 24.8160  loss: 5.4541  loss_text: 0.8501  loss_center: 2.9465  loss_reg_x: 0.9595  loss_reg_y: 0.6980
12/27 21:36:04 - mmengine - INFO - Epoch(train) [16][1105/1544]  lr: 2.1125e-03  eta: 3 days, 0:24:16  time: 3.6979  data_time: 0.0026  memory: 19779  grad_norm: 26.4064  loss: 5.6162  loss_text: 0.9198  loss_center: 2.9384  loss_reg_x: 1.0308  loss_reg_y: 0.7272
12/27 21:36:23 - mmengine - INFO - Epoch(train) [16][1110/1544]  lr: 2.1125e-03  eta: 3 days, 0:23:35  time: 3.7089  data_time: 0.0027  memory: 19779  grad_norm: 30.0548  loss: 5.6295  loss_text: 0.9125  loss_center: 2.9351  loss_reg_x: 1.0539  loss_reg_y: 0.7281
12/27 21:36:41 - mmengine - INFO - Epoch(train) [16][1115/1544]  lr: 2.1125e-03  eta: 3 days, 0:21:49  time: 3.6338  data_time: 0.0026  memory: 19779  grad_norm: 27.5829  loss: 5.5244  loss_text: 0.8801  loss_center: 2.9413  loss_reg_x: 1.0469  loss_reg_y: 0.6561
12/27 21:36:59 - mmengine - INFO - Epoch(train) [16][1120/1544]  lr: 2.1125e-03  eta: 3 days, 0:20:55  time: 3.6116  data_time: 0.0028  memory: 19779  grad_norm: 25.6107  loss: 5.3303  loss_text: 0.8016  loss_center: 2.9280  loss_reg_x: 0.9690  loss_reg_y: 0.6317
12/27 21:37:18 - mmengine - INFO - Epoch(train) [16][1125/1544]  lr: 2.1125e-03  eta: 3 days, 0:20:40  time: 3.7605  data_time: 0.0028  memory: 19779  grad_norm: 22.9015  loss: 5.0801  loss_text: 0.7394  loss_center: 2.9191  loss_reg_x: 0.8536  loss_reg_y: 0.5679
12/27 21:37:36 - mmengine - INFO - Epoch(train) [16][1130/1544]  lr: 2.1125e-03  eta: 3 days, 0:18:41  time: 3.6520  data_time: 0.0026  memory: 19779  grad_norm: 24.6878  loss: 5.3492  loss_text: 0.8227  loss_center: 2.9542  loss_reg_x: 0.9700  loss_reg_y: 0.6023
12/27 21:37:54 - mmengine - INFO - Epoch(train) [16][1135/1544]  lr: 2.1125e-03  eta: 3 days, 0:18:15  time: 3.6316  data_time: 0.0028  memory: 19779  grad_norm: 25.6492  loss: 5.4584  loss_text: 0.8514  loss_center: 2.9565  loss_reg_x: 0.9770  loss_reg_y: 0.6735
12/27 21:38:13 - mmengine - INFO - Epoch(train) [16][1140/1544]  lr: 2.1125e-03  eta: 3 days, 0:17:12  time: 3.7225  data_time: 0.0029  memory: 19779  grad_norm: 21.1087  loss: 5.3326  loss_text: 0.8488  loss_center: 2.9361  loss_reg_x: 0.8524  loss_reg_y: 0.6953
12/27 21:38:35 - mmengine - INFO - Epoch(train) [16][1145/1544]  lr: 2.1125e-03  eta: 3 days, 0:19:37  time: 4.0100  data_time: 0.0029  memory: 19779  grad_norm: 20.7356  loss: 5.4105  loss_text: 0.8461  loss_center: 2.9387  loss_reg_x: 0.8836  loss_reg_y: 0.7421
12/27 21:38:52 - mmengine - INFO - Epoch(train) [16][1150/1544]  lr: 2.1125e-03  eta: 3 days, 0:17:40  time: 3.9193  data_time: 0.0028  memory: 19779  grad_norm: 21.6911  loss: 5.5572  loss_text: 0.8296  loss_center: 2.9476  loss_reg_x: 1.0323  loss_reg_y: 0.7477
12/27 21:39:11 - mmengine - INFO - Epoch(train) [16][1155/1544]  lr: 2.1125e-03  eta: 3 days, 0:17:22  time: 3.6468  data_time: 0.0025  memory: 19779  grad_norm: 24.5434  loss: 5.6448  loss_text: 0.8763  loss_center: 2.9475  loss_reg_x: 1.0823  loss_reg_y: 0.7387
12/27 21:39:31 - mmengine - INFO - Epoch(train) [16][1160/1544]  lr: 2.1125e-03  eta: 3 days, 0:17:33  time: 3.8621  data_time: 0.0025  memory: 19779  grad_norm: 22.7886  loss: 5.4320  loss_text: 0.8491  loss_center: 2.9364  loss_reg_x: 0.9001  loss_reg_y: 0.7464
12/27 21:39:49 - mmengine - INFO - Epoch(train) [16][1165/1544]  lr: 2.1125e-03  eta: 3 days, 0:16:12  time: 3.7541  data_time: 0.0025  memory: 19779  grad_norm: 21.4319  loss: 5.2454  loss_text: 0.8517  loss_center: 2.9252  loss_reg_x: 0.8190  loss_reg_y: 0.6494
12/27 21:40:07 - mmengine - INFO - Epoch(train) [16][1170/1544]  lr: 2.1125e-03  eta: 3 days, 0:15:20  time: 3.6465  data_time: 0.0026  memory: 19779  grad_norm: 23.9979  loss: 5.2382  loss_text: 0.8130  loss_center: 2.9332  loss_reg_x: 0.9247  loss_reg_y: 0.5673
12/27 21:40:24 - mmengine - INFO - Epoch(train) [16][1175/1544]  lr: 2.1125e-03  eta: 3 days, 0:12:57  time: 3.5394  data_time: 0.0027  memory: 19779  grad_norm: 22.6959  loss: 5.4389  loss_text: 0.7716  loss_center: 2.9448  loss_reg_x: 1.0798  loss_reg_y: 0.6427
12/27 21:40:43 - mmengine - INFO - Epoch(train) [16][1180/1544]  lr: 2.1125e-03  eta: 3 days, 0:12:27  time: 3.5745  data_time: 0.0026  memory: 19779  grad_norm: 20.2492  loss: 5.4332  loss_text: 0.7951  loss_center: 2.9506  loss_reg_x: 1.0411  loss_reg_y: 0.6465
12/27 21:41:00 - mmengine - INFO - Epoch(train) [16][1185/1544]  lr: 2.1125e-03  eta: 3 days, 0:10:37  time: 3.6292  data_time: 0.0025  memory: 19779  grad_norm: 22.9684  loss: 5.2901  loss_text: 0.7805  loss_center: 2.9505  loss_reg_x: 0.9576  loss_reg_y: 0.6015
12/27 21:41:18 - mmengine - INFO - Epoch(train) [16][1190/1544]  lr: 2.1125e-03  eta: 3 days, 0:09:30  time: 3.5650  data_time: 0.0026  memory: 19779  grad_norm: 24.3069  loss: 5.1892  loss_text: 0.7883  loss_center: 2.9339  loss_reg_x: 0.8500  loss_reg_y: 0.6170
12/27 21:41:36 - mmengine - INFO - Epoch(train) [16][1195/1544]  lr: 2.1125e-03  eta: 3 days, 0:08:02  time: 3.5993  data_time: 0.0027  memory: 19779  grad_norm: 24.8026  loss: 5.2422  loss_text: 0.7861  loss_center: 2.9281  loss_reg_x: 0.8553  loss_reg_y: 0.6726
12/27 21:41:52 - mmengine - INFO - Epoch(train) [16][1200/1544]  lr: 2.1125e-03  eta: 3 days, 0:05:02  time: 3.3984  data_time: 0.0026  memory: 19779  grad_norm: 25.0041  loss: 5.3382  loss_text: 0.7698  loss_center: 2.9302  loss_reg_x: 1.0033  loss_reg_y: 0.6349
12/27 21:42:10 - mmengine - INFO - Epoch(train) [16][1205/1544]  lr: 2.1125e-03  eta: 3 days, 0:03:35  time: 3.3988  data_time: 0.0024  memory: 19779  grad_norm: 23.9028  loss: 5.2491  loss_text: 0.7463  loss_center: 2.9265  loss_reg_x: 0.9934  loss_reg_y: 0.5829
12/27 21:42:32 - mmengine - INFO - Epoch(train) [16][1210/1544]  lr: 2.1125e-03  eta: 3 days, 0:05:40  time: 3.9353  data_time: 0.0025  memory: 19779  grad_norm: 22.1790  loss: 5.2070  loss_text: 0.7176  loss_center: 2.9353  loss_reg_x: 0.9306  loss_reg_y: 0.6235
12/27 21:42:50 - mmengine - INFO - Epoch(train) [16][1215/1544]  lr: 2.1125e-03  eta: 3 days, 0:04:12  time: 3.9330  data_time: 0.0025  memory: 19779  grad_norm: 26.2394  loss: 5.4392  loss_text: 0.7791  loss_center: 2.9349  loss_reg_x: 1.0064  loss_reg_y: 0.7188
12/27 21:43:08 - mmengine - INFO - Epoch(train) [16][1220/1544]  lr: 2.1125e-03  eta: 3 days, 0:03:13  time: 3.6068  data_time: 0.0025  memory: 19779  grad_norm: 29.1571  loss: 5.4689  loss_text: 0.8305  loss_center: 2.9345  loss_reg_x: 1.0195  loss_reg_y: 0.6844
12/27 21:43:25 - mmengine - INFO - Epoch(train) [16][1225/1544]  lr: 2.1125e-03  eta: 3 days, 0:01:36  time: 3.5889  data_time: 0.0024  memory: 19779  grad_norm: 24.2558  loss: 5.3499  loss_text: 0.8243  loss_center: 2.9385  loss_reg_x: 0.9570  loss_reg_y: 0.6302
12/27 21:43:44 - mmengine - INFO - Epoch(train) [16][1230/1544]  lr: 2.1125e-03  eta: 3 days, 0:00:43  time: 3.5998  data_time: 0.0024  memory: 19779  grad_norm: 23.1445  loss: 5.3377  loss_text: 0.8330  loss_center: 2.9294  loss_reg_x: 0.9272  loss_reg_y: 0.6481
12/27 21:44:03 - mmengine - INFO - Epoch(train) [16][1235/1544]  lr: 2.1125e-03  eta: 3 days, 0:00:21  time: 3.7332  data_time: 0.0024  memory: 19779  grad_norm: 28.7119  loss: 5.1697  loss_text: 0.7937  loss_center: 2.9248  loss_reg_x: 0.8532  loss_reg_y: 0.5981
12/27 21:44:22 - mmengine - INFO - Epoch(train) [16][1240/1544]  lr: 2.1125e-03  eta: 3 days, 0:00:20  time: 3.8249  data_time: 0.0024  memory: 19779  grad_norm: 27.1549  loss: 5.1236  loss_text: 0.7394  loss_center: 2.9224  loss_reg_x: 0.8353  loss_reg_y: 0.6265
12/27 21:44:39 - mmengine - INFO - Epoch(train) [16][1245/1544]  lr: 2.1125e-03  eta: 2 days, 23:58:26  time: 3.6572  data_time: 0.0025  memory: 19779  grad_norm: 22.5131  loss: 5.3002  loss_text: 0.7872  loss_center: 2.9423  loss_reg_x: 0.8910  loss_reg_y: 0.6797
12/27 21:44:58 - mmengine - INFO - Epoch(train) [16][1250/1544]  lr: 2.1125e-03  eta: 2 days, 23:57:28  time: 3.5534  data_time: 0.0024  memory: 19779  grad_norm: 23.4062  loss: 5.4711  loss_text: 0.8537  loss_center: 2.9532  loss_reg_x: 0.9795  loss_reg_y: 0.6848
12/27 21:45:16 - mmengine - INFO - Epoch(train) [16][1255/1544]  lr: 2.1125e-03  eta: 2 days, 23:56:17  time: 3.6299  data_time: 0.0024  memory: 19779  grad_norm: 22.9906  loss: 5.3687  loss_text: 0.7709  loss_center: 2.9458  loss_reg_x: 0.9721  loss_reg_y: 0.6799
12/27 21:45:33 - mmengine - INFO - Epoch(train) [16][1260/1544]  lr: 2.1125e-03  eta: 2 days, 23:54:02  time: 3.4861  data_time: 0.0023  memory: 19779  grad_norm: 20.0688  loss: 5.2114  loss_text: 0.7386  loss_center: 2.9381  loss_reg_x: 0.9182  loss_reg_y: 0.6165
12/27 21:45:51 - mmengine - INFO - Epoch(train) [16][1265/1544]  lr: 2.1125e-03  eta: 2 days, 23:53:09  time: 3.5173  data_time: 0.0024  memory: 19779  grad_norm: 23.3023  loss: 5.4211  loss_text: 0.8123  loss_center: 2.9315  loss_reg_x: 0.9905  loss_reg_y: 0.6868
12/27 21:46:07 - mmengine - INFO - Epoch(train) [16][1270/1544]  lr: 2.1125e-03  eta: 2 days, 23:50:43  time: 3.4948  data_time: 0.0025  memory: 19779  grad_norm: 24.3028  loss: 5.4386  loss_text: 0.8237  loss_center: 2.9344  loss_reg_x: 0.9414  loss_reg_y: 0.7390
12/27 21:46:25 - mmengine - INFO - Epoch(train) [16][1275/1544]  lr: 2.1125e-03  eta: 2 days, 23:49:35  time: 3.4642  data_time: 0.0025  memory: 19779  grad_norm: 18.4750  loss: 5.0682  loss_text: 0.7335  loss_center: 2.9392  loss_reg_x: 0.7535  loss_reg_y: 0.6419
12/27 21:46:43 - mmengine - INFO - Epoch(train) [16][1280/1544]  lr: 2.1125e-03  eta: 2 days, 23:48:09  time: 3.5741  data_time: 0.0024  memory: 19779  grad_norm: 18.1378  loss: 4.9518  loss_text: 0.6840  loss_center: 2.9467  loss_reg_x: 0.7441  loss_reg_y: 0.5770
12/27 21:47:02 - mmengine - INFO - Epoch(train) [16][1285/1544]  lr: 2.1125e-03  eta: 2 days, 23:47:43  time: 3.6524  data_time: 0.0027  memory: 19779  grad_norm: 31.1871  loss: 5.4391  loss_text: 0.8286  loss_center: 2.9467  loss_reg_x: 0.9517  loss_reg_y: 0.7121
12/27 21:47:20 - mmengine - INFO - Epoch(train) [16][1290/1544]  lr: 2.1125e-03  eta: 2 days, 23:46:55  time: 3.7211  data_time: 0.0026  memory: 19779  grad_norm: 30.7442  loss: 5.3895  loss_text: 0.7797  loss_center: 2.9312  loss_reg_x: 0.9369  loss_reg_y: 0.7418
12/27 21:47:40 - mmengine - INFO - Epoch(train) [16][1295/1544]  lr: 2.1125e-03  eta: 2 days, 23:47:18  time: 3.8136  data_time: 0.0026  memory: 19779  grad_norm: 17.6153  loss: 5.0459  loss_text: 0.7228  loss_center: 2.9169  loss_reg_x: 0.8355  loss_reg_y: 0.5707
12/27 21:48:00 - mmengine - INFO - Epoch(train) [16][1300/1544]  lr: 2.1125e-03  eta: 2 days, 23:47:49  time: 3.9645  data_time: 0.0029  memory: 19779  grad_norm: 22.9668  loss: 5.2831  loss_text: 0.7959  loss_center: 2.9308  loss_reg_x: 0.8978  loss_reg_y: 0.6587
12/27 21:48:18 - mmengine - INFO - Epoch(train) [16][1305/1544]  lr: 2.1125e-03  eta: 2 days, 23:46:45  time: 3.8010  data_time: 0.0027  memory: 19779  grad_norm: 23.9078  loss: 5.3502  loss_text: 0.7684  loss_center: 2.9473  loss_reg_x: 0.9064  loss_reg_y: 0.7281
12/27 21:48:37 - mmengine - INFO - Epoch(train) [16][1310/1544]  lr: 2.1125e-03  eta: 2 days, 23:45:55  time: 3.6445  data_time: 0.0027  memory: 19779  grad_norm: 23.4566  loss: 5.3950  loss_text: 0.7796  loss_center: 2.9489  loss_reg_x: 0.9683  loss_reg_y: 0.6982
12/27 21:48:57 - mmengine - INFO - Epoch(train) [16][1315/1544]  lr: 2.1125e-03  eta: 2 days, 23:46:44  time: 3.8615  data_time: 0.0029  memory: 19779  grad_norm: 25.9076  loss: 5.3435  loss_text: 0.7652  loss_center: 2.9381  loss_reg_x: 1.0131  loss_reg_y: 0.6271
12/27 21:49:15 - mmengine - INFO - Epoch(train) [16][1320/1544]  lr: 2.1125e-03  eta: 2 days, 23:45:49  time: 3.8528  data_time: 0.0027  memory: 19779  grad_norm: 24.9798  loss: 5.3281  loss_text: 0.7861  loss_center: 2.9409  loss_reg_x: 0.9958  loss_reg_y: 0.6053
12/27 21:49:33 - mmengine - INFO - Epoch(train) [16][1325/1544]  lr: 2.1125e-03  eta: 2 days, 23:44:28  time: 3.5987  data_time: 0.0026  memory: 19779  grad_norm: 32.2470  loss: 5.5038  loss_text: 0.8626  loss_center: 2.9510  loss_reg_x: 0.9934  loss_reg_y: 0.6969
12/27 21:49:52 - mmengine - INFO - Epoch(train) [16][1330/1544]  lr: 2.1125e-03  eta: 2 days, 23:44:33  time: 3.7163  data_time: 0.0026  memory: 19779  grad_norm: 32.5044  loss: 5.5729  loss_text: 0.9458  loss_center: 2.9489  loss_reg_x: 1.0052  loss_reg_y: 0.6731
12/27 21:50:09 - mmengine - INFO - Epoch(train) [16][1335/1544]  lr: 2.1125e-03  eta: 2 days, 23:42:18  time: 3.6094  data_time: 0.0026  memory: 19779  grad_norm: 21.4073  loss: 5.3700  loss_text: 0.8432  loss_center: 2.9446  loss_reg_x: 0.9632  loss_reg_y: 0.6190
12/27 21:50:28 - mmengine - INFO - Epoch(train) [16][1340/1544]  lr: 2.1125e-03  eta: 2 days, 23:42:03  time: 3.5686  data_time: 0.0025  memory: 19779  grad_norm: 22.7992  loss: 5.4100  loss_text: 0.7964  loss_center: 2.9436  loss_reg_x: 0.9989  loss_reg_y: 0.6711
12/27 21:50:50 - mmengine - INFO - Epoch(train) [16][1345/1544]  lr: 2.1125e-03  eta: 2 days, 23:44:34  time: 4.1321  data_time: 0.0026  memory: 19779  grad_norm: 24.0466  loss: 5.4605  loss_text: 0.8591  loss_center: 2.9489  loss_reg_x: 1.0098  loss_reg_y: 0.6427
12/27 21:51:08 - mmengine - INFO - Epoch(train) [16][1350/1544]  lr: 2.1125e-03  eta: 2 days, 23:43:28  time: 4.0310  data_time: 0.0029  memory: 19779  grad_norm: 22.4338  loss: 5.4286  loss_text: 0.8350  loss_center: 2.9427  loss_reg_x: 0.9882  loss_reg_y: 0.6628
12/27 21:51:27 - mmengine - INFO - Epoch(train) [16][1355/1544]  lr: 2.1125e-03  eta: 2 days, 23:42:52  time: 3.6628  data_time: 0.0028  memory: 19779  grad_norm: 23.6683  loss: 5.3786  loss_text: 0.7872  loss_center: 2.9461  loss_reg_x: 0.9150  loss_reg_y: 0.7302
12/27 21:51:46 - mmengine - INFO - Epoch(train) [16][1360/1544]  lr: 2.1125e-03  eta: 2 days, 23:42:52  time: 3.7939  data_time: 0.0026  memory: 19779  grad_norm: 22.0872  loss: 5.2371  loss_text: 0.7791  loss_center: 2.9524  loss_reg_x: 0.7752  loss_reg_y: 0.7304
12/27 21:52:05 - mmengine - INFO - Epoch(train) [16][1365/1544]  lr: 2.1125e-03  eta: 2 days, 23:42:41  time: 3.8436  data_time: 0.0033  memory: 19779  grad_norm: 24.5398  loss: 5.6671  loss_text: 0.9711  loss_center: 2.9435  loss_reg_x: 1.0004  loss_reg_y: 0.7520
12/27 21:52:24 - mmengine - INFO - Epoch(train) [16][1370/1544]  lr: 2.1125e-03  eta: 2 days, 23:41:54  time: 3.7502  data_time: 0.0033  memory: 19779  grad_norm: 26.5439  loss: 5.6752  loss_text: 0.9900  loss_center: 2.9383  loss_reg_x: 1.0582  loss_reg_y: 0.6888
12/27 21:52:44 - mmengine - INFO - Epoch(train) [16][1375/1544]  lr: 2.1125e-03  eta: 2 days, 23:43:03  time: 3.9109  data_time: 0.0029  memory: 19779  grad_norm: 27.9024  loss: 5.4488  loss_text: 0.8947  loss_center: 2.9444  loss_reg_x: 0.9581  loss_reg_y: 0.6516
12/27 21:53:01 - mmengine - INFO - Epoch(train) [16][1380/1544]  lr: 2.1125e-03  eta: 2 days, 23:40:55  time: 3.7471  data_time: 0.0030  memory: 19779  grad_norm: 29.5016  loss: 5.6303  loss_text: 0.8560  loss_center: 2.9464  loss_reg_x: 1.0197  loss_reg_y: 0.8082
12/27 21:53:19 - mmengine - INFO - Epoch(train) [16][1385/1544]  lr: 2.1125e-03  eta: 2 days, 23:40:01  time: 3.4974  data_time: 0.0027  memory: 19779  grad_norm: 23.2090  loss: 5.3319  loss_text: 0.8059  loss_center: 2.9245  loss_reg_x: 0.8937  loss_reg_y: 0.7078
12/27 21:53:36 - mmengine - INFO - Epoch(train) [16][1390/1544]  lr: 2.1125e-03  eta: 2 days, 23:37:41  time: 3.4694  data_time: 0.0030  memory: 19779  grad_norm: 19.8862  loss: 5.2263  loss_text: 0.7936  loss_center: 2.9235  loss_reg_x: 0.9109  loss_reg_y: 0.5982
12/27 21:53:55 - mmengine - INFO - Epoch(train) [16][1395/1544]  lr: 2.1125e-03  eta: 2 days, 23:37:12  time: 3.5213  data_time: 0.0031  memory: 19779  grad_norm: 24.8205  loss: 5.5278  loss_text: 0.8013  loss_center: 2.9505  loss_reg_x: 1.0801  loss_reg_y: 0.6959
12/27 21:54:13 - mmengine - INFO - Epoch(train) [16][1400/1544]  lr: 2.1125e-03  eta: 2 days, 23:36:50  time: 3.7614  data_time: 0.0025  memory: 19779  grad_norm: 27.1736  loss: 5.5353  loss_text: 0.8659  loss_center: 2.9477  loss_reg_x: 1.0061  loss_reg_y: 0.7156
12/27 21:54:32 - mmengine - INFO - Epoch(train) [16][1405/1544]  lr: 2.1125e-03  eta: 2 days, 23:36:05  time: 3.7272  data_time: 0.0024  memory: 19779  grad_norm: 23.5760  loss: 5.4210  loss_text: 0.8084  loss_center: 2.9370  loss_reg_x: 0.9011  loss_reg_y: 0.7744
12/27 21:54:51 - mmengine - INFO - Epoch(train) [16][1410/1544]  lr: 2.1125e-03  eta: 2 days, 23:36:03  time: 3.7666  data_time: 0.0027  memory: 19779  grad_norm: 20.6124  loss: 5.4886  loss_text: 0.7850  loss_center: 2.9334  loss_reg_x: 0.9433  loss_reg_y: 0.8270
12/27 21:55:12 - mmengine - INFO - Epoch(train) [16][1415/1544]  lr: 2.1125e-03  eta: 2 days, 23:37:06  time: 3.9910  data_time: 0.0028  memory: 19779  grad_norm: 22.3241  loss: 5.5383  loss_text: 0.8895  loss_center: 2.9400  loss_reg_x: 0.9478  loss_reg_y: 0.7611
