2025/12/21 18:00:47 - mmengine - INFO - 
------------------------------------------------------------
System environment:
    sys.platform: linux
    Python: 3.8.20 (default, Oct  3 2024, 15:24:27) [GCC 11.2.0]
    CUDA available: False
    MUSA available: False
    numpy_random_seed: 1216082335
    GCC: gcc (Ubuntu 9.4.0-1ubuntu1~20.04.2) 9.4.0
    PyTorch: 1.10.2+cu111
    PyTorch compiling details: PyTorch built with:
  - GCC 7.3
  - C++ Version: 201402
  - Intel(R) Math Kernel Library Version 2020.0.0 Product Build 20191122 for Intel(R) 64 architecture applications
  - Intel(R) MKL-DNN v2.2.3 (Git Hash 7336ca9f055cf1bfa13efb658fe15dc9b41f0740)
  - OpenMP 201511 (a.k.a. OpenMP 4.5)
  - LAPACK is enabled (usually provided by MKL)
  - NNPACK is enabled
  - CPU capability usage: AVX2
  - Build settings: BLAS_INFO=mkl, BUILD_TYPE=Release, CUDA_VERSION=11.1, CUDNN_VERSION=8.0.5, CXX_COMPILER=/opt/rh/devtoolset-7/root/usr/bin/c++, CXX_FLAGS= -Wno-deprecated -fvisibility-inlines-hidden -DUSE_PTHREADPOOL -fopenmp -DNDEBUG -DUSE_KINETO -DUSE_FBGEMM -DUSE_QNNPACK -DUSE_PYTORCH_QNNPACK -DUSE_XNNPACK -DSYMBOLICATE_MOBILE_DEBUG_HANDLE -DEDGE_PROFILER_USE_KINETO -O2 -fPIC -Wno-narrowing -Wall -Wextra -Werror=return-type -Wno-missing-field-initializers -Wno-type-limits -Wno-array-bounds -Wno-unknown-pragmas -Wno-sign-compare -Wno-unused-parameter -Wno-unused-variable -Wno-unused-function -Wno-unused-result -Wno-unused-local-typedefs -Wno-strict-overflow -Wno-strict-aliasing -Wno-error=deprecated-declarations -Wno-stringop-overflow -Wno-psabi -Wno-error=pedantic -Wno-error=redundant-decls -Wno-error=old-style-cast -fdiagnostics-color=always -faligned-new -Wno-unused-but-set-variable -Wno-maybe-uninitialized -fno-math-errno -fno-trapping-math -Werror=format -Wno-stringop-overflow, LAPACK_INFO=mkl, PERF_WITH_AVX=1, PERF_WITH_AVX2=1, PERF_WITH_AVX512=1, TORCH_VERSION=1.10.2, USE_CUDA=ON, USE_CUDNN=ON, USE_EXCEPTION_PTR=1, USE_GFLAGS=OFF, USE_GLOG=OFF, USE_MKL=ON, USE_MKLDNN=ON, USE_MPI=OFF, USE_NCCL=ON, USE_NNPACK=ON, USE_OPENMP=ON, 

    TorchVision: 0.11.3+cu111
    OpenCV: 4.12.0
    MMEngine: 0.10.7

Runtime environment:
    cudnn_benchmark: True
    mp_cfg: {'mp_start_method': 'fork', 'opencv_num_threads': 0}
    dist_cfg: {'backend': 'nccl'}
    seed: 1216082335
    Distributed launcher: none
    Distributed training: False
    GPU number: 1
------------------------------------------------------------

2025/12/21 18:00:48 - mmengine - INFO - Config:
auto_scale_lr = dict(base_batch_size=32, enable=True)
custom_hooks = [
    dict(
        min_delta=0.001,
        monitor='icdar/hmean',
        patience=12,
        rule='greater',
        type='EarlyStoppingHook'),
    dict(
        dataset_prefixes=dict(
            art='data/art_mmocr',
            rctw='data/rctw17_mmocr',
            rects='data/rects_mmocr'),
        enable=True,
        good_ratio=0.5,
        ignore_precision_thr=0.5,
        match_iou_thr=0.5,
        num_images=50,
        out_dir='vis_compare_auto',
        pred_score_thr=0.6,
        strategy='vanilla',
        type='TextDetCompareVisualizationHook'),
]
default_hooks = dict(
    checkpoint=dict(
        interval=3,
        max_keep_ckpts=3,
        rule='greater',
        save_best='icdar/hmean',
        type='CheckpointHook'),
    logger=dict(interval=5, type='LoggerHook'),
    param_scheduler=dict(type='ParamSchedulerHook'),
    sampler_seed=dict(type='DistSamplerSeedHook'),
    sync_buffer=dict(type='SyncBuffersHook'),
    timer=dict(type='IterTimerHook'),
    visualization=dict(
        draw_gt=False,
        draw_pred=False,
        enable=False,
        interval=1,
        show=False,
        type='VisualizationHook'))
default_scope = 'mmocr'
env_cfg = dict(
    cudnn_benchmark=True,
    dist_cfg=dict(backend='nccl'),
    mp_cfg=dict(mp_start_method='fork', opencv_num_threads=0))
launcher = 'none'
load_from = 'work_dirs/dbnetpp_r50_finetune_art_rctw_rects/best_icdar_hmean_epoch_69.pth'
log_level = 'INFO'
log_processor = dict(by_epoch=True, type='LogProcessor', window_size=10)
model = dict(
    backbone=dict(
        depth=50,
        frozen_stages=-1,
        init_cfg=dict(checkpoint='torchvision://resnet50', type='Pretrained'),
        norm_cfg=dict(requires_grad=True, type='BN'),
        norm_eval=True,
        num_stages=4,
        out_indices=(
            0,
            1,
            2,
            3,
        ),
        style='pytorch',
        type='mmdet.ResNet'),
    data_preprocessor=dict(
        bgr_to_rgb=True,
        mean=[
            123.675,
            116.28,
            103.53,
        ],
        pad_size_divisor=32,
        std=[
            58.395,
            57.12,
            57.375,
        ],
        type='TextDetDataPreprocessor'),
    det_head=dict(
        in_channels=256,
        module_loss=dict(type='DBModuleLoss'),
        postprocessor=dict(
            epsilon_ratio=0.002,
            text_repr_type='poly',
            type='DBPostprocessor',
            unclip_ratio=1.8),
        type='DBHead'),
    neck=dict(
        asf_cfg=dict(attention_type='ScaleChannelSpatial'),
        in_channels=[
            256,
            512,
            1024,
            2048,
        ],
        lateral_channels=256,
        type='FPNC'),
    type='DBNet')
optim_wrapper = dict(
    clip_grad=dict(max_norm=5, norm_type=2),
    loss_scale='dynamic',
    optimizer=dict(lr=0.0015, momentum=0.9, type='SGD', weight_decay=0.0001),
    type='AmpOptimWrapper')
param_scheduler = [
    dict(begin=0, by_epoch=True, end=2, start_factor=0.1, type='LinearLR'),
    dict(
        begin=2,
        by_epoch=True,
        end=200,
        eta_min=1e-07,
        power=0.9,
        type='PolyLR'),
]
randomness = dict(seed=None)
resume = False
test_cfg = dict(type='TestLoop')
test_dataloader = dict(
    batch_size=1,
    dataset=dict(
        datasets=[
            dict(
                ann_file='instances_val.json',
                data_root='data/art_mmocr',
                pipeline=None,
                test_mode=True,
                type='OCRDataset'),
            dict(
                ann_file='instances_val.json',
                data_root='data/rctw17_mmocr',
                pipeline=None,
                test_mode=True,
                type='OCRDataset'),
            dict(
                ann_file='instances_val.json',
                data_root='data/rects_mmocr',
                pipeline=None,
                test_mode=True,
                type='OCRDataset'),
        ],
        pipeline=[
            dict(
                color_type='color_ignore_orientation',
                type='LoadImageFromFile'),
            dict(keep_ratio=True, scale=(
                4068,
                1024,
            ), type='Resize'),
            dict(
                type='LoadOCRAnnotations',
                with_bbox=True,
                with_label=True,
                with_polygon=True),
            dict(
                meta_keys=(
                    'img_path',
                    'ori_shape',
                    'img_shape',
                    'scale_factor',
                    'instances',
                ),
                type='PackTextDetInputs'),
        ],
        type='ConcatDataset'),
    num_workers=4,
    persistent_workers=True,
    pin_memory=True,
    sampler=dict(shuffle=False, type='DefaultSampler'))
test_evaluator = [
    dict(
        dataset_prefixes=dict(
            art='data/art_mmocr',
            rctw='data/rctw17_mmocr',
            rects='data/rects_mmocr'),
        type='MultiDatasetHmeanIOUMetric'),
    dict(
        out_file_path=
        'work_dirs/cascade_refine/stage1_preds_smoke/best_icdar_hmean_epoch_69.pth_predictions.pkl',
        type='DumpResults'),
]
test_list = [
    dict(
        ann_file='instances_val.json',
        data_root='data/art_mmocr',
        pipeline=None,
        test_mode=True,
        type='OCRDataset'),
    dict(
        ann_file='instances_val.json',
        data_root='data/rctw17_mmocr',
        pipeline=None,
        test_mode=True,
        type='OCRDataset'),
    dict(
        ann_file='instances_val.json',
        data_root='data/rects_mmocr',
        pipeline=None,
        test_mode=True,
        type='OCRDataset'),
]
test_pipeline = [
    dict(color_type='color_ignore_orientation', type='LoadImageFromFile'),
    dict(keep_ratio=True, scale=(
        4068,
        1024,
    ), type='Resize'),
    dict(
        type='LoadOCRAnnotations',
        with_bbox=True,
        with_label=True,
        with_polygon=True),
    dict(
        meta_keys=(
            'img_path',
            'ori_shape',
            'img_shape',
            'scale_factor',
            'instances',
        ),
        type='PackTextDetInputs'),
]
textdet_art_data_root = 'data/art_mmocr'
textdet_art_rctw_rects_data_root = 'data/textdet_finetune_art_rctw_rects'
textdet_art_rctw_rects_test = dict(
    ann_file='instances_val.json',
    data_root='data/textdet_finetune_art_rctw_rects',
    pipeline=None,
    test_mode=True,
    type='OCRDataset')
textdet_art_rctw_rects_train = dict(
    ann_file='instances_train.json',
    data_root='data/textdet_finetune_art_rctw_rects',
    filter_cfg=dict(filter_empty_gt=True, min_size=32),
    pipeline=None,
    type='OCRDataset')
textdet_art_test = dict(
    ann_file='instances_val.json',
    data_root='data/art_mmocr',
    pipeline=None,
    test_mode=True,
    type='OCRDataset')
textdet_art_train = dict(
    ann_file='instances_train.json',
    data_root='data/art_mmocr',
    filter_cfg=dict(filter_empty_gt=True, min_size=32),
    pipeline=None,
    type='OCRDataset')
textdet_rctw_data_root = 'data/rctw17_mmocr'
textdet_rctw_test = dict(
    ann_file='instances_val.json',
    data_root='data/rctw17_mmocr',
    pipeline=None,
    test_mode=True,
    type='OCRDataset')
textdet_rctw_train = dict(
    ann_file='instances_train.json',
    data_root='data/rctw17_mmocr',
    filter_cfg=dict(filter_empty_gt=True, min_size=32),
    pipeline=None,
    type='OCRDataset')
textdet_rects_data_root = 'data/rects_mmocr'
textdet_rects_test = dict(
    ann_file='instances_val.json',
    data_root='data/rects_mmocr',
    pipeline=None,
    test_mode=True,
    type='OCRDataset')
textdet_rects_train = dict(
    ann_file='instances_train.json',
    data_root='data/rects_mmocr',
    filter_cfg=dict(filter_empty_gt=True, min_size=32),
    pipeline=None,
    type='OCRDataset')
train_cfg = dict(max_epochs=200, type='EpochBasedTrainLoop', val_interval=3)
train_dataloader = dict(
    batch_size=32,
    dataset=dict(
        datasets=[
            dict(
                ann_file='instances_train.json',
                data_root='data/art_mmocr',
                filter_cfg=dict(filter_empty_gt=True, min_size=32),
                pipeline=None,
                type='OCRDataset'),
            dict(
                ann_file='instances_train.json',
                data_root='data/rctw17_mmocr',
                filter_cfg=dict(filter_empty_gt=True, min_size=32),
                pipeline=None,
                type='OCRDataset'),
            dict(
                ann_file='instances_train.json',
                data_root='data/rects_mmocr',
                filter_cfg=dict(filter_empty_gt=True, min_size=32),
                pipeline=None,
                type='OCRDataset'),
        ],
        pipeline=[
            dict(
                color_type='color_ignore_orientation',
                type='LoadImageFromFile'),
            dict(
                type='LoadOCRAnnotations',
                with_bbox=True,
                with_label=True,
                with_polygon=True),
            dict(
                brightness=0.12549019607843137,
                op='ColorJitter',
                saturation=0.5,
                type='TorchVisionWrapper'),
            dict(
                args=[
                    [
                        'Fliplr',
                        0.5,
                    ],
                    dict(cls='Affine', rotate=[
                        -10,
                        10,
                    ]),
                    [
                        'Resize',
                        [
                            0.5,
                            3.0,
                        ],
                    ],
                ],
                type='ImgAugWrapper'),
            dict(min_side_ratio=0.1, type='RandomCrop'),
            dict(keep_ratio=True, scale=(
                640,
                640,
            ), type='Resize'),
            dict(size=(
                640,
                640,
            ), type='Pad'),
            dict(
                meta_keys=(
                    'img_path',
                    'ori_shape',
                    'img_shape',
                ),
                type='PackTextDetInputs'),
        ],
        type='ConcatDataset'),
    num_workers=8,
    persistent_workers=True,
    pin_memory=True,
    sampler=dict(shuffle=True, type='DefaultSampler'))
train_list = [
    dict(
        ann_file='instances_train.json',
        data_root='data/art_mmocr',
        filter_cfg=dict(filter_empty_gt=True, min_size=32),
        pipeline=None,
        type='OCRDataset'),
    dict(
        ann_file='instances_train.json',
        data_root='data/rctw17_mmocr',
        filter_cfg=dict(filter_empty_gt=True, min_size=32),
        pipeline=None,
        type='OCRDataset'),
    dict(
        ann_file='instances_train.json',
        data_root='data/rects_mmocr',
        filter_cfg=dict(filter_empty_gt=True, min_size=32),
        pipeline=None,
        type='OCRDataset'),
]
train_pipeline = [
    dict(color_type='color_ignore_orientation', type='LoadImageFromFile'),
    dict(
        type='LoadOCRAnnotations',
        with_bbox=True,
        with_label=True,
        with_polygon=True),
    dict(
        brightness=0.12549019607843137,
        op='ColorJitter',
        saturation=0.5,
        type='TorchVisionWrapper'),
    dict(
        args=[
            [
                'Fliplr',
                0.5,
            ],
            dict(cls='Affine', rotate=[
                -10,
                10,
            ]),
            [
                'Resize',
                [
                    0.5,
                    3.0,
                ],
            ],
        ],
        type='ImgAugWrapper'),
    dict(min_side_ratio=0.1, type='RandomCrop'),
    dict(keep_ratio=True, scale=(
        640,
        640,
    ), type='Resize'),
    dict(size=(
        640,
        640,
    ), type='Pad'),
    dict(
        meta_keys=(
            'img_path',
            'ori_shape',
            'img_shape',
        ),
        type='PackTextDetInputs'),
]
val_cfg = dict(type='ValLoop')
val_dataloader = dict(
    batch_size=1,
    dataset=dict(
        datasets=[
            dict(
                ann_file='instances_val_20.json',
                data_root='data/art_mmocr',
                pipeline=None,
                test_mode=True,
                type='OCRDataset'),
            dict(
                ann_file='instances_val_20.json',
                data_root='data/rctw17_mmocr',
                pipeline=None,
                test_mode=True,
                type='OCRDataset'),
            dict(
                ann_file='instances_val_20.json',
                data_root='data/rects_mmocr',
                pipeline=None,
                test_mode=True,
                type='OCRDataset'),
        ],
        pipeline=[
            dict(
                color_type='color_ignore_orientation',
                type='LoadImageFromFile'),
            dict(keep_ratio=True, scale=(
                4068,
                1024,
            ), type='Resize'),
            dict(
                type='LoadOCRAnnotations',
                with_bbox=True,
                with_label=True,
                with_polygon=True),
            dict(
                meta_keys=(
                    'img_path',
                    'ori_shape',
                    'img_shape',
                    'scale_factor',
                    'instances',
                ),
                type='PackTextDetInputs'),
        ],
        type='ConcatDataset'),
    num_workers=4,
    persistent_workers=True,
    pin_memory=True,
    sampler=dict(shuffle=False, type='DefaultSampler'))
val_evaluator = dict(
    dataset_prefixes=dict(
        art='data/art_mmocr',
        rctw='data/rctw17_mmocr',
        rects='data/rects_mmocr'),
    type='MultiDatasetHmeanIOUMetric')
vis_backends = [
    dict(type='LocalVisBackend'),
]
visualizer = dict(
    name='visualizer',
    type='TextDetLocalVisualizer',
    vis_backends=[
        dict(type='LocalVisBackend'),
    ])
work_dir = 'work_dirs/cascade_refine/stage1_preds_smoke'

2025/12/21 18:00:49 - mmengine - INFO - Distributed training is not used, all SyncBatchNorm (SyncBN) layers in the model will be automatically reverted to BatchNormXd layers if they are used.
2025/12/21 18:00:49 - mmengine - INFO - Hooks will be executed in the following order:
before_run:
(VERY_HIGH   ) RuntimeInfoHook                    
(BELOW_NORMAL) LoggerHook                         
(LOWEST      ) EarlyStoppingHook                  
 -------------------- 
before_train:
(VERY_HIGH   ) RuntimeInfoHook                    
(NORMAL      ) IterTimerHook                      
(VERY_LOW    ) CheckpointHook                     
 -------------------- 
before_train_epoch:
(VERY_HIGH   ) RuntimeInfoHook                    
(NORMAL      ) IterTimerHook                      
(NORMAL      ) DistSamplerSeedHook                
 -------------------- 
before_train_iter:
(VERY_HIGH   ) RuntimeInfoHook                    
(NORMAL      ) IterTimerHook                      
 -------------------- 
after_train_iter:
(VERY_HIGH   ) RuntimeInfoHook                    
(NORMAL      ) IterTimerHook                      
(BELOW_NORMAL) LoggerHook                         
(LOW         ) ParamSchedulerHook                 
(VERY_LOW    ) CheckpointHook                     
 -------------------- 
after_train_epoch:
(NORMAL      ) IterTimerHook                      
(NORMAL      ) SyncBuffersHook                    
(LOW         ) ParamSchedulerHook                 
(VERY_LOW    ) CheckpointHook                     
 -------------------- 
before_val:
(VERY_HIGH   ) RuntimeInfoHook                    
 -------------------- 
before_val_epoch:
(NORMAL      ) IterTimerHook                      
(NORMAL      ) SyncBuffersHook                    
(NORMAL      ) TextDetCompareVisualizationHook    
 -------------------- 
before_val_iter:
(NORMAL      ) IterTimerHook                      
 -------------------- 
after_val_iter:
(NORMAL      ) IterTimerHook                      
(NORMAL      ) VisualizationHook                  
(NORMAL      ) TextDetCompareVisualizationHook    
(BELOW_NORMAL) LoggerHook                         
 -------------------- 
after_val_epoch:
(VERY_HIGH   ) RuntimeInfoHook                    
(NORMAL      ) IterTimerHook                      
(NORMAL      ) TextDetCompareVisualizationHook    
(BELOW_NORMAL) LoggerHook                         
(LOW         ) ParamSchedulerHook                 
(VERY_LOW    ) CheckpointHook                     
(LOWEST      ) EarlyStoppingHook                  
 -------------------- 
after_val:
(VERY_HIGH   ) RuntimeInfoHook                    
 -------------------- 
after_train:
(VERY_HIGH   ) RuntimeInfoHook                    
(VERY_LOW    ) CheckpointHook                     
 -------------------- 
before_test:
(VERY_HIGH   ) RuntimeInfoHook                    
 -------------------- 
before_test_epoch:
(NORMAL      ) IterTimerHook                      
(NORMAL      ) TextDetCompareVisualizationHook    
 -------------------- 
before_test_iter:
(NORMAL      ) IterTimerHook                      
 -------------------- 
after_test_iter:
(NORMAL      ) IterTimerHook                      
(NORMAL      ) VisualizationHook                  
(NORMAL      ) TextDetCompareVisualizationHook    
(BELOW_NORMAL) LoggerHook                         
 -------------------- 
after_test_epoch:
(VERY_HIGH   ) RuntimeInfoHook                    
(NORMAL      ) IterTimerHook                      
(NORMAL      ) TextDetCompareVisualizationHook    
(BELOW_NORMAL) LoggerHook                         
 -------------------- 
after_test:
(VERY_HIGH   ) RuntimeInfoHook                    
 -------------------- 
after_run:
(BELOW_NORMAL) LoggerHook                         
 -------------------- 
2025/12/21 18:00:50 - mmengine - WARNING - The prefix is not set in metric class DumpResults.
2025/12/21 18:00:54 - mmengine - INFO - Load checkpoint from work_dirs/dbnetpp_r50_finetune_art_rctw_rects/best_icdar_hmean_epoch_69.pth
2025/12/21 18:01:28 - mmengine - INFO - Epoch(test) [   5/3363]    eta: 6:12:06  time: 6.6487  data_time: 0.0624  
2025/12/21 18:02:00 - mmengine - INFO - Epoch(test) [  10/3363]    eta: 6:04:32  time: 6.5234  data_time: 0.0699  
2025/12/21 18:02:29 - mmengine - INFO - Epoch(test) [  15/3363]    eta: 5:50:56  time: 6.1097  data_time: 0.0597  
2025/12/21 18:02:58 - mmengine - INFO - Epoch(test) [  20/3363]    eta: 5:43:49  time: 5.8188  data_time: 0.0372  
2025/12/21 18:03:33 - mmengine - INFO - Epoch(test) [  25/3363]    eta: 5:53:16  time: 6.4410  data_time: 0.0636  
2025/12/21 18:04:05 - mmengine - INFO - Epoch(test) [  30/3363]    eta: 5:53:09  time: 6.7304  data_time: 0.1283  
2025/12/21 18:04:35 - mmengine - INFO - Epoch(test) [  35/3363]    eta: 5:49:45  time: 6.1948  data_time: 0.0996  
2025/12/21 18:05:07 - mmengine - INFO - Epoch(test) [  40/3363]    eta: 5:49:31  time: 6.1712  data_time: 0.0322  
2025/12/21 18:05:39 - mmengine - INFO - Epoch(test) [  45/3363]    eta: 5:50:15  time: 6.4318  data_time: 0.0259  
2025/12/21 18:06:12 - mmengine - INFO - Epoch(test) [  50/3363]    eta: 5:50:05  time: 6.4572  data_time: 0.0203  
2025/12/21 18:06:50 - mmengine - INFO - Epoch(test) [  55/3363]    eta: 5:56:21  time: 7.0489  data_time: 0.0581  
2025/12/21 18:07:24 - mmengine - INFO - Epoch(test) [  60/3363]    eta: 5:57:12  time: 7.2322  data_time: 0.0636  
2025/12/21 18:07:55 - mmengine - INFO - Epoch(test) [  65/3363]    eta: 5:55:42  time: 6.5135  data_time: 0.0381  
2025/12/21 18:08:26 - mmengine - INFO - Epoch(test) [  70/3363]    eta: 5:54:28  time: 6.2786  data_time: 0.0337  
2025/12/21 18:08:54 - mmengine - INFO - Epoch(test) [  75/3363]    eta: 5:50:43  time: 5.9362  data_time: 0.0216  
2025/12/21 18:09:20 - mmengine - INFO - Epoch(test) [  80/3363]    eta: 5:45:52  time: 5.3574  data_time: 0.0194  
2025/12/21 18:10:00 - mmengine - INFO - Epoch(test) [  85/3363]    eta: 5:50:42  time: 6.5634  data_time: 0.1792  
2025/12/21 18:10:38 - mmengine - INFO - Epoch(test) [  90/3363]    eta: 5:53:39  time: 7.7802  data_time: 0.1808  
2025/12/21 18:11:05 - mmengine - INFO - Epoch(test) [  95/3363]    eta: 5:50:11  time: 6.5156  data_time: 0.0525  
2025/12/21 18:11:41 - mmengine - INFO - Epoch(test) [ 100/3363]    eta: 5:51:44  time: 6.3295  data_time: 0.0606  
2025/12/21 18:12:20 - mmengine - INFO - Epoch(test) [ 105/3363]    eta: 5:54:18  time: 7.4335  data_time: 0.0673  
2025/12/21 18:12:49 - mmengine - INFO - Epoch(test) [ 110/3363]    eta: 5:52:23  time: 6.8167  data_time: 0.0622  
2025/12/21 18:13:21 - mmengine - INFO - Epoch(test) [ 115/3363]    eta: 5:51:18  time: 6.1177  data_time: 0.0201  
2025/12/21 18:13:51 - mmengine - INFO - Epoch(test) [ 120/3363]    eta: 5:49:49  time: 6.1732  data_time: 0.0188  
2025/12/21 18:14:25 - mmengine - INFO - Epoch(test) [ 125/3363]    eta: 5:49:50  time: 6.4031  data_time: 0.0446  
2025/12/21 18:14:56 - mmengine - INFO - Epoch(test) [ 130/3363]    eta: 5:48:58  time: 6.5275  data_time: 0.0512  
2025/12/21 18:15:25 - mmengine - INFO - Epoch(test) [ 135/3363]    eta: 5:47:09  time: 6.0772  data_time: 0.0271  
2025/12/21 18:16:01 - mmengine - INFO - Epoch(test) [ 140/3363]    eta: 5:47:41  time: 6.4218  data_time: 0.0221  
2025/12/21 18:16:34 - mmengine - INFO - Epoch(test) [ 145/3363]    eta: 5:47:41  time: 6.8915  data_time: 0.0235  
2025/12/21 18:17:09 - mmengine - INFO - Epoch(test) [ 150/3363]    eta: 5:47:56  time: 6.8462  data_time: 0.0195  
2025/12/21 18:17:44 - mmengine - INFO - Epoch(test) [ 155/3363]    eta: 5:48:16  time: 6.9609  data_time: 0.0190  
2025/12/21 18:18:13 - mmengine - INFO - Epoch(test) [ 160/3363]    eta: 5:46:39  time: 6.4354  data_time: 0.0482  
2025/12/21 18:18:50 - mmengine - INFO - Epoch(test) [ 165/3363]    eta: 5:47:20  time: 6.5651  data_time: 0.2114  
2025/12/21 18:19:27 - mmengine - INFO - Epoch(test) [ 170/3363]    eta: 5:48:22  time: 7.3885  data_time: 0.1834  
2025/12/21 18:19:57 - mmengine - INFO - Epoch(test) [ 175/3363]    eta: 5:47:03  time: 6.7803  data_time: 0.0228  
2025/12/21 18:20:26 - mmengine - INFO - Epoch(test) [ 180/3363]    eta: 5:45:10  time: 5.8315  data_time: 0.0311  
2025/12/21 18:20:57 - mmengine - INFO - Epoch(test) [ 185/3363]    eta: 5:44:12  time: 5.9134  data_time: 0.0680  
2025/12/21 18:21:26 - mmengine - INFO - Epoch(test) [ 190/3363]    eta: 5:42:47  time: 6.0379  data_time: 0.0637  
2025/12/21 18:21:56 - mmengine - INFO - Epoch(test) [ 195/3363]    eta: 5:41:37  time: 5.9443  data_time: 0.0290  
2025/12/21 18:22:25 - mmengine - INFO - Epoch(test) [ 200/3363]    eta: 5:40:06  time: 5.8723  data_time: 0.0322  
2025/12/21 18:22:57 - mmengine - INFO - Epoch(test) [ 205/3363]    eta: 5:39:30  time: 6.0687  data_time: 0.0208  
2025/12/21 18:23:34 - mmengine - INFO - Epoch(test) [ 210/3363]    eta: 5:40:09  time: 6.9025  data_time: 0.0632  
2025/12/21 18:24:08 - mmengine - INFO - Epoch(test) [ 215/3363]    eta: 5:40:07  time: 7.1424  data_time: 0.0827  
2025/12/21 18:24:37 - mmengine - INFO - Epoch(test) [ 220/3363]    eta: 5:38:40  time: 6.3028  data_time: 0.0356  
2025/12/21 18:25:04 - mmengine - INFO - Epoch(test) [ 225/3363]    eta: 5:36:50  time: 5.5358  data_time: 0.0252  
2025/12/21 18:25:43 - mmengine - INFO - Epoch(test) [ 230/3363]    eta: 5:37:55  time: 6.6121  data_time: 0.0266  
2025/12/21 18:26:18 - mmengine - INFO - Epoch(test) [ 235/3363]    eta: 5:38:01  time: 7.4576  data_time: 0.0527  
2025/12/21 18:26:49 - mmengine - INFO - Epoch(test) [ 240/3363]    eta: 5:37:06  time: 6.5914  data_time: 0.0612  
2025/12/21 18:27:29 - mmengine - INFO - Epoch(test) [ 245/3363]    eta: 5:38:14  time: 7.0969  data_time: 0.1503  
2025/12/21 18:28:00 - mmengine - INFO - Epoch(test) [ 250/3363]    eta: 5:37:23  time: 7.1313  data_time: 0.1567  
2025/12/21 18:28:27 - mmengine - INFO - Epoch(test) [ 255/3363]    eta: 5:35:46  time: 5.8243  data_time: 0.0587  
2025/12/21 18:28:54 - mmengine - INFO - Epoch(test) [ 260/3363]    eta: 5:34:04  time: 5.3807  data_time: 0.0680  
2025/12/21 18:29:22 - mmengine - INFO - Epoch(test) [ 265/3363]    eta: 5:32:42  time: 5.4686  data_time: 0.0523  
2025/12/21 18:29:58 - mmengine - INFO - Epoch(test) [ 270/3363]    eta: 5:32:59  time: 6.4549  data_time: 0.0454  
2025/12/21 18:30:26 - mmengine - INFO - Epoch(test) [ 275/3363]    eta: 5:31:29  time: 6.3657  data_time: 0.0384  
2025/12/21 18:31:05 - mmengine - INFO - Epoch(test) [ 280/3363]    eta: 5:32:21  time: 6.7026  data_time: 0.0291  
2025/12/21 18:31:33 - mmengine - INFO - Epoch(test) [ 285/3363]    eta: 5:30:51  time: 6.6832  data_time: 0.0309  
2025/12/21 18:31:59 - mmengine - INFO - Epoch(test) [ 290/3363]    eta: 5:29:22  time: 5.3930  data_time: 0.0410  
2025/12/21 18:32:26 - mmengine - INFO - Epoch(test) [ 295/3363]    eta: 5:27:56  time: 5.3850  data_time: 0.0426  
2025/12/21 18:32:59 - mmengine - INFO - Epoch(test) [ 300/3363]    eta: 5:27:33  time: 5.9936  data_time: 0.0297  
2025/12/21 18:33:33 - mmengine - INFO - Epoch(test) [ 305/3363]    eta: 5:27:17  time: 6.6630  data_time: 0.0416  
2025/12/21 18:34:06 - mmengine - INFO - Epoch(test) [ 310/3363]    eta: 5:26:53  time: 6.6583  data_time: 0.0393  
2025/12/21 18:34:32 - mmengine - INFO - Epoch(test) [ 315/3363]    eta: 5:25:21  time: 5.8952  data_time: 0.0272  
2025/12/21 18:35:01 - mmengine - INFO - Epoch(test) [ 320/3363]    eta: 5:24:20  time: 5.4963  data_time: 0.0189  
2025/12/21 18:35:32 - mmengine - INFO - Epoch(test) [ 325/3363]    eta: 5:23:36  time: 5.9606  data_time: 0.0357  
2025/12/21 18:36:22 - mmengine - INFO - Epoch(test) [ 330/3363]    eta: 5:25:52  time: 8.0873  data_time: 0.9403  
2025/12/21 18:36:54 - mmengine - INFO - Epoch(test) [ 335/3363]    eta: 5:25:18  time: 8.2307  data_time: 0.9313  
2025/12/21 18:37:30 - mmengine - INFO - Epoch(test) [ 340/3363]    eta: 5:25:25  time: 6.8643  data_time: 0.0534  
2025/12/21 18:37:57 - mmengine - INFO - Epoch(test) [ 345/3363]    eta: 5:24:07  time: 6.3651  data_time: 0.0426  
2025/12/21 18:38:30 - mmengine - INFO - Epoch(test) [ 350/3363]    eta: 5:23:34  time: 5.9204  data_time: 0.0291  
2025/12/21 18:39:04 - mmengine - INFO - Epoch(test) [ 355/3363]    eta: 5:23:24  time: 6.6958  data_time: 0.0466  
2025/12/21 18:39:41 - mmengine - INFO - Epoch(test) [ 360/3363]    eta: 5:23:26  time: 7.1285  data_time: 0.0376  
2025/12/21 18:40:12 - mmengine - INFO - Epoch(test) [ 365/3363]    eta: 5:22:31  time: 6.5942  data_time: 0.0414  
2025/12/21 18:40:43 - mmengine - INFO - Epoch(test) [ 370/3363]    eta: 5:22:00  time: 6.1951  data_time: 0.1532  
2025/12/21 18:41:12 - mmengine - INFO - Epoch(test) [ 375/3363]    eta: 5:20:59  time: 6.1177  data_time: 0.1315  
2025/12/21 18:41:40 - mmengine - INFO - Epoch(test) [ 380/3363]    eta: 5:19:54  time: 5.6734  data_time: 0.0235  
2025/12/21 18:42:08 - mmengine - INFO - Epoch(test) [ 385/3363]    eta: 5:18:57  time: 5.6915  data_time: 0.0287  
2025/12/21 18:42:35 - mmengine - INFO - Epoch(test) [ 390/3363]    eta: 5:17:39  time: 5.5083  data_time: 0.0282  
2025/12/21 18:43:07 - mmengine - INFO - Epoch(test) [ 395/3363]    eta: 5:17:09  time: 5.8460  data_time: 0.0240  
2025/12/21 18:43:37 - mmengine - INFO - Epoch(test) [ 400/3363]    eta: 5:16:25  time: 6.2712  data_time: 0.0309  
2025/12/21 18:44:05 - mmengine - INFO - Epoch(test) [ 405/3363]    eta: 5:15:23  time: 5.8445  data_time: 0.0334  
2025/12/21 18:44:38 - mmengine - INFO - Epoch(test) [ 410/3363]    eta: 5:14:56  time: 6.0617  data_time: 0.0550  
2025/12/21 18:45:06 - mmengine - INFO - Epoch(test) [ 415/3363]    eta: 5:13:52  time: 6.0180  data_time: 0.0722  
2025/12/21 18:45:36 - mmengine - INFO - Epoch(test) [ 420/3363]    eta: 5:13:11  time: 5.8164  data_time: 0.0494  
2025/12/21 18:46:08 - mmengine - INFO - Epoch(test) [ 425/3363]    eta: 5:12:35  time: 6.1962  data_time: 0.0951  
2025/12/21 18:46:37 - mmengine - INFO - Epoch(test) [ 430/3363]    eta: 5:11:47  time: 6.0959  data_time: 0.0954  
2025/12/21 18:47:08 - mmengine - INFO - Epoch(test) [ 435/3363]    eta: 5:11:09  time: 6.0538  data_time: 0.0300  
2025/12/21 18:47:39 - mmengine - INFO - Epoch(test) [ 440/3363]    eta: 5:10:30  time: 6.1809  data_time: 0.0181  
2025/12/21 18:48:11 - mmengine - INFO - Epoch(test) [ 445/3363]    eta: 5:10:03  time: 6.3371  data_time: 0.0264  
2025/12/21 18:48:41 - mmengine - INFO - Epoch(test) [ 450/3363]    eta: 5:09:15  time: 6.1890  data_time: 0.0227  
2025/12/21 18:49:15 - mmengine - INFO - Epoch(test) [ 455/3363]    eta: 5:08:56  time: 6.3336  data_time: 0.0502  
2025/12/21 18:49:49 - mmengine - INFO - Epoch(test) [ 460/3363]    eta: 5:08:40  time: 6.8297  data_time: 0.0854  
2025/12/21 18:50:20 - mmengine - INFO - Epoch(test) [ 465/3363]    eta: 5:08:00  time: 6.4906  data_time: 0.0566  
2025/12/21 18:50:53 - mmengine - INFO - Epoch(test) [ 470/3363]    eta: 5:07:35  time: 6.3647  data_time: 0.0318  
2025/12/21 18:51:25 - mmengine - INFO - Epoch(test) [ 475/3363]    eta: 5:07:03  time: 6.4979  data_time: 0.0248  
2025/12/21 18:51:59 - mmengine - INFO - Epoch(test) [ 480/3363]    eta: 5:06:44  time: 6.5910  data_time: 0.0182  
2025/12/21 18:52:24 - mmengine - INFO - Epoch(test) [ 485/3363]    eta: 5:05:35  time: 5.9720  data_time: 0.0338  
2025/12/21 18:52:54 - mmengine - INFO - Epoch(test) [ 490/3363]    eta: 5:04:50  time: 5.5232  data_time: 0.0396  
2025/12/21 18:53:31 - mmengine - INFO - Epoch(test) [ 495/3363]    eta: 5:04:48  time: 6.6580  data_time: 0.0287  
2025/12/21 18:53:58 - mmengine - INFO - Epoch(test) [ 500/3363]    eta: 5:03:48  time: 6.3873  data_time: 0.0493  
2025/12/21 18:54:28 - mmengine - INFO - Epoch(test) [ 505/3363]    eta: 5:03:07  time: 5.7136  data_time: 0.0864  
2025/12/21 18:54:58 - mmengine - INFO - Epoch(test) [ 510/3363]    eta: 5:02:27  time: 6.0590  data_time: 0.0665  
2025/12/21 18:55:30 - mmengine - INFO - Epoch(test) [ 515/3363]    eta: 5:01:54  time: 6.1934  data_time: 0.0354  
2025/12/21 18:56:04 - mmengine - INFO - Epoch(test) [ 520/3363]    eta: 5:01:34  time: 6.5596  data_time: 0.0419  
2025/12/21 18:56:31 - mmengine - INFO - Epoch(test) [ 525/3363]    eta: 5:00:37  time: 6.1028  data_time: 0.0453  
2025/12/21 18:57:03 - mmengine - INFO - Epoch(test) [ 530/3363]    eta: 5:00:03  time: 5.8615  data_time: 0.0771  
2025/12/21 18:57:35 - mmengine - INFO - Epoch(test) [ 535/3363]    eta: 4:59:34  time: 6.3793  data_time: 0.0831  
2025/12/21 18:58:06 - mmengine - INFO - Epoch(test) [ 540/3363]    eta: 4:58:58  time: 6.3299  data_time: 0.0422  
2025/12/21 18:58:33 - mmengine - INFO - Epoch(test) [ 545/3363]    eta: 4:58:05  time: 5.8515  data_time: 0.0220  
2025/12/21 18:59:04 - mmengine - INFO - Epoch(test) [ 550/3363]    eta: 4:57:29  time: 5.8416  data_time: 0.0159  
2025/12/21 18:59:30 - mmengine - INFO - Epoch(test) [ 555/3363]    eta: 4:56:29  time: 5.7085  data_time: 0.0168  
2025/12/21 18:59:59 - mmengine - INFO - Epoch(test) [ 560/3363]    eta: 4:55:43  time: 5.5106  data_time: 0.0204  
2025/12/21 19:00:32 - mmengine - INFO - Epoch(test) [ 565/3363]    eta: 4:55:15  time: 6.1142  data_time: 0.0210  
2025/12/21 19:01:03 - mmengine - INFO - Epoch(test) [ 570/3363]    eta: 4:54:43  time: 6.3832  data_time: 0.0223  
2025/12/21 19:01:33 - mmengine - INFO - Epoch(test) [ 575/3363]    eta: 4:54:03  time: 6.1644  data_time: 0.0184  
2025/12/21 19:02:00 - mmengine - INFO - Epoch(test) [ 580/3363]    eta: 4:53:09  time: 5.6885  data_time: 0.0120  
2025/12/21 19:02:28 - mmengine - INFO - Epoch(test) [ 585/3363]    eta: 4:52:18  time: 5.4510  data_time: 0.0109  
2025/12/21 19:02:55 - mmengine - INFO - Epoch(test) [ 590/3363]    eta: 4:51:26  time: 5.4754  data_time: 0.0106  
2025/12/21 19:03:25 - mmengine - INFO - Epoch(test) [ 595/3363]    eta: 4:50:48  time: 5.7382  data_time: 0.0267  
2025/12/21 19:03:58 - mmengine - INFO - Epoch(test) [ 600/3363]    eta: 4:50:25  time: 6.3584  data_time: 0.0321  
2025/12/21 19:04:28 - mmengine - INFO - Epoch(test) [ 605/3363]    eta: 4:49:46  time: 6.3282  data_time: 0.0171  
2025/12/21 19:05:01 - mmengine - INFO - Epoch(test) [ 610/3363]    eta: 4:49:18  time: 6.2283  data_time: 0.0188  
2025/12/21 19:05:31 - mmengine - INFO - Epoch(test) [ 615/3363]    eta: 4:48:42  time: 6.2726  data_time: 0.0199  
2025/12/21 19:06:04 - mmengine - INFO - Epoch(test) [ 620/3363]    eta: 4:48:14  time: 6.2737  data_time: 0.0172  
2025/12/21 19:06:34 - mmengine - INFO - Epoch(test) [ 625/3363]    eta: 4:47:37  time: 6.2720  data_time: 0.0205  
2025/12/21 19:07:05 - mmengine - INFO - Epoch(test) [ 630/3363]    eta: 4:47:02  time: 6.1049  data_time: 0.0373  
2025/12/21 19:07:34 - mmengine - INFO - Epoch(test) [ 635/3363]    eta: 4:46:23  time: 6.0479  data_time: 0.0390  
2025/12/21 19:08:06 - mmengine - INFO - Epoch(test) [ 640/3363]    eta: 4:45:54  time: 6.1688  data_time: 0.0227  
2025/12/21 19:08:38 - mmengine - INFO - Epoch(test) [ 645/3363]    eta: 4:45:21  time: 6.3202  data_time: 0.0213  
2025/12/21 19:09:09 - mmengine - INFO - Epoch(test) [ 650/3363]    eta: 4:44:50  time: 6.2906  data_time: 0.0168  
2025/12/21 19:09:40 - mmengine - INFO - Epoch(test) [ 655/3363]    eta: 4:44:18  time: 6.2870  data_time: 0.0105  
2025/12/21 19:10:16 - mmengine - INFO - Epoch(test) [ 660/3363]    eta: 4:44:05  time: 6.7336  data_time: 0.0155  
2025/12/21 19:10:45 - mmengine - INFO - Epoch(test) [ 665/3363]    eta: 4:43:22  time: 6.4644  data_time: 0.0159  
2025/12/21 19:11:15 - mmengine - INFO - Epoch(test) [ 670/3363]    eta: 4:42:44  time: 5.8581  data_time: 0.0171  
2025/12/21 19:11:50 - mmengine - INFO - Epoch(test) [ 675/3363]    eta: 4:42:25  time: 6.4571  data_time: 0.0402  
2025/12/21 19:12:18 - mmengine - INFO - Epoch(test) [ 680/3363]    eta: 4:41:42  time: 6.3188  data_time: 0.0413  
2025/12/21 19:12:45 - mmengine - INFO - Epoch(test) [ 685/3363]    eta: 4:40:52  time: 5.5546  data_time: 0.0163  
2025/12/21 19:13:18 - mmengine - INFO - Epoch(test) [ 690/3363]    eta: 4:40:26  time: 5.9812  data_time: 0.0151  
2025/12/21 19:13:49 - mmengine - INFO - Epoch(test) [ 695/3363]    eta: 4:39:54  time: 6.4159  data_time: 0.0273  
2025/12/21 19:14:18 - mmengine - INFO - Epoch(test) [ 700/3363]    eta: 4:39:11  time: 5.9709  data_time: 0.0292  
2025/12/21 19:14:52 - mmengine - INFO - Epoch(test) [ 705/3363]    eta: 4:38:48  time: 6.2208  data_time: 0.0195  
2025/12/21 19:15:23 - mmengine - INFO - Epoch(test) [ 710/3363]    eta: 4:38:16  time: 6.4891  data_time: 0.0162  
2025/12/21 19:15:56 - mmengine - INFO - Epoch(test) [ 715/3363]    eta: 4:37:53  time: 6.4886  data_time: 0.0176  
2025/12/21 19:16:32 - mmengine - INFO - Epoch(test) [ 720/3363]    eta: 4:37:35  time: 6.9003  data_time: 0.0284  
2025/12/21 19:17:03 - mmengine - INFO - Epoch(test) [ 725/3363]    eta: 4:37:04  time: 6.6907  data_time: 0.0347  
2025/12/21 19:17:33 - mmengine - INFO - Epoch(test) [ 730/3363]    eta: 4:36:26  time: 6.1497  data_time: 0.0180  
2025/12/21 19:18:04 - mmengine - INFO - Epoch(test) [ 735/3363]    eta: 4:35:54  time: 6.1065  data_time: 0.0116  
2025/12/21 19:18:39 - mmengine - INFO - Epoch(test) [ 740/3363]    eta: 4:35:32  time: 6.5440  data_time: 0.0124  
2025/12/21 19:19:14 - mmengine - INFO - Epoch(test) [ 745/3363]    eta: 4:35:13  time: 6.9171  data_time: 0.0143  
2025/12/21 19:19:45 - mmengine - INFO - Epoch(test) [ 750/3363]    eta: 4:34:40  time: 6.6121  data_time: 0.0213  
2025/12/21 19:20:14 - mmengine - INFO - Epoch(test) [ 755/3363]    eta: 4:34:02  time: 6.0827  data_time: 0.0168  
2025/12/21 19:20:50 - mmengine - INFO - Epoch(test) [ 760/3363]    eta: 4:33:44  time: 6.5218  data_time: 0.0657  
2025/12/21 19:21:17 - mmengine - INFO - Epoch(test) [ 765/3363]    eta: 4:32:58  time: 6.2918  data_time: 0.0846  
2025/12/21 19:21:49 - mmengine - INFO - Epoch(test) [ 770/3363]    eta: 4:32:27  time: 5.8786  data_time: 0.0321  
2025/12/21 19:22:24 - mmengine - INFO - Epoch(test) [ 775/3363]    eta: 4:32:09  time: 6.7016  data_time: 0.0159  
2025/12/21 19:22:54 - mmengine - INFO - Epoch(test) [ 780/3363]    eta: 4:31:31  time: 6.5293  data_time: 0.0119  
2025/12/21 19:23:23 - mmengine - INFO - Epoch(test) [ 785/3363]    eta: 4:30:51  time: 5.8694  data_time: 0.0085  
2025/12/21 19:23:53 - mmengine - INFO - Epoch(test) [ 790/3363]    eta: 4:30:15  time: 5.9196  data_time: 0.0146  
2025/12/21 19:24:25 - mmengine - INFO - Epoch(test) [ 795/3363]    eta: 4:29:45  time: 6.2022  data_time: 0.0269  
2025/12/21 19:24:57 - mmengine - INFO - Epoch(test) [ 800/3363]    eta: 4:29:14  time: 6.3729  data_time: 0.0604  
2025/12/21 19:25:24 - mmengine - INFO - Epoch(test) [ 805/3363]    eta: 4:28:29  time: 5.9038  data_time: 0.0544  
2025/12/21 19:25:54 - mmengine - INFO - Epoch(test) [ 810/3363]    eta: 4:27:54  time: 5.7434  data_time: 0.0252  
2025/12/21 19:26:24 - mmengine - INFO - Epoch(test) [ 815/3363]    eta: 4:27:16  time: 5.9609  data_time: 0.0217  
2025/12/21 19:26:55 - mmengine - INFO - Epoch(test) [ 820/3363]    eta: 4:26:42  time: 6.0184  data_time: 0.0226  
2025/12/21 19:27:26 - mmengine - INFO - Epoch(test) [ 825/3363]    eta: 4:26:10  time: 6.1932  data_time: 0.0751  
2025/12/21 19:27:54 - mmengine - INFO - Epoch(test) [ 830/3363]    eta: 4:25:28  time: 5.9355  data_time: 0.0688  
2025/12/21 19:28:26 - mmengine - INFO - Epoch(test) [ 835/3363]    eta: 4:25:00  time: 6.0758  data_time: 0.0237  
2025/12/21 19:28:54 - mmengine - INFO - Epoch(test) [ 840/3363]    eta: 4:24:18  time: 6.0281  data_time: 0.0215  
2025/12/21 19:29:26 - mmengine - INFO - Epoch(test) [ 845/3363]    eta: 4:23:46  time: 5.9058  data_time: 0.0233  
2025/12/21 19:29:53 - mmengine - INFO - Epoch(test) [ 850/3363]    eta: 4:23:03  time: 5.8807  data_time: 0.0286  
2025/12/21 19:30:22 - mmengine - INFO - Epoch(test) [ 855/3363]    eta: 4:22:24  time: 5.6253  data_time: 0.0184  
2025/12/21 19:30:51 - mmengine - INFO - Epoch(test) [ 860/3363]    eta: 4:21:45  time: 5.7716  data_time: 0.0135  
